ARM GAS  /tmp/ccy5aBfD.s 			page 1


   1              		.cpu cortex-m4
   2              		.eabi_attribute 27, 1
   3              		.eabi_attribute 28, 1
   4              		.eabi_attribute 20, 1
   5              		.eabi_attribute 21, 1
   6              		.eabi_attribute 23, 3
   7              		.eabi_attribute 24, 1
   8              		.eabi_attribute 25, 1
   9              		.eabi_attribute 26, 1
  10              		.eabi_attribute 30, 1
  11              		.eabi_attribute 34, 1
  12              		.eabi_attribute 18, 4
  13              		.file	"gpio.c"
  14              		.text
  15              		.section	.text.MX_GPIO_Init,"ax",%progbits
  16              		.align	1
  17              		.global	MX_GPIO_Init
  18              		.arch armv7e-m
  19              		.syntax unified
  20              		.thumb
  21              		.thumb_func
  22              		.fpu fpv4-sp-d16
  24              	MX_GPIO_Init:
  25              		@ args = 0, pretend = 0, frame = 32
  26              		@ frame_needed = 0, uses_anonymous_args = 0
  27 0000 30B5     		push	{r4, r5, lr}
  28 0002 89B0     		sub	sp, sp, #36
  29 0004 0024     		movs	r4, #0
  30 0006 0394     		str	r4, [sp, #12]
  31 0008 0494     		str	r4, [sp, #16]
  32 000a 0594     		str	r4, [sp, #20]
  33 000c 0694     		str	r4, [sp, #24]
  34 000e 0794     		str	r4, [sp, #28]
  35 0010 0094     		str	r4, [sp]
  36 0012 194B     		ldr	r3, .L3
  37 0014 1A6B     		ldr	r2, [r3, #48]
  38 0016 42F08002 		orr	r2, r2, #128
  39 001a 1A63     		str	r2, [r3, #48]
  40 001c 1A6B     		ldr	r2, [r3, #48]
  41 001e 02F08002 		and	r2, r2, #128
  42 0022 0092     		str	r2, [sp]
  43 0024 009A     		ldr	r2, [sp]
  44 0026 0194     		str	r4, [sp, #4]
  45 0028 1A6B     		ldr	r2, [r3, #48]
  46 002a 42F01002 		orr	r2, r2, #16
  47 002e 1A63     		str	r2, [r3, #48]
  48 0030 1A6B     		ldr	r2, [r3, #48]
  49 0032 02F01002 		and	r2, r2, #16
  50 0036 0192     		str	r2, [sp, #4]
  51 0038 019A     		ldr	r2, [sp, #4]
  52 003a 0294     		str	r4, [sp, #8]
  53 003c 1A6B     		ldr	r2, [r3, #48]
  54 003e 42F00802 		orr	r2, r2, #8
  55 0042 1A63     		str	r2, [r3, #48]
  56 0044 1B6B     		ldr	r3, [r3, #48]
  57 0046 03F00803 		and	r3, r3, #8
  58 004a 0293     		str	r3, [sp, #8]
ARM GAS  /tmp/ccy5aBfD.s 			page 2


  59 004c 029B     		ldr	r3, [sp, #8]
  60 004e 0B4D     		ldr	r5, .L3+4
  61 0050 2246     		mov	r2, r4
  62 0052 4FF47041 		mov	r1, #61440
  63 0056 2846     		mov	r0, r5
  64 0058 FFF7FEFF 		bl	HAL_GPIO_WritePin
  65 005c 4FF47043 		mov	r3, #61440
  66 0060 0393     		str	r3, [sp, #12]
  67 0062 0123     		movs	r3, #1
  68 0064 0493     		str	r3, [sp, #16]
  69 0066 0594     		str	r4, [sp, #20]
  70 0068 0694     		str	r4, [sp, #24]
  71 006a 03A9     		add	r1, sp, #12
  72 006c 2846     		mov	r0, r5
  73 006e FFF7FEFF 		bl	HAL_GPIO_Init
  74 0072 09B0     		add	sp, sp, #36
  75              		@ sp needed
  76 0074 30BD     		pop	{r4, r5, pc}
  77              	.L4:
  78 0076 00BF     		.align	2
  79              	.L3:
  80 0078 00380240 		.word	1073887232
  81 007c 000C0240 		.word	1073875968
  83              		.ident	"GCC: (GNU Arm Embedded Toolchain 10.3-2021.07) 10.3.1 20210621 (release)"
ARM GAS  /tmp/ccy5aBfD.s 			page 3


DEFINED SYMBOLS
                            *ABS*:0000000000000000 gpio.c
     /tmp/ccy5aBfD.s:16     .text.MX_GPIO_Init:0000000000000000 $t
     /tmp/ccy5aBfD.s:24     .text.MX_GPIO_Init:0000000000000000 MX_GPIO_Init
     /tmp/ccy5aBfD.s:80     .text.MX_GPIO_Init:0000000000000078 $d

UNDEFINED SYMBOLS
HAL_GPIO_WritePin
HAL_GPIO_Init
