ARM GAS  /tmp/ccHo0job.s 			page 1


   1              		.cpu cortex-m4
   2              		.eabi_attribute 27, 1
   3              		.eabi_attribute 28, 1
   4              		.eabi_attribute 20, 1
   5              		.eabi_attribute 21, 1
   6              		.eabi_attribute 23, 3
   7              		.eabi_attribute 24, 1
   8              		.eabi_attribute 25, 1
   9              		.eabi_attribute 26, 1
  10              		.eabi_attribute 30, 1
  11              		.eabi_attribute 34, 1
  12              		.eabi_attribute 18, 4
  13              		.file	"stm32f4xx_hal_rcc.c"
  14              		.text
  15              		.section	.text.HAL_RCC_DeInit,"ax",%progbits
  16              		.align	1
  17              		.weak	HAL_RCC_DeInit
  18              		.arch armv7e-m
  19              		.syntax unified
  20              		.thumb
  21              		.thumb_func
  22              		.fpu fpv4-sp-d16
  24              	HAL_RCC_DeInit:
  25              		@ args = 0, pretend = 0, frame = 0
  26              		@ frame_needed = 0, uses_anonymous_args = 0
  27              		@ link register save eliminated.
  28 0000 0020     		movs	r0, #0
  29 0002 7047     		bx	lr
  31              		.section	.text.HAL_RCC_OscConfig,"ax",%progbits
  32              		.align	1
  33              		.weak	HAL_RCC_OscConfig
  34              		.syntax unified
  35              		.thumb
  36              		.thumb_func
  37              		.fpu fpv4-sp-d16
  39              	HAL_RCC_OscConfig:
  40              		@ args = 0, pretend = 0, frame = 8
  41              		@ frame_needed = 0, uses_anonymous_args = 0
  42 0000 0028     		cmp	r0, #0
  43 0002 00F0E081 		beq	.L52
  44 0006 70B5     		push	{r4, r5, r6, lr}
  45 0008 82B0     		sub	sp, sp, #8
  46 000a 0446     		mov	r4, r0
  47 000c 0368     		ldr	r3, [r0]
  48 000e 13F0010F 		tst	r3, #1
  49 0012 3BD0     		beq	.L4
  50 0014 9F4B     		ldr	r3, .L93
  51 0016 9B68     		ldr	r3, [r3, #8]
  52 0018 03F00C03 		and	r3, r3, #12
  53 001c 042B     		cmp	r3, #4
  54 001e 2CD0     		beq	.L5
  55 0020 9C4B     		ldr	r3, .L93
  56 0022 9B68     		ldr	r3, [r3, #8]
  57 0024 03F00C03 		and	r3, r3, #12
  58 0028 082B     		cmp	r3, #8
  59 002a 21D0     		beq	.L79
  60              	.L6:
ARM GAS  /tmp/ccHo0job.s 			page 2


  61 002c 6368     		ldr	r3, [r4, #4]
  62 002e B3F5803F 		cmp	r3, #65536
  63 0032 4FD0     		beq	.L80
  64 0034 B3F5A02F 		cmp	r3, #327680
  65 0038 52D0     		beq	.L81
  66 003a 964B     		ldr	r3, .L93
  67 003c 1A68     		ldr	r2, [r3]
  68 003e 22F48032 		bic	r2, r2, #65536
  69 0042 1A60     		str	r2, [r3]
  70 0044 1A68     		ldr	r2, [r3]
  71 0046 22F48022 		bic	r2, r2, #262144
  72 004a 1A60     		str	r2, [r3]
  73              	.L8:
  74 004c 6368     		ldr	r3, [r4, #4]
  75 004e 002B     		cmp	r3, #0
  76 0050 50D0     		beq	.L10
  77 0052 FFF7FEFF 		bl	HAL_GetTick
  78 0056 0546     		mov	r5, r0
  79              	.L11:
  80 0058 8E4B     		ldr	r3, .L93
  81 005a 1B68     		ldr	r3, [r3]
  82 005c 13F4003F 		tst	r3, #131072
  83 0060 14D1     		bne	.L4
  84 0062 FFF7FEFF 		bl	HAL_GetTick
  85 0066 401B     		subs	r0, r0, r5
  86 0068 6428     		cmp	r0, #100
  87 006a F5D9     		bls	.L11
  88 006c 0320     		movs	r0, #3
  89 006e B1E1     		b	.L3
  90              	.L79:
  91 0070 884B     		ldr	r3, .L93
  92 0072 5B68     		ldr	r3, [r3, #4]
  93 0074 13F4800F 		tst	r3, #4194304
  94 0078 D8D0     		beq	.L6
  95              	.L5:
  96 007a 864B     		ldr	r3, .L93
  97 007c 1B68     		ldr	r3, [r3]
  98 007e 13F4003F 		tst	r3, #131072
  99 0082 03D0     		beq	.L4
 100 0084 6368     		ldr	r3, [r4, #4]
 101 0086 002B     		cmp	r3, #0
 102 0088 00F09F81 		beq	.L82
 103              	.L4:
 104 008c 2368     		ldr	r3, [r4]
 105 008e 13F0020F 		tst	r3, #2
 106 0092 54D0     		beq	.L15
 107 0094 7F4B     		ldr	r3, .L93
 108 0096 9B68     		ldr	r3, [r3, #8]
 109 0098 13F00C0F 		tst	r3, #12
 110 009c 3ED0     		beq	.L16
 111 009e 7D4B     		ldr	r3, .L93
 112 00a0 9B68     		ldr	r3, [r3, #8]
 113 00a2 03F00C03 		and	r3, r3, #12
 114 00a6 082B     		cmp	r3, #8
 115 00a8 33D0     		beq	.L83
 116              	.L17:
 117 00aa E368     		ldr	r3, [r4, #12]
ARM GAS  /tmp/ccHo0job.s 			page 3


 118 00ac 002B     		cmp	r3, #0
 119 00ae 68D0     		beq	.L19
 120 00b0 794B     		ldr	r3, .L93+4
 121 00b2 0122     		movs	r2, #1
 122 00b4 1A60     		str	r2, [r3]
 123 00b6 FFF7FEFF 		bl	HAL_GetTick
 124 00ba 0546     		mov	r5, r0
 125              	.L20:
 126 00bc 754B     		ldr	r3, .L93
 127 00be 1B68     		ldr	r3, [r3]
 128 00c0 13F0020F 		tst	r3, #2
 129 00c4 54D1     		bne	.L84
 130 00c6 FFF7FEFF 		bl	HAL_GetTick
 131 00ca 401B     		subs	r0, r0, r5
 132 00cc 0228     		cmp	r0, #2
 133 00ce F5D9     		bls	.L20
 134 00d0 0320     		movs	r0, #3
 135 00d2 7FE1     		b	.L3
 136              	.L80:
 137 00d4 6F4A     		ldr	r2, .L93
 138 00d6 1368     		ldr	r3, [r2]
 139 00d8 43F48033 		orr	r3, r3, #65536
 140 00dc 1360     		str	r3, [r2]
 141 00de B5E7     		b	.L8
 142              	.L81:
 143 00e0 6C4B     		ldr	r3, .L93
 144 00e2 1A68     		ldr	r2, [r3]
 145 00e4 42F48022 		orr	r2, r2, #262144
 146 00e8 1A60     		str	r2, [r3]
 147 00ea 1A68     		ldr	r2, [r3]
 148 00ec 42F48032 		orr	r2, r2, #65536
 149 00f0 1A60     		str	r2, [r3]
 150 00f2 ABE7     		b	.L8
 151              	.L10:
 152 00f4 FFF7FEFF 		bl	HAL_GetTick
 153 00f8 0546     		mov	r5, r0
 154              	.L13:
 155 00fa 664B     		ldr	r3, .L93
 156 00fc 1B68     		ldr	r3, [r3]
 157 00fe 13F4003F 		tst	r3, #131072
 158 0102 C3D0     		beq	.L4
 159 0104 FFF7FEFF 		bl	HAL_GetTick
 160 0108 401B     		subs	r0, r0, r5
 161 010a 6428     		cmp	r0, #100
 162 010c F5D9     		bls	.L13
 163 010e 0320     		movs	r0, #3
 164 0110 60E1     		b	.L3
 165              	.L83:
 166 0112 604B     		ldr	r3, .L93
 167 0114 5B68     		ldr	r3, [r3, #4]
 168 0116 13F4800F 		tst	r3, #4194304
 169 011a C6D1     		bne	.L17
 170              	.L16:
 171 011c 5D4B     		ldr	r3, .L93
 172 011e 1B68     		ldr	r3, [r3]
 173 0120 13F0020F 		tst	r3, #2
 174 0124 03D0     		beq	.L18
ARM GAS  /tmp/ccHo0job.s 			page 4


 175 0126 E368     		ldr	r3, [r4, #12]
 176 0128 012B     		cmp	r3, #1
 177 012a 40F05081 		bne	.L56
 178              	.L18:
 179 012e 594A     		ldr	r2, .L93
 180 0130 1368     		ldr	r3, [r2]
 181 0132 23F0F803 		bic	r3, r3, #248
 182 0136 2169     		ldr	r1, [r4, #16]
 183 0138 43EAC103 		orr	r3, r3, r1, lsl #3
 184 013c 1360     		str	r3, [r2]
 185              	.L15:
 186 013e 2368     		ldr	r3, [r4]
 187 0140 13F0080F 		tst	r3, #8
 188 0144 42D0     		beq	.L24
 189 0146 6369     		ldr	r3, [r4, #20]
 190 0148 6BB3     		cbz	r3, .L25
 191 014a 534B     		ldr	r3, .L93+4
 192 014c 0122     		movs	r2, #1
 193 014e C3F8802E 		str	r2, [r3, #3712]
 194 0152 FFF7FEFF 		bl	HAL_GetTick
 195 0156 0546     		mov	r5, r0
 196              	.L26:
 197 0158 4E4B     		ldr	r3, .L93
 198 015a 5B6F     		ldr	r3, [r3, #116]
 199 015c 13F0020F 		tst	r3, #2
 200 0160 34D1     		bne	.L24
 201 0162 FFF7FEFF 		bl	HAL_GetTick
 202 0166 401B     		subs	r0, r0, r5
 203 0168 0228     		cmp	r0, #2
 204 016a F5D9     		bls	.L26
 205 016c 0320     		movs	r0, #3
 206 016e 31E1     		b	.L3
 207              	.L84:
 208 0170 484A     		ldr	r2, .L93
 209 0172 1368     		ldr	r3, [r2]
 210 0174 23F0F803 		bic	r3, r3, #248
 211 0178 2169     		ldr	r1, [r4, #16]
 212 017a 43EAC103 		orr	r3, r3, r1, lsl #3
 213 017e 1360     		str	r3, [r2]
 214 0180 DDE7     		b	.L15
 215              	.L19:
 216 0182 454B     		ldr	r3, .L93+4
 217 0184 0022     		movs	r2, #0
 218 0186 1A60     		str	r2, [r3]
 219 0188 FFF7FEFF 		bl	HAL_GetTick
 220 018c 0546     		mov	r5, r0
 221              	.L22:
 222 018e 414B     		ldr	r3, .L93
 223 0190 1B68     		ldr	r3, [r3]
 224 0192 13F0020F 		tst	r3, #2
 225 0196 D2D0     		beq	.L15
 226 0198 FFF7FEFF 		bl	HAL_GetTick
 227 019c 401B     		subs	r0, r0, r5
 228 019e 0228     		cmp	r0, #2
 229 01a0 F5D9     		bls	.L22
 230 01a2 0320     		movs	r0, #3
 231 01a4 16E1     		b	.L3
ARM GAS  /tmp/ccHo0job.s 			page 5


 232              	.L25:
 233 01a6 3C4B     		ldr	r3, .L93+4
 234 01a8 0022     		movs	r2, #0
 235 01aa C3F8802E 		str	r2, [r3, #3712]
 236 01ae FFF7FEFF 		bl	HAL_GetTick
 237 01b2 0546     		mov	r5, r0
 238              	.L28:
 239 01b4 374B     		ldr	r3, .L93
 240 01b6 5B6F     		ldr	r3, [r3, #116]
 241 01b8 13F0020F 		tst	r3, #2
 242 01bc 06D0     		beq	.L24
 243 01be FFF7FEFF 		bl	HAL_GetTick
 244 01c2 401B     		subs	r0, r0, r5
 245 01c4 0228     		cmp	r0, #2
 246 01c6 F5D9     		bls	.L28
 247 01c8 0320     		movs	r0, #3
 248 01ca 03E1     		b	.L3
 249              	.L24:
 250 01cc 2368     		ldr	r3, [r4]
 251 01ce 13F0040F 		tst	r3, #4
 252 01d2 77D0     		beq	.L30
 253 01d4 2F4B     		ldr	r3, .L93
 254 01d6 1B6C     		ldr	r3, [r3, #64]
 255 01d8 13F0805F 		tst	r3, #268435456
 256 01dc 33D1     		bne	.L61
 257 01de 0023     		movs	r3, #0
 258 01e0 0193     		str	r3, [sp, #4]
 259 01e2 2C4B     		ldr	r3, .L93
 260 01e4 1A6C     		ldr	r2, [r3, #64]
 261 01e6 42F08052 		orr	r2, r2, #268435456
 262 01ea 1A64     		str	r2, [r3, #64]
 263 01ec 1B6C     		ldr	r3, [r3, #64]
 264 01ee 03F08053 		and	r3, r3, #268435456
 265 01f2 0193     		str	r3, [sp, #4]
 266 01f4 019B     		ldr	r3, [sp, #4]
 267 01f6 0125     		movs	r5, #1
 268              	.L31:
 269 01f8 284B     		ldr	r3, .L93+8
 270 01fa 1B68     		ldr	r3, [r3]
 271 01fc 13F4807F 		tst	r3, #256
 272 0200 23D0     		beq	.L85
 273              	.L32:
 274 0202 A368     		ldr	r3, [r4, #8]
 275 0204 012B     		cmp	r3, #1
 276 0206 34D0     		beq	.L86
 277 0208 052B     		cmp	r3, #5
 278 020a 38D0     		beq	.L87
 279 020c 214B     		ldr	r3, .L93
 280 020e 1A6F     		ldr	r2, [r3, #112]
 281 0210 22F00102 		bic	r2, r2, #1
 282 0214 1A67     		str	r2, [r3, #112]
 283 0216 1A6F     		ldr	r2, [r3, #112]
 284 0218 22F00402 		bic	r2, r2, #4
 285 021c 1A67     		str	r2, [r3, #112]
 286              	.L36:
 287 021e A368     		ldr	r3, [r4, #8]
 288 0220 002B     		cmp	r3, #0
ARM GAS  /tmp/ccHo0job.s 			page 6


 289 0222 3DD0     		beq	.L38
 290 0224 FFF7FEFF 		bl	HAL_GetTick
 291 0228 0646     		mov	r6, r0
 292              	.L39:
 293 022a 1A4B     		ldr	r3, .L93
 294 022c 1B6F     		ldr	r3, [r3, #112]
 295 022e 13F0020F 		tst	r3, #2
 296 0232 46D1     		bne	.L41
 297 0234 FFF7FEFF 		bl	HAL_GetTick
 298 0238 801B     		subs	r0, r0, r6
 299 023a 41F28833 		movw	r3, #5000
 300 023e 9842     		cmp	r0, r3
 301 0240 F3D9     		bls	.L39
 302 0242 0320     		movs	r0, #3
 303 0244 C6E0     		b	.L3
 304              	.L61:
 305 0246 0025     		movs	r5, #0
 306 0248 D6E7     		b	.L31
 307              	.L85:
 308 024a 144A     		ldr	r2, .L93+8
 309 024c 1368     		ldr	r3, [r2]
 310 024e 43F48073 		orr	r3, r3, #256
 311 0252 1360     		str	r3, [r2]
 312 0254 FFF7FEFF 		bl	HAL_GetTick
 313 0258 0646     		mov	r6, r0
 314              	.L33:
 315 025a 104B     		ldr	r3, .L93+8
 316 025c 1B68     		ldr	r3, [r3]
 317 025e 13F4807F 		tst	r3, #256
 318 0262 CED1     		bne	.L32
 319 0264 FFF7FEFF 		bl	HAL_GetTick
 320 0268 801B     		subs	r0, r0, r6
 321 026a 0228     		cmp	r0, #2
 322 026c F5D9     		bls	.L33
 323 026e 0320     		movs	r0, #3
 324 0270 B0E0     		b	.L3
 325              	.L86:
 326 0272 084A     		ldr	r2, .L93
 327 0274 136F     		ldr	r3, [r2, #112]
 328 0276 43F00103 		orr	r3, r3, #1
 329 027a 1367     		str	r3, [r2, #112]
 330 027c CFE7     		b	.L36
 331              	.L87:
 332 027e 054B     		ldr	r3, .L93
 333 0280 1A6F     		ldr	r2, [r3, #112]
 334 0282 42F00402 		orr	r2, r2, #4
 335 0286 1A67     		str	r2, [r3, #112]
 336 0288 1A6F     		ldr	r2, [r3, #112]
 337 028a 42F00102 		orr	r2, r2, #1
 338 028e 1A67     		str	r2, [r3, #112]
 339 0290 C5E7     		b	.L36
 340              	.L94:
 341 0292 00BF     		.align	2
 342              	.L93:
 343 0294 00380240 		.word	1073887232
 344 0298 00004742 		.word	1111949312
 345 029c 00700040 		.word	1073770496
ARM GAS  /tmp/ccHo0job.s 			page 7


 346              	.L38:
 347 02a0 FFF7FEFF 		bl	HAL_GetTick
 348 02a4 0646     		mov	r6, r0
 349              	.L42:
 350 02a6 524B     		ldr	r3, .L95
 351 02a8 1B6F     		ldr	r3, [r3, #112]
 352 02aa 13F0020F 		tst	r3, #2
 353 02ae 08D0     		beq	.L41
 354 02b0 FFF7FEFF 		bl	HAL_GetTick
 355 02b4 801B     		subs	r0, r0, r6
 356 02b6 41F28833 		movw	r3, #5000
 357 02ba 9842     		cmp	r0, r3
 358 02bc F3D9     		bls	.L42
 359 02be 0320     		movs	r0, #3
 360 02c0 88E0     		b	.L3
 361              	.L41:
 362 02c2 EDB9     		cbnz	r5, .L88
 363              	.L30:
 364 02c4 A369     		ldr	r3, [r4, #24]
 365 02c6 002B     		cmp	r3, #0
 366 02c8 00F08380 		beq	.L65
 367 02cc 484A     		ldr	r2, .L95
 368 02ce 9268     		ldr	r2, [r2, #8]
 369 02d0 02F00C02 		and	r2, r2, #12
 370 02d4 082A     		cmp	r2, #8
 371 02d6 51D0     		beq	.L44
 372 02d8 022B     		cmp	r3, #2
 373 02da 17D0     		beq	.L89
 374 02dc 454B     		ldr	r3, .L95+4
 375 02de 0022     		movs	r2, #0
 376 02e0 1A66     		str	r2, [r3, #96]
 377 02e2 FFF7FEFF 		bl	HAL_GetTick
 378 02e6 0446     		mov	r4, r0
 379              	.L50:
 380 02e8 414B     		ldr	r3, .L95
 381 02ea 1B68     		ldr	r3, [r3]
 382 02ec 13F0007F 		tst	r3, #33554432
 383 02f0 42D0     		beq	.L90
 384 02f2 FFF7FEFF 		bl	HAL_GetTick
 385 02f6 001B     		subs	r0, r0, r4
 386 02f8 0228     		cmp	r0, #2
 387 02fa F5D9     		bls	.L50
 388 02fc 0320     		movs	r0, #3
 389 02fe 69E0     		b	.L3
 390              	.L88:
 391 0300 3B4A     		ldr	r2, .L95
 392 0302 136C     		ldr	r3, [r2, #64]
 393 0304 23F08053 		bic	r3, r3, #268435456
 394 0308 1364     		str	r3, [r2, #64]
 395 030a DBE7     		b	.L30
 396              	.L89:
 397 030c 394B     		ldr	r3, .L95+4
 398 030e 0022     		movs	r2, #0
 399 0310 1A66     		str	r2, [r3, #96]
 400 0312 FFF7FEFF 		bl	HAL_GetTick
 401 0316 0546     		mov	r5, r0
 402              	.L46:
ARM GAS  /tmp/ccHo0job.s 			page 8


 403 0318 354B     		ldr	r3, .L95
 404 031a 1B68     		ldr	r3, [r3]
 405 031c 13F0007F 		tst	r3, #33554432
 406 0320 06D0     		beq	.L91
 407 0322 FFF7FEFF 		bl	HAL_GetTick
 408 0326 401B     		subs	r0, r0, r5
 409 0328 0228     		cmp	r0, #2
 410 032a F5D9     		bls	.L46
 411 032c 0320     		movs	r0, #3
 412 032e 51E0     		b	.L3
 413              	.L91:
 414 0330 E369     		ldr	r3, [r4, #28]
 415 0332 226A     		ldr	r2, [r4, #32]
 416 0334 1343     		orrs	r3, r3, r2
 417 0336 626A     		ldr	r2, [r4, #36]
 418 0338 43EA8213 		orr	r3, r3, r2, lsl #6
 419 033c A26A     		ldr	r2, [r4, #40]
 420 033e 5208     		lsrs	r2, r2, #1
 421 0340 013A     		subs	r2, r2, #1
 422 0342 43EA0243 		orr	r3, r3, r2, lsl #16
 423 0346 E26A     		ldr	r2, [r4, #44]
 424 0348 43EA0263 		orr	r3, r3, r2, lsl #24
 425 034c 284A     		ldr	r2, .L95
 426 034e 5360     		str	r3, [r2, #4]
 427 0350 284B     		ldr	r3, .L95+4
 428 0352 0122     		movs	r2, #1
 429 0354 1A66     		str	r2, [r3, #96]
 430 0356 FFF7FEFF 		bl	HAL_GetTick
 431 035a 0446     		mov	r4, r0
 432              	.L48:
 433 035c 244B     		ldr	r3, .L95
 434 035e 1B68     		ldr	r3, [r3]
 435 0360 13F0007F 		tst	r3, #33554432
 436 0364 06D1     		bne	.L92
 437 0366 FFF7FEFF 		bl	HAL_GetTick
 438 036a 001B     		subs	r0, r0, r4
 439 036c 0228     		cmp	r0, #2
 440 036e F5D9     		bls	.L48
 441 0370 0320     		movs	r0, #3
 442 0372 2FE0     		b	.L3
 443              	.L92:
 444 0374 0020     		movs	r0, #0
 445 0376 2DE0     		b	.L3
 446              	.L90:
 447 0378 0020     		movs	r0, #0
 448 037a 2BE0     		b	.L3
 449              	.L44:
 450 037c 012B     		cmp	r3, #1
 451 037e 2BD0     		beq	.L69
 452 0380 1B4B     		ldr	r3, .L95
 453 0382 5B68     		ldr	r3, [r3, #4]
 454 0384 03F48001 		and	r1, r3, #4194304
 455 0388 E269     		ldr	r2, [r4, #28]
 456 038a 9142     		cmp	r1, r2
 457 038c 26D1     		bne	.L70
 458 038e 03F03F02 		and	r2, r3, #63
 459 0392 216A     		ldr	r1, [r4, #32]
ARM GAS  /tmp/ccHo0job.s 			page 9


 460 0394 8A42     		cmp	r2, r1
 461 0396 23D1     		bne	.L71
 462 0398 616A     		ldr	r1, [r4, #36]
 463 039a 47F6C072 		movw	r2, #32704
 464 039e 1A40     		ands	r2, r2, r3
 465 03a0 B2EB811F 		cmp	r2, r1, lsl #6
 466 03a4 1ED1     		bne	.L72
 467 03a6 03F44031 		and	r1, r3, #196608
 468 03aa A26A     		ldr	r2, [r4, #40]
 469 03ac 5208     		lsrs	r2, r2, #1
 470 03ae 013A     		subs	r2, r2, #1
 471 03b0 B1EB024F 		cmp	r1, r2, lsl #16
 472 03b4 18D1     		bne	.L73
 473 03b6 03F07063 		and	r3, r3, #251658240
 474 03ba E26A     		ldr	r2, [r4, #44]
 475 03bc B3EB026F 		cmp	r3, r2, lsl #24
 476 03c0 14D1     		bne	.L74
 477 03c2 0020     		movs	r0, #0
 478 03c4 06E0     		b	.L3
 479              	.L52:
 480 03c6 0120     		movs	r0, #1
 481 03c8 7047     		bx	lr
 482              	.L82:
 483 03ca 0120     		movs	r0, #1
 484 03cc 02E0     		b	.L3
 485              	.L56:
 486 03ce 0120     		movs	r0, #1
 487 03d0 00E0     		b	.L3
 488              	.L65:
 489 03d2 0020     		movs	r0, #0
 490              	.L3:
 491 03d4 02B0     		add	sp, sp, #8
 492              		@ sp needed
 493 03d6 70BD     		pop	{r4, r5, r6, pc}
 494              	.L69:
 495 03d8 0120     		movs	r0, #1
 496 03da FBE7     		b	.L3
 497              	.L70:
 498 03dc 0120     		movs	r0, #1
 499 03de F9E7     		b	.L3
 500              	.L71:
 501 03e0 0120     		movs	r0, #1
 502 03e2 F7E7     		b	.L3
 503              	.L72:
 504 03e4 0120     		movs	r0, #1
 505 03e6 F5E7     		b	.L3
 506              	.L73:
 507 03e8 0120     		movs	r0, #1
 508 03ea F3E7     		b	.L3
 509              	.L74:
 510 03ec 0120     		movs	r0, #1
 511 03ee F1E7     		b	.L3
 512              	.L96:
 513              		.align	2
 514              	.L95:
 515 03f0 00380240 		.word	1073887232
 516 03f4 00004742 		.word	1111949312
ARM GAS  /tmp/ccHo0job.s 			page 10


 518              		.section	.text.HAL_RCC_MCOConfig,"ax",%progbits
 519              		.align	1
 520              		.global	HAL_RCC_MCOConfig
 521              		.syntax unified
 522              		.thumb
 523              		.thumb_func
 524              		.fpu fpv4-sp-d16
 526              	HAL_RCC_MCOConfig:
 527              		@ args = 0, pretend = 0, frame = 32
 528              		@ frame_needed = 0, uses_anonymous_args = 0
 529 0000 70B5     		push	{r4, r5, r6, lr}
 530 0002 88B0     		sub	sp, sp, #32
 531 0004 0C46     		mov	r4, r1
 532 0006 1546     		mov	r5, r2
 533 0008 00BB     		cbnz	r0, .L98
 534 000a 0023     		movs	r3, #0
 535 000c 0193     		str	r3, [sp, #4]
 536 000e 204E     		ldr	r6, .L101
 537 0010 326B     		ldr	r2, [r6, #48]
 538 0012 42F00102 		orr	r2, r2, #1
 539 0016 3263     		str	r2, [r6, #48]
 540 0018 326B     		ldr	r2, [r6, #48]
 541 001a 02F00102 		and	r2, r2, #1
 542 001e 0192     		str	r2, [sp, #4]
 543 0020 019A     		ldr	r2, [sp, #4]
 544 0022 4FF48072 		mov	r2, #256
 545 0026 0392     		str	r2, [sp, #12]
 546 0028 0222     		movs	r2, #2
 547 002a 0492     		str	r2, [sp, #16]
 548 002c 0322     		movs	r2, #3
 549 002e 0692     		str	r2, [sp, #24]
 550 0030 0593     		str	r3, [sp, #20]
 551 0032 0793     		str	r3, [sp, #28]
 552 0034 03A9     		add	r1, sp, #12
 553 0036 1748     		ldr	r0, .L101+4
 554 0038 FFF7FEFF 		bl	HAL_GPIO_Init
 555 003c B368     		ldr	r3, [r6, #8]
 556 003e 23F0EC63 		bic	r3, r3, #123731968
 557 0042 2543     		orrs	r5, r5, r4
 558 0044 1D43     		orrs	r5, r5, r3
 559 0046 B560     		str	r5, [r6, #8]
 560              	.L97:
 561 0048 08B0     		add	sp, sp, #32
 562              		@ sp needed
 563 004a 70BD     		pop	{r4, r5, r6, pc}
 564              	.L98:
 565 004c 0023     		movs	r3, #0
 566 004e 0293     		str	r3, [sp, #8]
 567 0050 0F4E     		ldr	r6, .L101
 568 0052 326B     		ldr	r2, [r6, #48]
 569 0054 42F00402 		orr	r2, r2, #4
 570 0058 3263     		str	r2, [r6, #48]
 571 005a 326B     		ldr	r2, [r6, #48]
 572 005c 02F00402 		and	r2, r2, #4
 573 0060 0292     		str	r2, [sp, #8]
 574 0062 029A     		ldr	r2, [sp, #8]
 575 0064 4FF40072 		mov	r2, #512
ARM GAS  /tmp/ccHo0job.s 			page 11


 576 0068 0392     		str	r2, [sp, #12]
 577 006a 0222     		movs	r2, #2
 578 006c 0492     		str	r2, [sp, #16]
 579 006e 0322     		movs	r2, #3
 580 0070 0692     		str	r2, [sp, #24]
 581 0072 0593     		str	r3, [sp, #20]
 582 0074 0793     		str	r3, [sp, #28]
 583 0076 03A9     		add	r1, sp, #12
 584 0078 0748     		ldr	r0, .L101+8
 585 007a FFF7FEFF 		bl	HAL_GPIO_Init
 586 007e B368     		ldr	r3, [r6, #8]
 587 0080 23F07843 		bic	r3, r3, #-134217728
 588 0084 44EAC504 		orr	r4, r4, r5, lsl #3
 589 0088 1C43     		orrs	r4, r4, r3
 590 008a B460     		str	r4, [r6, #8]
 591 008c DCE7     		b	.L97
 592              	.L102:
 593 008e 00BF     		.align	2
 594              	.L101:
 595 0090 00380240 		.word	1073887232
 596 0094 00000240 		.word	1073872896
 597 0098 00080240 		.word	1073874944
 599              		.section	.text.HAL_RCC_EnableCSS,"ax",%progbits
 600              		.align	1
 601              		.global	HAL_RCC_EnableCSS
 602              		.syntax unified
 603              		.thumb
 604              		.thumb_func
 605              		.fpu fpv4-sp-d16
 607              	HAL_RCC_EnableCSS:
 608              		@ args = 0, pretend = 0, frame = 0
 609              		@ frame_needed = 0, uses_anonymous_args = 0
 610              		@ link register save eliminated.
 611 0000 014B     		ldr	r3, .L104
 612 0002 0122     		movs	r2, #1
 613 0004 DA64     		str	r2, [r3, #76]
 614 0006 7047     		bx	lr
 615              	.L105:
 616              		.align	2
 617              	.L104:
 618 0008 00004742 		.word	1111949312
 620              		.section	.text.HAL_RCC_DisableCSS,"ax",%progbits
 621              		.align	1
 622              		.global	HAL_RCC_DisableCSS
 623              		.syntax unified
 624              		.thumb
 625              		.thumb_func
 626              		.fpu fpv4-sp-d16
 628              	HAL_RCC_DisableCSS:
 629              		@ args = 0, pretend = 0, frame = 0
 630              		@ frame_needed = 0, uses_anonymous_args = 0
 631              		@ link register save eliminated.
 632 0000 014B     		ldr	r3, .L107
 633 0002 0022     		movs	r2, #0
 634 0004 DA64     		str	r2, [r3, #76]
 635 0006 7047     		bx	lr
 636              	.L108:
ARM GAS  /tmp/ccHo0job.s 			page 12


 637              		.align	2
 638              	.L107:
 639 0008 00004742 		.word	1111949312
 641              		.global	__aeabi_uldivmod
 642              		.section	.text.HAL_RCC_GetSysClockFreq,"ax",%progbits
 643              		.align	1
 644              		.weak	HAL_RCC_GetSysClockFreq
 645              		.syntax unified
 646              		.thumb
 647              		.thumb_func
 648              		.fpu fpv4-sp-d16
 650              	HAL_RCC_GetSysClockFreq:
 651              		@ args = 0, pretend = 0, frame = 0
 652              		@ frame_needed = 0, uses_anonymous_args = 0
 653 0000 08B5     		push	{r3, lr}
 654 0002 314B     		ldr	r3, .L116
 655 0004 9B68     		ldr	r3, [r3, #8]
 656 0006 03F00C03 		and	r3, r3, #12
 657 000a 042B     		cmp	r3, #4
 658 000c 57D0     		beq	.L113
 659 000e 082B     		cmp	r3, #8
 660 0010 57D1     		bne	.L114
 661 0012 2D4B     		ldr	r3, .L116
 662 0014 5A68     		ldr	r2, [r3, #4]
 663 0016 02F03F02 		and	r2, r2, #63
 664 001a 5B68     		ldr	r3, [r3, #4]
 665 001c 13F4800F 		tst	r3, #4194304
 666 0020 2AD0     		beq	.L111
 667 0022 294B     		ldr	r3, .L116
 668 0024 5968     		ldr	r1, [r3, #4]
 669 0026 C1F3881C 		ubfx	ip, r1, #6, #9
 670 002a 4FEA4C11 		lsl	r1, ip, #5
 671 002e B1EB0C00 		subs	r0, r1, ip
 672 0032 6EEB0E0E 		sbc	lr, lr, lr
 673 0036 4FEA8E13 		lsl	r3, lr, #6
 674 003a 43EA9063 		orr	r3, r3, r0, lsr #26
 675 003e 8101     		lsls	r1, r0, #6
 676 0040 091A     		subs	r1, r1, r0
 677 0042 63EB0E03 		sbc	r3, r3, lr
 678 0046 DB00     		lsls	r3, r3, #3
 679 0048 43EA5173 		orr	r3, r3, r1, lsr #29
 680 004c C900     		lsls	r1, r1, #3
 681 004e 11EB0C0C 		adds	ip, r1, ip
 682 0052 43F10003 		adc	r3, r3, #0
 683 0056 5902     		lsls	r1, r3, #9
 684 0058 0023     		movs	r3, #0
 685 005a 4FEA4C20 		lsl	r0, ip, #9
 686 005e 41EADC51 		orr	r1, r1, ip, lsr #23
 687 0062 FFF7FEFF 		bl	__aeabi_uldivmod
 688              	.L112:
 689 0066 184B     		ldr	r3, .L116
 690 0068 5B68     		ldr	r3, [r3, #4]
 691 006a C3F30143 		ubfx	r3, r3, #16, #2
 692 006e 0133     		adds	r3, r3, #1
 693 0070 5B00     		lsls	r3, r3, #1
 694 0072 B0FBF3F0 		udiv	r0, r0, r3
 695 0076 25E0     		b	.L109
ARM GAS  /tmp/ccHo0job.s 			page 13


 696              	.L111:
 697 0078 134B     		ldr	r3, .L116
 698 007a 5968     		ldr	r1, [r3, #4]
 699 007c C1F3881C 		ubfx	ip, r1, #6, #9
 700 0080 4FEA4C11 		lsl	r1, ip, #5
 701 0084 B1EB0C00 		subs	r0, r1, ip
 702 0088 6EEB0E0E 		sbc	lr, lr, lr
 703 008c 4FEA8E13 		lsl	r3, lr, #6
 704 0090 43EA9063 		orr	r3, r3, r0, lsr #26
 705 0094 8101     		lsls	r1, r0, #6
 706 0096 091A     		subs	r1, r1, r0
 707 0098 63EB0E03 		sbc	r3, r3, lr
 708 009c DB00     		lsls	r3, r3, #3
 709 009e 43EA5173 		orr	r3, r3, r1, lsr #29
 710 00a2 C900     		lsls	r1, r1, #3
 711 00a4 11EB0C0C 		adds	ip, r1, ip
 712 00a8 43F10003 		adc	r3, r3, #0
 713 00ac 9902     		lsls	r1, r3, #10
 714 00ae 0023     		movs	r3, #0
 715 00b0 4FEA8C20 		lsl	r0, ip, #10
 716 00b4 41EA9C51 		orr	r1, r1, ip, lsr #22
 717 00b8 FFF7FEFF 		bl	__aeabi_uldivmod
 718 00bc D3E7     		b	.L112
 719              	.L113:
 720 00be 0348     		ldr	r0, .L116+4
 721 00c0 00E0     		b	.L109
 722              	.L114:
 723 00c2 0348     		ldr	r0, .L116+8
 724              	.L109:
 725 00c4 08BD     		pop	{r3, pc}
 726              	.L117:
 727 00c6 00BF     		.align	2
 728              	.L116:
 729 00c8 00380240 		.word	1073887232
 730 00cc 00127A00 		.word	8000000
 731 00d0 0024F400 		.word	16000000
 733              		.section	.text.HAL_RCC_ClockConfig,"ax",%progbits
 734              		.align	1
 735              		.global	HAL_RCC_ClockConfig
 736              		.syntax unified
 737              		.thumb
 738              		.thumb_func
 739              		.fpu fpv4-sp-d16
 741              	HAL_RCC_ClockConfig:
 742              		@ args = 0, pretend = 0, frame = 0
 743              		@ frame_needed = 0, uses_anonymous_args = 0
 744 0000 0028     		cmp	r0, #0
 745 0002 00F09B80 		beq	.L133
 746 0006 70B5     		push	{r4, r5, r6, lr}
 747 0008 0D46     		mov	r5, r1
 748 000a 0446     		mov	r4, r0
 749 000c 4F4B     		ldr	r3, .L146
 750 000e 1B68     		ldr	r3, [r3]
 751 0010 03F00703 		and	r3, r3, #7
 752 0014 8B42     		cmp	r3, r1
 753 0016 08D2     		bcs	.L120
 754 0018 CBB2     		uxtb	r3, r1
ARM GAS  /tmp/ccHo0job.s 			page 14


 755 001a 4C4A     		ldr	r2, .L146
 756 001c 1370     		strb	r3, [r2]
 757 001e 1368     		ldr	r3, [r2]
 758 0020 03F00703 		and	r3, r3, #7
 759 0024 8B42     		cmp	r3, r1
 760 0026 40F08B80 		bne	.L134
 761              	.L120:
 762 002a 2368     		ldr	r3, [r4]
 763 002c 13F0020F 		tst	r3, #2
 764 0030 17D0     		beq	.L121
 765 0032 13F0040F 		tst	r3, #4
 766 0036 04D0     		beq	.L122
 767 0038 454A     		ldr	r2, .L146+4
 768 003a 9368     		ldr	r3, [r2, #8]
 769 003c 43F4E053 		orr	r3, r3, #7168
 770 0040 9360     		str	r3, [r2, #8]
 771              	.L122:
 772 0042 2368     		ldr	r3, [r4]
 773 0044 13F0080F 		tst	r3, #8
 774 0048 04D0     		beq	.L123
 775 004a 414A     		ldr	r2, .L146+4
 776 004c 9368     		ldr	r3, [r2, #8]
 777 004e 43F46043 		orr	r3, r3, #57344
 778 0052 9360     		str	r3, [r2, #8]
 779              	.L123:
 780 0054 3E4A     		ldr	r2, .L146+4
 781 0056 9368     		ldr	r3, [r2, #8]
 782 0058 23F0F003 		bic	r3, r3, #240
 783 005c A168     		ldr	r1, [r4, #8]
 784 005e 0B43     		orrs	r3, r3, r1
 785 0060 9360     		str	r3, [r2, #8]
 786              	.L121:
 787 0062 2368     		ldr	r3, [r4]
 788 0064 13F0010F 		tst	r3, #1
 789 0068 32D0     		beq	.L124
 790 006a 6368     		ldr	r3, [r4, #4]
 791 006c 012B     		cmp	r3, #1
 792 006e 21D0     		beq	.L144
 793 0070 9A1E     		subs	r2, r3, #2
 794 0072 012A     		cmp	r2, #1
 795 0074 25D9     		bls	.L145
 796 0076 364A     		ldr	r2, .L146+4
 797 0078 1268     		ldr	r2, [r2]
 798 007a 12F0020F 		tst	r2, #2
 799 007e 61D0     		beq	.L137
 800              	.L126:
 801 0080 3349     		ldr	r1, .L146+4
 802 0082 8A68     		ldr	r2, [r1, #8]
 803 0084 22F00302 		bic	r2, r2, #3
 804 0088 1343     		orrs	r3, r3, r2
 805 008a 8B60     		str	r3, [r1, #8]
 806 008c FFF7FEFF 		bl	HAL_GetTick
 807 0090 0646     		mov	r6, r0
 808              	.L128:
 809 0092 2F4B     		ldr	r3, .L146+4
 810 0094 9B68     		ldr	r3, [r3, #8]
 811 0096 03F00C03 		and	r3, r3, #12
ARM GAS  /tmp/ccHo0job.s 			page 15


 812 009a 6268     		ldr	r2, [r4, #4]
 813 009c B3EB820F 		cmp	r3, r2, lsl #2
 814 00a0 16D0     		beq	.L124
 815 00a2 FFF7FEFF 		bl	HAL_GetTick
 816 00a6 801B     		subs	r0, r0, r6
 817 00a8 41F28833 		movw	r3, #5000
 818 00ac 9842     		cmp	r0, r3
 819 00ae F0D9     		bls	.L128
 820 00b0 0320     		movs	r0, #3
 821 00b2 42E0     		b	.L119
 822              	.L144:
 823 00b4 264A     		ldr	r2, .L146+4
 824 00b6 1268     		ldr	r2, [r2]
 825 00b8 12F4003F 		tst	r2, #131072
 826 00bc E0D1     		bne	.L126
 827 00be 0120     		movs	r0, #1
 828 00c0 3BE0     		b	.L119
 829              	.L145:
 830 00c2 234A     		ldr	r2, .L146+4
 831 00c4 1268     		ldr	r2, [r2]
 832 00c6 12F0007F 		tst	r2, #33554432
 833 00ca D9D1     		bne	.L126
 834 00cc 0120     		movs	r0, #1
 835 00ce 34E0     		b	.L119
 836              	.L124:
 837 00d0 1E4B     		ldr	r3, .L146
 838 00d2 1B68     		ldr	r3, [r3]
 839 00d4 03F00703 		and	r3, r3, #7
 840 00d8 AB42     		cmp	r3, r5
 841 00da 07D9     		bls	.L130
 842 00dc EAB2     		uxtb	r2, r5
 843 00de 1B4B     		ldr	r3, .L146
 844 00e0 1A70     		strb	r2, [r3]
 845 00e2 1B68     		ldr	r3, [r3]
 846 00e4 03F00703 		and	r3, r3, #7
 847 00e8 AB42     		cmp	r3, r5
 848 00ea 2DD1     		bne	.L139
 849              	.L130:
 850 00ec 2368     		ldr	r3, [r4]
 851 00ee 13F0040F 		tst	r3, #4
 852 00f2 06D0     		beq	.L131
 853 00f4 164A     		ldr	r2, .L146+4
 854 00f6 9368     		ldr	r3, [r2, #8]
 855 00f8 23F4E053 		bic	r3, r3, #7168
 856 00fc E168     		ldr	r1, [r4, #12]
 857 00fe 0B43     		orrs	r3, r3, r1
 858 0100 9360     		str	r3, [r2, #8]
 859              	.L131:
 860 0102 2368     		ldr	r3, [r4]
 861 0104 13F0080F 		tst	r3, #8
 862 0108 07D0     		beq	.L132
 863 010a 114A     		ldr	r2, .L146+4
 864 010c 9368     		ldr	r3, [r2, #8]
 865 010e 23F46043 		bic	r3, r3, #57344
 866 0112 2169     		ldr	r1, [r4, #16]
 867 0114 43EAC103 		orr	r3, r3, r1, lsl #3
 868 0118 9360     		str	r3, [r2, #8]
ARM GAS  /tmp/ccHo0job.s 			page 16


 869              	.L132:
 870 011a FFF7FEFF 		bl	HAL_RCC_GetSysClockFreq
 871 011e 0C4B     		ldr	r3, .L146+4
 872 0120 9B68     		ldr	r3, [r3, #8]
 873 0122 C3F30313 		ubfx	r3, r3, #4, #4
 874 0126 0B4A     		ldr	r2, .L146+8
 875 0128 D35C     		ldrb	r3, [r2, r3]	@ zero_extendqisi2
 876 012a D840     		lsrs	r0, r0, r3
 877 012c 0A4B     		ldr	r3, .L146+12
 878 012e 1860     		str	r0, [r3]
 879 0130 0A4B     		ldr	r3, .L146+16
 880 0132 1868     		ldr	r0, [r3]
 881 0134 FFF7FEFF 		bl	HAL_InitTick
 882 0138 0020     		movs	r0, #0
 883              	.L119:
 884 013a 70BD     		pop	{r4, r5, r6, pc}
 885              	.L133:
 886 013c 0120     		movs	r0, #1
 887 013e 7047     		bx	lr
 888              	.L134:
 889 0140 0120     		movs	r0, #1
 890 0142 FAE7     		b	.L119
 891              	.L137:
 892 0144 0120     		movs	r0, #1
 893 0146 F8E7     		b	.L119
 894              	.L139:
 895 0148 0120     		movs	r0, #1
 896 014a F6E7     		b	.L119
 897              	.L147:
 898              		.align	2
 899              	.L146:
 900 014c 003C0240 		.word	1073888256
 901 0150 00380240 		.word	1073887232
 902 0154 00000000 		.word	AHBPrescTable
 903 0158 00000000 		.word	SystemCoreClock
 904 015c 00000000 		.word	uwTickPrio
 906              		.section	.text.HAL_RCC_GetHCLKFreq,"ax",%progbits
 907              		.align	1
 908              		.global	HAL_RCC_GetHCLKFreq
 909              		.syntax unified
 910              		.thumb
 911              		.thumb_func
 912              		.fpu fpv4-sp-d16
 914              	HAL_RCC_GetHCLKFreq:
 915              		@ args = 0, pretend = 0, frame = 0
 916              		@ frame_needed = 0, uses_anonymous_args = 0
 917              		@ link register save eliminated.
 918 0000 014B     		ldr	r3, .L149
 919 0002 1868     		ldr	r0, [r3]
 920 0004 7047     		bx	lr
 921              	.L150:
 922 0006 00BF     		.align	2
 923              	.L149:
 924 0008 00000000 		.word	SystemCoreClock
 926              		.section	.text.HAL_RCC_GetPCLK1Freq,"ax",%progbits
 927              		.align	1
 928              		.global	HAL_RCC_GetPCLK1Freq
ARM GAS  /tmp/ccHo0job.s 			page 17


 929              		.syntax unified
 930              		.thumb
 931              		.thumb_func
 932              		.fpu fpv4-sp-d16
 934              	HAL_RCC_GetPCLK1Freq:
 935              		@ args = 0, pretend = 0, frame = 0
 936              		@ frame_needed = 0, uses_anonymous_args = 0
 937 0000 08B5     		push	{r3, lr}
 938 0002 FFF7FEFF 		bl	HAL_RCC_GetHCLKFreq
 939 0006 044B     		ldr	r3, .L153
 940 0008 9B68     		ldr	r3, [r3, #8]
 941 000a C3F38223 		ubfx	r3, r3, #10, #3
 942 000e 034A     		ldr	r2, .L153+4
 943 0010 D35C     		ldrb	r3, [r2, r3]	@ zero_extendqisi2
 944 0012 D840     		lsrs	r0, r0, r3
 945 0014 08BD     		pop	{r3, pc}
 946              	.L154:
 947 0016 00BF     		.align	2
 948              	.L153:
 949 0018 00380240 		.word	1073887232
 950 001c 00000000 		.word	APBPrescTable
 952              		.section	.text.HAL_RCC_GetPCLK2Freq,"ax",%progbits
 953              		.align	1
 954              		.global	HAL_RCC_GetPCLK2Freq
 955              		.syntax unified
 956              		.thumb
 957              		.thumb_func
 958              		.fpu fpv4-sp-d16
 960              	HAL_RCC_GetPCLK2Freq:
 961              		@ args = 0, pretend = 0, frame = 0
 962              		@ frame_needed = 0, uses_anonymous_args = 0
 963 0000 08B5     		push	{r3, lr}
 964 0002 FFF7FEFF 		bl	HAL_RCC_GetHCLKFreq
 965 0006 044B     		ldr	r3, .L157
 966 0008 9B68     		ldr	r3, [r3, #8]
 967 000a C3F34233 		ubfx	r3, r3, #13, #3
 968 000e 034A     		ldr	r2, .L157+4
 969 0010 D35C     		ldrb	r3, [r2, r3]	@ zero_extendqisi2
 970 0012 D840     		lsrs	r0, r0, r3
 971 0014 08BD     		pop	{r3, pc}
 972              	.L158:
 973 0016 00BF     		.align	2
 974              	.L157:
 975 0018 00380240 		.word	1073887232
 976 001c 00000000 		.word	APBPrescTable
 978              		.section	.text.HAL_RCC_GetOscConfig,"ax",%progbits
 979              		.align	1
 980              		.weak	HAL_RCC_GetOscConfig
 981              		.syntax unified
 982              		.thumb
 983              		.thumb_func
 984              		.fpu fpv4-sp-d16
 986              	HAL_RCC_GetOscConfig:
 987              		@ args = 0, pretend = 0, frame = 0
 988              		@ frame_needed = 0, uses_anonymous_args = 0
 989              		@ link register save eliminated.
 990 0000 0F23     		movs	r3, #15
ARM GAS  /tmp/ccHo0job.s 			page 18


 991 0002 0360     		str	r3, [r0]
 992 0004 304B     		ldr	r3, .L172
 993 0006 1B68     		ldr	r3, [r3]
 994 0008 13F4802F 		tst	r3, #262144
 995 000c 3BD0     		beq	.L160
 996 000e 4FF4A023 		mov	r3, #327680
 997 0012 4360     		str	r3, [r0, #4]
 998              	.L161:
 999 0014 2C4B     		ldr	r3, .L172
 1000 0016 1B68     		ldr	r3, [r3]
 1001 0018 13F0010F 		tst	r3, #1
 1002 001c 3FD0     		beq	.L163
 1003 001e 0123     		movs	r3, #1
 1004 0020 C360     		str	r3, [r0, #12]
 1005              	.L164:
 1006 0022 294A     		ldr	r2, .L172
 1007 0024 1368     		ldr	r3, [r2]
 1008 0026 C3F3C403 		ubfx	r3, r3, #3, #5
 1009 002a 0361     		str	r3, [r0, #16]
 1010 002c 136F     		ldr	r3, [r2, #112]
 1011 002e 13F0040F 		tst	r3, #4
 1012 0032 37D0     		beq	.L165
 1013 0034 0523     		movs	r3, #5
 1014 0036 8360     		str	r3, [r0, #8]
 1015              	.L166:
 1016 0038 234B     		ldr	r3, .L172
 1017 003a 5B6F     		ldr	r3, [r3, #116]
 1018 003c 13F0010F 		tst	r3, #1
 1019 0040 3BD0     		beq	.L168
 1020 0042 0123     		movs	r3, #1
 1021 0044 4361     		str	r3, [r0, #20]
 1022              	.L169:
 1023 0046 204B     		ldr	r3, .L172
 1024 0048 1B68     		ldr	r3, [r3]
 1025 004a 13F0807F 		tst	r3, #16777216
 1026 004e 37D0     		beq	.L170
 1027 0050 0223     		movs	r3, #2
 1028 0052 8361     		str	r3, [r0, #24]
 1029              	.L171:
 1030 0054 1C4A     		ldr	r2, .L172
 1031 0056 5368     		ldr	r3, [r2, #4]
 1032 0058 03F48003 		and	r3, r3, #4194304
 1033 005c C361     		str	r3, [r0, #28]
 1034 005e 5368     		ldr	r3, [r2, #4]
 1035 0060 03F03F03 		and	r3, r3, #63
 1036 0064 0362     		str	r3, [r0, #32]
 1037 0066 5368     		ldr	r3, [r2, #4]
 1038 0068 C3F38813 		ubfx	r3, r3, #6, #9
 1039 006c 4362     		str	r3, [r0, #36]
 1040 006e 5368     		ldr	r3, [r2, #4]
 1041 0070 03F44033 		and	r3, r3, #196608
 1042 0074 03F58033 		add	r3, r3, #65536
 1043 0078 DB0B     		lsrs	r3, r3, #15
 1044 007a 8362     		str	r3, [r0, #40]
 1045 007c 5368     		ldr	r3, [r2, #4]
 1046 007e C3F30363 		ubfx	r3, r3, #24, #4
 1047 0082 C362     		str	r3, [r0, #44]
ARM GAS  /tmp/ccHo0job.s 			page 19


 1048 0084 7047     		bx	lr
 1049              	.L160:
 1050 0086 104B     		ldr	r3, .L172
 1051 0088 1B68     		ldr	r3, [r3]
 1052 008a 13F4803F 		tst	r3, #65536
 1053 008e 03D0     		beq	.L162
 1054 0090 4FF48033 		mov	r3, #65536
 1055 0094 4360     		str	r3, [r0, #4]
 1056 0096 BDE7     		b	.L161
 1057              	.L162:
 1058 0098 0023     		movs	r3, #0
 1059 009a 4360     		str	r3, [r0, #4]
 1060 009c BAE7     		b	.L161
 1061              	.L163:
 1062 009e 0023     		movs	r3, #0
 1063 00a0 C360     		str	r3, [r0, #12]
 1064 00a2 BEE7     		b	.L164
 1065              	.L165:
 1066 00a4 084B     		ldr	r3, .L172
 1067 00a6 1B6F     		ldr	r3, [r3, #112]
 1068 00a8 13F0010F 		tst	r3, #1
 1069 00ac 02D0     		beq	.L167
 1070 00ae 0123     		movs	r3, #1
 1071 00b0 8360     		str	r3, [r0, #8]
 1072 00b2 C1E7     		b	.L166
 1073              	.L167:
 1074 00b4 0023     		movs	r3, #0
 1075 00b6 8360     		str	r3, [r0, #8]
 1076 00b8 BEE7     		b	.L166
 1077              	.L168:
 1078 00ba 0023     		movs	r3, #0
 1079 00bc 4361     		str	r3, [r0, #20]
 1080 00be C2E7     		b	.L169
 1081              	.L170:
 1082 00c0 0123     		movs	r3, #1
 1083 00c2 8361     		str	r3, [r0, #24]
 1084 00c4 C6E7     		b	.L171
 1085              	.L173:
 1086 00c6 00BF     		.align	2
 1087              	.L172:
 1088 00c8 00380240 		.word	1073887232
 1090              		.section	.text.HAL_RCC_GetClockConfig,"ax",%progbits
 1091              		.align	1
 1092              		.global	HAL_RCC_GetClockConfig
 1093              		.syntax unified
 1094              		.thumb
 1095              		.thumb_func
 1096              		.fpu fpv4-sp-d16
 1098              	HAL_RCC_GetClockConfig:
 1099              		@ args = 0, pretend = 0, frame = 0
 1100              		@ frame_needed = 0, uses_anonymous_args = 0
 1101              		@ link register save eliminated.
 1102 0000 0F23     		movs	r3, #15
 1103 0002 0360     		str	r3, [r0]
 1104 0004 0B4B     		ldr	r3, .L175
 1105 0006 9A68     		ldr	r2, [r3, #8]
 1106 0008 02F00302 		and	r2, r2, #3
ARM GAS  /tmp/ccHo0job.s 			page 20


 1107 000c 4260     		str	r2, [r0, #4]
 1108 000e 9A68     		ldr	r2, [r3, #8]
 1109 0010 02F0F002 		and	r2, r2, #240
 1110 0014 8260     		str	r2, [r0, #8]
 1111 0016 9A68     		ldr	r2, [r3, #8]
 1112 0018 02F4E052 		and	r2, r2, #7168
 1113 001c C260     		str	r2, [r0, #12]
 1114 001e 9B68     		ldr	r3, [r3, #8]
 1115 0020 DB08     		lsrs	r3, r3, #3
 1116 0022 03F4E053 		and	r3, r3, #7168
 1117 0026 0361     		str	r3, [r0, #16]
 1118 0028 034B     		ldr	r3, .L175+4
 1119 002a 1B68     		ldr	r3, [r3]
 1120 002c 03F00703 		and	r3, r3, #7
 1121 0030 0B60     		str	r3, [r1]
 1122 0032 7047     		bx	lr
 1123              	.L176:
 1124              		.align	2
 1125              	.L175:
 1126 0034 00380240 		.word	1073887232
 1127 0038 003C0240 		.word	1073888256
 1129              		.section	.text.HAL_RCC_CSSCallback,"ax",%progbits
 1130              		.align	1
 1131              		.weak	HAL_RCC_CSSCallback
 1132              		.syntax unified
 1133              		.thumb
 1134              		.thumb_func
 1135              		.fpu fpv4-sp-d16
 1137              	HAL_RCC_CSSCallback:
 1138              		@ args = 0, pretend = 0, frame = 0
 1139              		@ frame_needed = 0, uses_anonymous_args = 0
 1140              		@ link register save eliminated.
 1141 0000 7047     		bx	lr
 1143              		.section	.text.HAL_RCC_NMI_IRQHandler,"ax",%progbits
 1144              		.align	1
 1145              		.global	HAL_RCC_NMI_IRQHandler
 1146              		.syntax unified
 1147              		.thumb
 1148              		.thumb_func
 1149              		.fpu fpv4-sp-d16
 1151              	HAL_RCC_NMI_IRQHandler:
 1152              		@ args = 0, pretend = 0, frame = 0
 1153              		@ frame_needed = 0, uses_anonymous_args = 0
 1154 0000 08B5     		push	{r3, lr}
 1155 0002 064B     		ldr	r3, .L182
 1156 0004 DB68     		ldr	r3, [r3, #12]
 1157 0006 13F0800F 		tst	r3, #128
 1158 000a 00D1     		bne	.L181
 1159              	.L178:
 1160 000c 08BD     		pop	{r3, pc}
 1161              	.L181:
 1162 000e FFF7FEFF 		bl	HAL_RCC_CSSCallback
 1163 0012 024B     		ldr	r3, .L182
 1164 0014 8022     		movs	r2, #128
 1165 0016 9A73     		strb	r2, [r3, #14]
 1166 0018 F8E7     		b	.L178
 1167              	.L183:
ARM GAS  /tmp/ccHo0job.s 			page 21


 1168 001a 00BF     		.align	2
 1169              	.L182:
 1170 001c 00380240 		.word	1073887232
 1172              		.ident	"GCC: (GNU Arm Embedded Toolchain 10.3-2021.07) 10.3.1 20210621 (release)"
ARM GAS  /tmp/ccHo0job.s 			page 22


DEFINED SYMBOLS
                            *ABS*:0000000000000000 stm32f4xx_hal_rcc.c
     /tmp/ccHo0job.s:16     .text.HAL_RCC_DeInit:0000000000000000 $t
     /tmp/ccHo0job.s:24     .text.HAL_RCC_DeInit:0000000000000000 HAL_RCC_DeInit
     /tmp/ccHo0job.s:32     .text.HAL_RCC_OscConfig:0000000000000000 $t
     /tmp/ccHo0job.s:39     .text.HAL_RCC_OscConfig:0000000000000000 HAL_RCC_OscConfig
     /tmp/ccHo0job.s:343    .text.HAL_RCC_OscConfig:0000000000000294 $d
     /tmp/ccHo0job.s:347    .text.HAL_RCC_OscConfig:00000000000002a0 $t
     /tmp/ccHo0job.s:515    .text.HAL_RCC_OscConfig:00000000000003f0 $d
     /tmp/ccHo0job.s:519    .text.HAL_RCC_MCOConfig:0000000000000000 $t
     /tmp/ccHo0job.s:526    .text.HAL_RCC_MCOConfig:0000000000000000 HAL_RCC_MCOConfig
     /tmp/ccHo0job.s:595    .text.HAL_RCC_MCOConfig:0000000000000090 $d
     /tmp/ccHo0job.s:600    .text.HAL_RCC_EnableCSS:0000000000000000 $t
     /tmp/ccHo0job.s:607    .text.HAL_RCC_EnableCSS:0000000000000000 HAL_RCC_EnableCSS
     /tmp/ccHo0job.s:618    .text.HAL_RCC_EnableCSS:0000000000000008 $d
     /tmp/ccHo0job.s:621    .text.HAL_RCC_DisableCSS:0000000000000000 $t
     /tmp/ccHo0job.s:628    .text.HAL_RCC_DisableCSS:0000000000000000 HAL_RCC_DisableCSS
     /tmp/ccHo0job.s:639    .text.HAL_RCC_DisableCSS:0000000000000008 $d
     /tmp/ccHo0job.s:643    .text.HAL_RCC_GetSysClockFreq:0000000000000000 $t
     /tmp/ccHo0job.s:650    .text.HAL_RCC_GetSysClockFreq:0000000000000000 HAL_RCC_GetSysClockFreq
     /tmp/ccHo0job.s:729    .text.HAL_RCC_GetSysClockFreq:00000000000000c8 $d
     /tmp/ccHo0job.s:734    .text.HAL_RCC_ClockConfig:0000000000000000 $t
     /tmp/ccHo0job.s:741    .text.HAL_RCC_ClockConfig:0000000000000000 HAL_RCC_ClockConfig
     /tmp/ccHo0job.s:900    .text.HAL_RCC_ClockConfig:000000000000014c $d
     /tmp/ccHo0job.s:907    .text.HAL_RCC_GetHCLKFreq:0000000000000000 $t
     /tmp/ccHo0job.s:914    .text.HAL_RCC_GetHCLKFreq:0000000000000000 HAL_RCC_GetHCLKFreq
     /tmp/ccHo0job.s:924    .text.HAL_RCC_GetHCLKFreq:0000000000000008 $d
     /tmp/ccHo0job.s:927    .text.HAL_RCC_GetPCLK1Freq:0000000000000000 $t
     /tmp/ccHo0job.s:934    .text.HAL_RCC_GetPCLK1Freq:0000000000000000 HAL_RCC_GetPCLK1Freq
     /tmp/ccHo0job.s:949    .text.HAL_RCC_GetPCLK1Freq:0000000000000018 $d
     /tmp/ccHo0job.s:953    .text.HAL_RCC_GetPCLK2Freq:0000000000000000 $t
     /tmp/ccHo0job.s:960    .text.HAL_RCC_GetPCLK2Freq:0000000000000000 HAL_RCC_GetPCLK2Freq
     /tmp/ccHo0job.s:975    .text.HAL_RCC_GetPCLK2Freq:0000000000000018 $d
     /tmp/ccHo0job.s:979    .text.HAL_RCC_GetOscConfig:0000000000000000 $t
     /tmp/ccHo0job.s:986    .text.HAL_RCC_GetOscConfig:0000000000000000 HAL_RCC_GetOscConfig
     /tmp/ccHo0job.s:1088   .text.HAL_RCC_GetOscConfig:00000000000000c8 $d
     /tmp/ccHo0job.s:1091   .text.HAL_RCC_GetClockConfig:0000000000000000 $t
     /tmp/ccHo0job.s:1098   .text.HAL_RCC_GetClockConfig:0000000000000000 HAL_RCC_GetClockConfig
     /tmp/ccHo0job.s:1126   .text.HAL_RCC_GetClockConfig:0000000000000034 $d
     /tmp/ccHo0job.s:1130   .text.HAL_RCC_CSSCallback:0000000000000000 $t
     /tmp/ccHo0job.s:1137   .text.HAL_RCC_CSSCallback:0000000000000000 HAL_RCC_CSSCallback
     /tmp/ccHo0job.s:1144   .text.HAL_RCC_NMI_IRQHandler:0000000000000000 $t
     /tmp/ccHo0job.s:1151   .text.HAL_RCC_NMI_IRQHandler:0000000000000000 HAL_RCC_NMI_IRQHandler
     /tmp/ccHo0job.s:1170   .text.HAL_RCC_NMI_IRQHandler:000000000000001c $d

UNDEFINED SYMBOLS
HAL_GetTick
HAL_GPIO_Init
__aeabi_uldivmod
HAL_InitTick
AHBPrescTable
SystemCoreClock
uwTickPrio
APBPrescTable
