ARM GAS  /tmp/ccQKUket.s 			page 1


   1              		.cpu cortex-m4
   2              		.eabi_attribute 27, 1
   3              		.eabi_attribute 28, 1
   4              		.eabi_attribute 20, 1
   5              		.eabi_attribute 21, 1
   6              		.eabi_attribute 23, 3
   7              		.eabi_attribute 24, 1
   8              		.eabi_attribute 25, 1
   9              		.eabi_attribute 26, 1
  10              		.eabi_attribute 30, 1
  11              		.eabi_attribute 34, 1
  12              		.eabi_attribute 18, 4
  13              		.file	"stm32f4xx_hal_dma_ex.c"
  14              		.text
  15              		.section	.text.DMA_MultiBufferSetConfig,"ax",%progbits
  16              		.align	1
  17              		.arch armv7e-m
  18              		.syntax unified
  19              		.thumb
  20              		.thumb_func
  21              		.fpu fpv4-sp-d16
  23              	DMA_MultiBufferSetConfig:
  24              		@ args = 0, pretend = 0, frame = 0
  25              		@ frame_needed = 0, uses_anonymous_args = 0
  26              		@ link register save eliminated.
  27 0000 10B4     		push	{r4}
  28 0002 0468     		ldr	r4, [r0]
  29 0004 6360     		str	r3, [r4, #4]
  30 0006 8368     		ldr	r3, [r0, #8]
  31 0008 402B     		cmp	r3, #64
  32 000a 06D0     		beq	.L5
  33 000c 0368     		ldr	r3, [r0]
  34 000e 9960     		str	r1, [r3, #8]
  35 0010 0368     		ldr	r3, [r0]
  36 0012 DA60     		str	r2, [r3, #12]
  37              	.L1:
  38 0014 5DF8044B 		ldr	r4, [sp], #4
  39 0018 7047     		bx	lr
  40              	.L5:
  41 001a 0368     		ldr	r3, [r0]
  42 001c 9A60     		str	r2, [r3, #8]
  43 001e 0368     		ldr	r3, [r0]
  44 0020 D960     		str	r1, [r3, #12]
  45 0022 F7E7     		b	.L1
  47              		.section	.text.HAL_DMAEx_MultiBufferStart,"ax",%progbits
  48              		.align	1
  49              		.global	HAL_DMAEx_MultiBufferStart
  50              		.syntax unified
  51              		.thumb
  52              		.thumb_func
  53              		.fpu fpv4-sp-d16
  55              	HAL_DMAEx_MultiBufferStart:
  56              		@ args = 4, pretend = 0, frame = 0
  57              		@ frame_needed = 0, uses_anonymous_args = 0
  58 0000 38B5     		push	{r3, r4, r5, lr}
  59 0002 0446     		mov	r4, r0
  60 0004 8068     		ldr	r0, [r0, #8]
ARM GAS  /tmp/ccQKUket.s 			page 2


  61 0006 8028     		cmp	r0, #128
  62 0008 0DD0     		beq	.L12
  63 000a 94F83400 		ldrb	r0, [r4, #52]	@ zero_extendqisi2
  64 000e 0128     		cmp	r0, #1
  65 0010 23D0     		beq	.L9
  66 0012 0120     		movs	r0, #1
  67 0014 84F83400 		strb	r0, [r4, #52]
  68 0018 94F83500 		ldrb	r0, [r4, #53]	@ zero_extendqisi2
  69 001c C0B2     		uxtb	r0, r0
  70 001e 0128     		cmp	r0, #1
  71 0020 06D0     		beq	.L13
  72 0022 0220     		movs	r0, #2
  73              	.L8:
  74 0024 38BD     		pop	{r3, r4, r5, pc}
  75              	.L12:
  76 0026 4FF48073 		mov	r3, #256
  77 002a 6365     		str	r3, [r4, #84]
  78 002c 0120     		movs	r0, #1
  79 002e F9E7     		b	.L8
  80              	.L13:
  81 0030 0220     		movs	r0, #2
  82 0032 84F83500 		strb	r0, [r4, #53]
  83 0036 2568     		ldr	r5, [r4]
  84 0038 2868     		ldr	r0, [r5]
  85 003a 40F48020 		orr	r0, r0, #262144
  86 003e 2860     		str	r0, [r5]
  87 0040 2068     		ldr	r0, [r4]
  88 0042 0361     		str	r3, [r0, #16]
  89 0044 049B     		ldr	r3, [sp, #16]
  90 0046 2046     		mov	r0, r4
  91 0048 FFF7FEFF 		bl	DMA_MultiBufferSetConfig
  92 004c 2268     		ldr	r2, [r4]
  93 004e 1368     		ldr	r3, [r2]
  94 0050 43F00103 		orr	r3, r3, #1
  95 0054 1360     		str	r3, [r2]
  96 0056 0020     		movs	r0, #0
  97 0058 E4E7     		b	.L8
  98              	.L9:
  99 005a 0220     		movs	r0, #2
 100 005c E2E7     		b	.L8
 102              		.section	.text.HAL_DMAEx_MultiBufferStart_IT,"ax",%progbits
 103              		.align	1
 104              		.global	HAL_DMAEx_MultiBufferStart_IT
 105              		.syntax unified
 106              		.thumb
 107              		.thumb_func
 108              		.fpu fpv4-sp-d16
 110              	HAL_DMAEx_MultiBufferStart_IT:
 111              		@ args = 4, pretend = 0, frame = 0
 112              		@ frame_needed = 0, uses_anonymous_args = 0
 113 0000 38B5     		push	{r3, r4, r5, lr}
 114 0002 0446     		mov	r4, r0
 115 0004 8068     		ldr	r0, [r0, #8]
 116 0006 8028     		cmp	r0, #128
 117 0008 17D0     		beq	.L304
 118 000a E06B     		ldr	r0, [r4, #60]
 119 000c D0B1     		cbz	r0, .L17
ARM GAS  /tmp/ccQKUket.s 			page 3


 120 000e 606C     		ldr	r0, [r4, #68]
 121 0010 C0B1     		cbz	r0, .L17
 122 0012 E06C     		ldr	r0, [r4, #76]
 123 0014 B0B1     		cbz	r0, .L17
 124 0016 94F83400 		ldrb	r0, [r4, #52]	@ zero_extendqisi2
 125 001a 0128     		cmp	r0, #1
 126 001c 00F06987 		beq	.L62
 127 0020 0120     		movs	r0, #1
 128 0022 84F83400 		strb	r0, [r4, #52]
 129 0026 94F83500 		ldrb	r0, [r4, #53]	@ zero_extendqisi2
 130 002a C0B2     		uxtb	r0, r0
 131 002c 0128     		cmp	r0, #1
 132 002e 0DD0     		beq	.L305
 133 0030 0023     		movs	r3, #0
 134 0032 84F83430 		strb	r3, [r4, #52]
 135 0036 0220     		movs	r0, #2
 136 0038 07E0     		b	.L16
 137              	.L304:
 138 003a 4FF48073 		mov	r3, #256
 139 003e 6365     		str	r3, [r4, #84]
 140 0040 0120     		movs	r0, #1
 141 0042 02E0     		b	.L16
 142              	.L17:
 143 0044 4023     		movs	r3, #64
 144 0046 6365     		str	r3, [r4, #84]
 145 0048 0120     		movs	r0, #1
 146              	.L16:
 147 004a 38BD     		pop	{r3, r4, r5, pc}
 148              	.L305:
 149 004c 0220     		movs	r0, #2
 150 004e 84F83500 		strb	r0, [r4, #53]
 151 0052 0020     		movs	r0, #0
 152 0054 6065     		str	r0, [r4, #84]
 153 0056 2568     		ldr	r5, [r4]
 154 0058 2868     		ldr	r0, [r5]
 155 005a 40F48020 		orr	r0, r0, #262144
 156 005e 2860     		str	r0, [r5]
 157 0060 2068     		ldr	r0, [r4]
 158 0062 0361     		str	r3, [r0, #16]
 159 0064 049B     		ldr	r3, [sp, #16]
 160 0066 2046     		mov	r0, r4
 161 0068 FFF7FEFF 		bl	DMA_MultiBufferSetConfig
 162 006c 2368     		ldr	r3, [r4]
 163 006e A54A     		ldr	r2, .L327
 164 0070 9342     		cmp	r3, r2
 165 0072 40F29880 		bls	.L20
 166 0076 A2F58962 		sub	r2, r2, #1096
 167 007a 9342     		cmp	r3, r2
 168 007c 31D0     		beq	.L63
 169 007e 02F58062 		add	r2, r2, #1024
 170 0082 9342     		cmp	r3, r2
 171 0084 74D0     		beq	.L64
 172 0086 A2F56872 		sub	r2, r2, #928
 173 008a 9342     		cmp	r3, r2
 174 008c 72D0     		beq	.L65
 175 008e 02F58062 		add	r2, r2, #1024
 176 0092 9342     		cmp	r3, r2
ARM GAS  /tmp/ccQKUket.s 			page 4


 177 0094 70D0     		beq	.L66
 178 0096 A2F58962 		sub	r2, r2, #1096
 179 009a 9342     		cmp	r3, r2
 180 009c 6ED0     		beq	.L67
 181 009e 02F58062 		add	r2, r2, #1024
 182 00a2 9342     		cmp	r3, r2
 183 00a4 6DD0     		beq	.L68
 184 00a6 A2F56872 		sub	r2, r2, #928
 185 00aa 9342     		cmp	r3, r2
 186 00ac 6CD0     		beq	.L69
 187 00ae 02F58062 		add	r2, r2, #1024
 188 00b2 9342     		cmp	r3, r2
 189 00b4 6BD0     		beq	.L70
 190 00b6 A2F58962 		sub	r2, r2, #1096
 191 00ba 9342     		cmp	r3, r2
 192 00bc 6AD0     		beq	.L71
 193 00be 02F58062 		add	r2, r2, #1024
 194 00c2 9342     		cmp	r3, r2
 195 00c4 69D0     		beq	.L72
 196 00c6 A2F56872 		sub	r2, r2, #928
 197 00ca 9342     		cmp	r3, r2
 198 00cc 68D0     		beq	.L73
 199 00ce 02F58062 		add	r2, r2, #1024
 200 00d2 9342     		cmp	r3, r2
 201 00d4 02D0     		beq	.L306
 202 00d6 4FF00062 		mov	r2, #134217728
 203 00da 03E0     		b	.L21
 204              	.L306:
 205 00dc 4FF40012 		mov	r2, #2097152
 206 00e0 00E0     		b	.L21
 207              	.L63:
 208 00e2 2022     		movs	r2, #32
 209              	.L21:
 210 00e4 884B     		ldr	r3, .L327+4
 211 00e6 DA60     		str	r2, [r3, #12]
 212              	.L22:
 213 00e8 2368     		ldr	r3, [r4]
 214 00ea 864A     		ldr	r2, .L327
 215 00ec 9342     		cmp	r3, r2
 216 00ee 40F2CC81 		bls	.L28
 217 00f2 A2F58962 		sub	r2, r2, #1096
 218 00f6 9342     		cmp	r3, r2
 219 00f8 00F06581 		beq	.L111
 220 00fc 02F58062 		add	r2, r2, #1024
 221 0100 9342     		cmp	r3, r2
 222 0102 00F0A781 		beq	.L112
 223 0106 A2F56872 		sub	r2, r2, #928
 224 010a 9342     		cmp	r3, r2
 225 010c 00F0A481 		beq	.L113
 226 0110 02F58062 		add	r2, r2, #1024
 227 0114 9342     		cmp	r3, r2
 228 0116 00F0A181 		beq	.L114
 229 011a A2F58962 		sub	r2, r2, #1096
 230 011e 9342     		cmp	r3, r2
 231 0120 00F09E81 		beq	.L115
 232 0124 02F58062 		add	r2, r2, #1024
 233 0128 9342     		cmp	r3, r2
ARM GAS  /tmp/ccQKUket.s 			page 5


 234 012a 00F09C81 		beq	.L116
 235 012e A2F56872 		sub	r2, r2, #928
 236 0132 9342     		cmp	r3, r2
 237 0134 00F09A81 		beq	.L117
 238 0138 02F58062 		add	r2, r2, #1024
 239 013c 9342     		cmp	r3, r2
 240 013e 00F09881 		beq	.L118
 241 0142 A2F58962 		sub	r2, r2, #1096
 242 0146 9342     		cmp	r3, r2
 243 0148 00F09681 		beq	.L119
 244 014c 02F58062 		add	r2, r2, #1024
 245 0150 9342     		cmp	r3, r2
 246 0152 00F09481 		beq	.L120
 247 0156 A2F56872 		sub	r2, r2, #928
 248 015a 9342     		cmp	r3, r2
 249 015c 00F09281 		beq	.L121
 250 0160 02F58062 		add	r2, r2, #1024
 251 0164 9342     		cmp	r3, r2
 252 0166 00F02B81 		beq	.L307
 253 016a 4FF08062 		mov	r2, #67108864
 254 016e 2BE1     		b	.L29
 255              	.L64:
 256 0170 2022     		movs	r2, #32
 257 0172 B7E7     		b	.L21
 258              	.L65:
 259 0174 2022     		movs	r2, #32
 260 0176 B5E7     		b	.L21
 261              	.L66:
 262 0178 2022     		movs	r2, #32
 263 017a B3E7     		b	.L21
 264              	.L67:
 265 017c 4FF40062 		mov	r2, #2048
 266 0180 B0E7     		b	.L21
 267              	.L68:
 268 0182 4FF40062 		mov	r2, #2048
 269 0186 ADE7     		b	.L21
 270              	.L69:
 271 0188 4FF40062 		mov	r2, #2048
 272 018c AAE7     		b	.L21
 273              	.L70:
 274 018e 4FF40062 		mov	r2, #2048
 275 0192 A7E7     		b	.L21
 276              	.L71:
 277 0194 4FF40012 		mov	r2, #2097152
 278 0198 A4E7     		b	.L21
 279              	.L72:
 280 019a 4FF40012 		mov	r2, #2097152
 281 019e A1E7     		b	.L21
 282              	.L73:
 283 01a0 4FF40012 		mov	r2, #2097152
 284 01a4 9EE7     		b	.L21
 285              	.L20:
 286 01a6 594A     		ldr	r2, .L327+8
 287 01a8 9342     		cmp	r3, r2
 288 01aa 53D9     		bls	.L23
 289 01ac A83A     		subs	r2, r2, #168
 290 01ae 9342     		cmp	r3, r2
ARM GAS  /tmp/ccQKUket.s 			page 6


 291 01b0 31D0     		beq	.L75
 292 01b2 02F58062 		add	r2, r2, #1024
 293 01b6 9342     		cmp	r3, r2
 294 01b8 31D0     		beq	.L76
 295 01ba A2F56872 		sub	r2, r2, #928
 296 01be 9342     		cmp	r3, r2
 297 01c0 2FD0     		beq	.L77
 298 01c2 02F58062 		add	r2, r2, #1024
 299 01c6 9342     		cmp	r3, r2
 300 01c8 2DD0     		beq	.L78
 301 01ca A2F58962 		sub	r2, r2, #1096
 302 01ce 9342     		cmp	r3, r2
 303 01d0 2BD0     		beq	.L79
 304 01d2 02F58062 		add	r2, r2, #1024
 305 01d6 9342     		cmp	r3, r2
 306 01d8 2AD0     		beq	.L80
 307 01da A2F56872 		sub	r2, r2, #928
 308 01de 9342     		cmp	r3, r2
 309 01e0 29D0     		beq	.L81
 310 01e2 02F58062 		add	r2, r2, #1024
 311 01e6 9342     		cmp	r3, r2
 312 01e8 28D0     		beq	.L82
 313 01ea A2F58962 		sub	r2, r2, #1096
 314 01ee 9342     		cmp	r3, r2
 315 01f0 27D0     		beq	.L83
 316 01f2 02F58062 		add	r2, r2, #1024
 317 01f6 9342     		cmp	r3, r2
 318 01f8 26D0     		beq	.L84
 319 01fa A2F56872 		sub	r2, r2, #928
 320 01fe 9342     		cmp	r3, r2
 321 0200 25D0     		beq	.L85
 322 0202 02F58062 		add	r2, r2, #1024
 323 0206 9342     		cmp	r3, r2
 324 0208 02D0     		beq	.L308
 325 020a 4FF00063 		mov	r3, #134217728
 326 020e 03E0     		b	.L24
 327              	.L308:
 328 0210 4FF40013 		mov	r3, #2097152
 329 0214 00E0     		b	.L24
 330              	.L75:
 331 0216 2023     		movs	r3, #32
 332              	.L24:
 333 0218 3B4A     		ldr	r2, .L327+4
 334 021a 9360     		str	r3, [r2, #8]
 335 021c 64E7     		b	.L22
 336              	.L76:
 337 021e 2023     		movs	r3, #32
 338 0220 FAE7     		b	.L24
 339              	.L77:
 340 0222 2023     		movs	r3, #32
 341 0224 F8E7     		b	.L24
 342              	.L78:
 343 0226 2023     		movs	r3, #32
 344 0228 F6E7     		b	.L24
 345              	.L79:
 346 022a 4FF40063 		mov	r3, #2048
 347 022e F3E7     		b	.L24
ARM GAS  /tmp/ccQKUket.s 			page 7


 348              	.L80:
 349 0230 4FF40063 		mov	r3, #2048
 350 0234 F0E7     		b	.L24
 351              	.L81:
 352 0236 4FF40063 		mov	r3, #2048
 353 023a EDE7     		b	.L24
 354              	.L82:
 355 023c 4FF40063 		mov	r3, #2048
 356 0240 EAE7     		b	.L24
 357              	.L83:
 358 0242 4FF40013 		mov	r3, #2097152
 359 0246 E7E7     		b	.L24
 360              	.L84:
 361 0248 4FF40013 		mov	r3, #2097152
 362 024c E4E7     		b	.L24
 363              	.L85:
 364 024e 4FF40013 		mov	r3, #2097152
 365 0252 E1E7     		b	.L24
 366              	.L23:
 367 0254 2E4A     		ldr	r2, .L327+12
 368 0256 9342     		cmp	r3, r2
 369 0258 5ED9     		bls	.L25
 370 025a 483A     		subs	r2, r2, #72
 371 025c 9342     		cmp	r3, r2
 372 025e 31D0     		beq	.L87
 373 0260 02F58062 		add	r2, r2, #1024
 374 0264 9342     		cmp	r3, r2
 375 0266 31D0     		beq	.L88
 376 0268 A2F56872 		sub	r2, r2, #928
 377 026c 9342     		cmp	r3, r2
 378 026e 2FD0     		beq	.L89
 379 0270 02F58062 		add	r2, r2, #1024
 380 0274 9342     		cmp	r3, r2
 381 0276 2DD0     		beq	.L90
 382 0278 A2F58962 		sub	r2, r2, #1096
 383 027c 9342     		cmp	r3, r2
 384 027e 2BD0     		beq	.L91
 385 0280 02F58062 		add	r2, r2, #1024
 386 0284 9342     		cmp	r3, r2
 387 0286 2AD0     		beq	.L92
 388 0288 A2F56872 		sub	r2, r2, #928
 389 028c 9342     		cmp	r3, r2
 390 028e 29D0     		beq	.L93
 391 0290 02F58062 		add	r2, r2, #1024
 392 0294 9342     		cmp	r3, r2
 393 0296 28D0     		beq	.L94
 394 0298 A2F58962 		sub	r2, r2, #1096
 395 029c 9342     		cmp	r3, r2
 396 029e 27D0     		beq	.L95
 397 02a0 02F58062 		add	r2, r2, #1024
 398 02a4 9342     		cmp	r3, r2
 399 02a6 26D0     		beq	.L96
 400 02a8 A2F56872 		sub	r2, r2, #928
 401 02ac 9342     		cmp	r3, r2
 402 02ae 25D0     		beq	.L97
 403 02b0 02F58062 		add	r2, r2, #1024
 404 02b4 9342     		cmp	r3, r2
ARM GAS  /tmp/ccQKUket.s 			page 8


 405 02b6 02D0     		beq	.L309
 406 02b8 4FF00063 		mov	r3, #134217728
 407 02bc 03E0     		b	.L26
 408              	.L309:
 409 02be 4FF40013 		mov	r3, #2097152
 410 02c2 00E0     		b	.L26
 411              	.L87:
 412 02c4 2023     		movs	r3, #32
 413              	.L26:
 414 02c6 134A     		ldr	r2, .L327+16
 415 02c8 D360     		str	r3, [r2, #12]
 416 02ca 0DE7     		b	.L22
 417              	.L88:
 418 02cc 2023     		movs	r3, #32
 419 02ce FAE7     		b	.L26
 420              	.L89:
 421 02d0 2023     		movs	r3, #32
 422 02d2 F8E7     		b	.L26
 423              	.L90:
 424 02d4 2023     		movs	r3, #32
 425 02d6 F6E7     		b	.L26
 426              	.L91:
 427 02d8 4FF40063 		mov	r3, #2048
 428 02dc F3E7     		b	.L26
 429              	.L92:
 430 02de 4FF40063 		mov	r3, #2048
 431 02e2 F0E7     		b	.L26
 432              	.L93:
 433 02e4 4FF40063 		mov	r3, #2048
 434 02e8 EDE7     		b	.L26
 435              	.L94:
 436 02ea 4FF40063 		mov	r3, #2048
 437 02ee EAE7     		b	.L26
 438              	.L95:
 439 02f0 4FF40013 		mov	r3, #2097152
 440 02f4 E7E7     		b	.L26
 441              	.L96:
 442 02f6 4FF40013 		mov	r3, #2097152
 443 02fa E4E7     		b	.L26
 444              	.L97:
 445 02fc 4FF40013 		mov	r3, #2097152
 446 0300 E1E7     		b	.L26
 447              	.L328:
 448 0302 00BF     		.align	2
 449              	.L327:
 450 0304 58640240 		.word	1073898584
 451 0308 00640240 		.word	1073898496
 452 030c B8600240 		.word	1073897656
 453 0310 58600240 		.word	1073897560
 454 0314 00600240 		.word	1073897472
 455              	.L25:
 456 0318 B14A     		ldr	r2, .L329
 457 031a 9342     		cmp	r3, r2
 458 031c 31D0     		beq	.L99
 459 031e 02F58062 		add	r2, r2, #1024
 460 0322 9342     		cmp	r3, r2
 461 0324 31D0     		beq	.L100
ARM GAS  /tmp/ccQKUket.s 			page 9


 462 0326 A2F56872 		sub	r2, r2, #928
 463 032a 9342     		cmp	r3, r2
 464 032c 2FD0     		beq	.L101
 465 032e 02F58062 		add	r2, r2, #1024
 466 0332 9342     		cmp	r3, r2
 467 0334 2DD0     		beq	.L102
 468 0336 A2F58962 		sub	r2, r2, #1096
 469 033a 9342     		cmp	r3, r2
 470 033c 2BD0     		beq	.L103
 471 033e 02F58062 		add	r2, r2, #1024
 472 0342 9342     		cmp	r3, r2
 473 0344 2AD0     		beq	.L104
 474 0346 A2F56872 		sub	r2, r2, #928
 475 034a 9342     		cmp	r3, r2
 476 034c 29D0     		beq	.L105
 477 034e 02F58062 		add	r2, r2, #1024
 478 0352 9342     		cmp	r3, r2
 479 0354 28D0     		beq	.L106
 480 0356 A2F58962 		sub	r2, r2, #1096
 481 035a 9342     		cmp	r3, r2
 482 035c 27D0     		beq	.L107
 483 035e 02F58062 		add	r2, r2, #1024
 484 0362 9342     		cmp	r3, r2
 485 0364 26D0     		beq	.L108
 486 0366 A2F56872 		sub	r2, r2, #928
 487 036a 9342     		cmp	r3, r2
 488 036c 25D0     		beq	.L109
 489 036e 02F58062 		add	r2, r2, #1024
 490 0372 9342     		cmp	r3, r2
 491 0374 02D0     		beq	.L310
 492 0376 4FF00063 		mov	r3, #134217728
 493 037a 03E0     		b	.L27
 494              	.L310:
 495 037c 4FF40013 		mov	r3, #2097152
 496 0380 00E0     		b	.L27
 497              	.L99:
 498 0382 2023     		movs	r3, #32
 499              	.L27:
 500 0384 974A     		ldr	r2, .L329+4
 501 0386 9360     		str	r3, [r2, #8]
 502 0388 AEE6     		b	.L22
 503              	.L100:
 504 038a 2023     		movs	r3, #32
 505 038c FAE7     		b	.L27
 506              	.L101:
 507 038e 2023     		movs	r3, #32
 508 0390 F8E7     		b	.L27
 509              	.L102:
 510 0392 2023     		movs	r3, #32
 511 0394 F6E7     		b	.L27
 512              	.L103:
 513 0396 4FF40063 		mov	r3, #2048
 514 039a F3E7     		b	.L27
 515              	.L104:
 516 039c 4FF40063 		mov	r3, #2048
 517 03a0 F0E7     		b	.L27
 518              	.L105:
ARM GAS  /tmp/ccQKUket.s 			page 10


 519 03a2 4FF40063 		mov	r3, #2048
 520 03a6 EDE7     		b	.L27
 521              	.L106:
 522 03a8 4FF40063 		mov	r3, #2048
 523 03ac EAE7     		b	.L27
 524              	.L107:
 525 03ae 4FF40013 		mov	r3, #2097152
 526 03b2 E7E7     		b	.L27
 527              	.L108:
 528 03b4 4FF40013 		mov	r3, #2097152
 529 03b8 E4E7     		b	.L27
 530              	.L109:
 531 03ba 4FF40013 		mov	r3, #2097152
 532 03be E1E7     		b	.L27
 533              	.L307:
 534 03c0 4FF48012 		mov	r2, #1048576
 535 03c4 00E0     		b	.L29
 536              	.L111:
 537 03c6 1022     		movs	r2, #16
 538              	.L29:
 539 03c8 874B     		ldr	r3, .L329+8
 540 03ca DA60     		str	r2, [r3, #12]
 541              	.L30:
 542 03cc 2368     		ldr	r3, [r4]
 543 03ce 874A     		ldr	r2, .L329+12
 544 03d0 9342     		cmp	r3, r2
 545 03d2 40F2CD81 		bls	.L36
 546 03d6 A2F58962 		sub	r2, r2, #1096
 547 03da 9342     		cmp	r3, r2
 548 03dc 00F06681 		beq	.L159
 549 03e0 02F58062 		add	r2, r2, #1024
 550 03e4 9342     		cmp	r3, r2
 551 03e6 00F0A881 		beq	.L160
 552 03ea A2F56872 		sub	r2, r2, #928
 553 03ee 9342     		cmp	r3, r2
 554 03f0 00F0A581 		beq	.L161
 555 03f4 02F58062 		add	r2, r2, #1024
 556 03f8 9342     		cmp	r3, r2
 557 03fa 00F0A281 		beq	.L162
 558 03fe A2F58962 		sub	r2, r2, #1096
 559 0402 9342     		cmp	r3, r2
 560 0404 00F09F81 		beq	.L163
 561 0408 02F58062 		add	r2, r2, #1024
 562 040c 9342     		cmp	r3, r2
 563 040e 00F09D81 		beq	.L164
 564 0412 A2F56872 		sub	r2, r2, #928
 565 0416 9342     		cmp	r3, r2
 566 0418 00F09B81 		beq	.L165
 567 041c 02F58062 		add	r2, r2, #1024
 568 0420 9342     		cmp	r3, r2
 569 0422 00F09981 		beq	.L166
 570 0426 A2F58962 		sub	r2, r2, #1096
 571 042a 9342     		cmp	r3, r2
 572 042c 00F09781 		beq	.L167
 573 0430 02F58062 		add	r2, r2, #1024
 574 0434 9342     		cmp	r3, r2
 575 0436 00F09581 		beq	.L168
ARM GAS  /tmp/ccQKUket.s 			page 11


 576 043a A2F56872 		sub	r2, r2, #928
 577 043e 9342     		cmp	r3, r2
 578 0440 00F09381 		beq	.L169
 579 0444 02F58062 		add	r2, r2, #1024
 580 0448 9342     		cmp	r3, r2
 581 044a 00F02C81 		beq	.L311
 582 044e 4FF00072 		mov	r2, #33554432
 583 0452 2CE1     		b	.L37
 584              	.L112:
 585 0454 1022     		movs	r2, #16
 586 0456 B7E7     		b	.L29
 587              	.L113:
 588 0458 1022     		movs	r2, #16
 589 045a B5E7     		b	.L29
 590              	.L114:
 591 045c 1022     		movs	r2, #16
 592 045e B3E7     		b	.L29
 593              	.L115:
 594 0460 4FF48062 		mov	r2, #1024
 595 0464 B0E7     		b	.L29
 596              	.L116:
 597 0466 4FF48062 		mov	r2, #1024
 598 046a ADE7     		b	.L29
 599              	.L117:
 600 046c 4FF48062 		mov	r2, #1024
 601 0470 AAE7     		b	.L29
 602              	.L118:
 603 0472 4FF48062 		mov	r2, #1024
 604 0476 A7E7     		b	.L29
 605              	.L119:
 606 0478 4FF48012 		mov	r2, #1048576
 607 047c A4E7     		b	.L29
 608              	.L120:
 609 047e 4FF48012 		mov	r2, #1048576
 610 0482 A1E7     		b	.L29
 611              	.L121:
 612 0484 4FF48012 		mov	r2, #1048576
 613 0488 9EE7     		b	.L29
 614              	.L28:
 615 048a 594A     		ldr	r2, .L329+16
 616 048c 9342     		cmp	r3, r2
 617 048e 53D9     		bls	.L31
 618 0490 A83A     		subs	r2, r2, #168
 619 0492 9342     		cmp	r3, r2
 620 0494 31D0     		beq	.L123
 621 0496 02F58062 		add	r2, r2, #1024
 622 049a 9342     		cmp	r3, r2
 623 049c 31D0     		beq	.L124
 624 049e A2F56872 		sub	r2, r2, #928
 625 04a2 9342     		cmp	r3, r2
 626 04a4 2FD0     		beq	.L125
 627 04a6 02F58062 		add	r2, r2, #1024
 628 04aa 9342     		cmp	r3, r2
 629 04ac 2DD0     		beq	.L126
 630 04ae A2F58962 		sub	r2, r2, #1096
 631 04b2 9342     		cmp	r3, r2
 632 04b4 2BD0     		beq	.L127
ARM GAS  /tmp/ccQKUket.s 			page 12


 633 04b6 02F58062 		add	r2, r2, #1024
 634 04ba 9342     		cmp	r3, r2
 635 04bc 2AD0     		beq	.L128
 636 04be A2F56872 		sub	r2, r2, #928
 637 04c2 9342     		cmp	r3, r2
 638 04c4 29D0     		beq	.L129
 639 04c6 02F58062 		add	r2, r2, #1024
 640 04ca 9342     		cmp	r3, r2
 641 04cc 28D0     		beq	.L130
 642 04ce A2F58962 		sub	r2, r2, #1096
 643 04d2 9342     		cmp	r3, r2
 644 04d4 27D0     		beq	.L131
 645 04d6 02F58062 		add	r2, r2, #1024
 646 04da 9342     		cmp	r3, r2
 647 04dc 26D0     		beq	.L132
 648 04de A2F56872 		sub	r2, r2, #928
 649 04e2 9342     		cmp	r3, r2
 650 04e4 25D0     		beq	.L133
 651 04e6 02F58062 		add	r2, r2, #1024
 652 04ea 9342     		cmp	r3, r2
 653 04ec 02D0     		beq	.L312
 654 04ee 4FF08063 		mov	r3, #67108864
 655 04f2 03E0     		b	.L32
 656              	.L312:
 657 04f4 4FF48013 		mov	r3, #1048576
 658 04f8 00E0     		b	.L32
 659              	.L123:
 660 04fa 1023     		movs	r3, #16
 661              	.L32:
 662 04fc 3A4A     		ldr	r2, .L329+8
 663 04fe 9360     		str	r3, [r2, #8]
 664 0500 64E7     		b	.L30
 665              	.L124:
 666 0502 1023     		movs	r3, #16
 667 0504 FAE7     		b	.L32
 668              	.L125:
 669 0506 1023     		movs	r3, #16
 670 0508 F8E7     		b	.L32
 671              	.L126:
 672 050a 1023     		movs	r3, #16
 673 050c F6E7     		b	.L32
 674              	.L127:
 675 050e 4FF48063 		mov	r3, #1024
 676 0512 F3E7     		b	.L32
 677              	.L128:
 678 0514 4FF48063 		mov	r3, #1024
 679 0518 F0E7     		b	.L32
 680              	.L129:
 681 051a 4FF48063 		mov	r3, #1024
 682 051e EDE7     		b	.L32
 683              	.L130:
 684 0520 4FF48063 		mov	r3, #1024
 685 0524 EAE7     		b	.L32
 686              	.L131:
 687 0526 4FF48013 		mov	r3, #1048576
 688 052a E7E7     		b	.L32
 689              	.L132:
ARM GAS  /tmp/ccQKUket.s 			page 13


 690 052c 4FF48013 		mov	r3, #1048576
 691 0530 E4E7     		b	.L32
 692              	.L133:
 693 0532 4FF48013 		mov	r3, #1048576
 694 0536 E1E7     		b	.L32
 695              	.L31:
 696 0538 2E4A     		ldr	r2, .L329+20
 697 053a 9342     		cmp	r3, r2
 698 053c 5FD9     		bls	.L33
 699 053e 483A     		subs	r2, r2, #72
 700 0540 9342     		cmp	r3, r2
 701 0542 31D0     		beq	.L135
 702 0544 02F58062 		add	r2, r2, #1024
 703 0548 9342     		cmp	r3, r2
 704 054a 31D0     		beq	.L136
 705 054c A2F56872 		sub	r2, r2, #928
 706 0550 9342     		cmp	r3, r2
 707 0552 2FD0     		beq	.L137
 708 0554 02F58062 		add	r2, r2, #1024
 709 0558 9342     		cmp	r3, r2
 710 055a 2DD0     		beq	.L138
 711 055c A2F58962 		sub	r2, r2, #1096
 712 0560 9342     		cmp	r3, r2
 713 0562 2BD0     		beq	.L139
 714 0564 02F58062 		add	r2, r2, #1024
 715 0568 9342     		cmp	r3, r2
 716 056a 2AD0     		beq	.L140
 717 056c A2F56872 		sub	r2, r2, #928
 718 0570 9342     		cmp	r3, r2
 719 0572 29D0     		beq	.L141
 720 0574 02F58062 		add	r2, r2, #1024
 721 0578 9342     		cmp	r3, r2
 722 057a 28D0     		beq	.L142
 723 057c A2F58962 		sub	r2, r2, #1096
 724 0580 9342     		cmp	r3, r2
 725 0582 27D0     		beq	.L143
 726 0584 02F58062 		add	r2, r2, #1024
 727 0588 9342     		cmp	r3, r2
 728 058a 26D0     		beq	.L144
 729 058c A2F56872 		sub	r2, r2, #928
 730 0590 9342     		cmp	r3, r2
 731 0592 31D0     		beq	.L145
 732 0594 02F58062 		add	r2, r2, #1024
 733 0598 9342     		cmp	r3, r2
 734 059a 02D0     		beq	.L313
 735 059c 4FF08063 		mov	r3, #67108864
 736 05a0 03E0     		b	.L34
 737              	.L313:
 738 05a2 4FF48013 		mov	r3, #1048576
 739 05a6 00E0     		b	.L34
 740              	.L135:
 741 05a8 1023     		movs	r3, #16
 742              	.L34:
 743 05aa 0E4A     		ldr	r2, .L329+4
 744 05ac D360     		str	r3, [r2, #12]
 745 05ae 0DE7     		b	.L30
 746              	.L136:
ARM GAS  /tmp/ccQKUket.s 			page 14


 747 05b0 1023     		movs	r3, #16
 748 05b2 FAE7     		b	.L34
 749              	.L137:
 750 05b4 1023     		movs	r3, #16
 751 05b6 F8E7     		b	.L34
 752              	.L138:
 753 05b8 1023     		movs	r3, #16
 754 05ba F6E7     		b	.L34
 755              	.L139:
 756 05bc 4FF48063 		mov	r3, #1024
 757 05c0 F3E7     		b	.L34
 758              	.L140:
 759 05c2 4FF48063 		mov	r3, #1024
 760 05c6 F0E7     		b	.L34
 761              	.L141:
 762 05c8 4FF48063 		mov	r3, #1024
 763 05cc EDE7     		b	.L34
 764              	.L142:
 765 05ce 4FF48063 		mov	r3, #1024
 766 05d2 EAE7     		b	.L34
 767              	.L143:
 768 05d4 4FF48013 		mov	r3, #1048576
 769 05d8 E7E7     		b	.L34
 770              	.L144:
 771 05da 4FF48013 		mov	r3, #1048576
 772 05de E4E7     		b	.L34
 773              	.L330:
 774              		.align	2
 775              	.L329:
 776 05e0 10600240 		.word	1073897488
 777 05e4 00600240 		.word	1073897472
 778 05e8 00640240 		.word	1073898496
 779 05ec 58640240 		.word	1073898584
 780 05f0 B8600240 		.word	1073897656
 781 05f4 58600240 		.word	1073897560
 782              	.L145:
 783 05f8 4FF48013 		mov	r3, #1048576
 784 05fc D5E7     		b	.L34
 785              	.L33:
 786 05fe B24A     		ldr	r2, .L331
 787 0600 9342     		cmp	r3, r2
 788 0602 31D0     		beq	.L147
 789 0604 02F58062 		add	r2, r2, #1024
 790 0608 9342     		cmp	r3, r2
 791 060a 31D0     		beq	.L148
 792 060c A2F56872 		sub	r2, r2, #928
 793 0610 9342     		cmp	r3, r2
 794 0612 2FD0     		beq	.L149
 795 0614 02F58062 		add	r2, r2, #1024
 796 0618 9342     		cmp	r3, r2
 797 061a 2DD0     		beq	.L150
 798 061c A2F58962 		sub	r2, r2, #1096
 799 0620 9342     		cmp	r3, r2
 800 0622 2BD0     		beq	.L151
 801 0624 02F58062 		add	r2, r2, #1024
 802 0628 9342     		cmp	r3, r2
 803 062a 2AD0     		beq	.L152
ARM GAS  /tmp/ccQKUket.s 			page 15


 804 062c A2F56872 		sub	r2, r2, #928
 805 0630 9342     		cmp	r3, r2
 806 0632 29D0     		beq	.L153
 807 0634 02F58062 		add	r2, r2, #1024
 808 0638 9342     		cmp	r3, r2
 809 063a 28D0     		beq	.L154
 810 063c A2F58962 		sub	r2, r2, #1096
 811 0640 9342     		cmp	r3, r2
 812 0642 27D0     		beq	.L155
 813 0644 02F58062 		add	r2, r2, #1024
 814 0648 9342     		cmp	r3, r2
 815 064a 26D0     		beq	.L156
 816 064c A2F56872 		sub	r2, r2, #928
 817 0650 9342     		cmp	r3, r2
 818 0652 25D0     		beq	.L157
 819 0654 02F58062 		add	r2, r2, #1024
 820 0658 9342     		cmp	r3, r2
 821 065a 02D0     		beq	.L314
 822 065c 4FF08063 		mov	r3, #67108864
 823 0660 03E0     		b	.L35
 824              	.L314:
 825 0662 4FF48013 		mov	r3, #1048576
 826 0666 00E0     		b	.L35
 827              	.L147:
 828 0668 1023     		movs	r3, #16
 829              	.L35:
 830 066a 984A     		ldr	r2, .L331+4
 831 066c 9360     		str	r3, [r2, #8]
 832 066e ADE6     		b	.L30
 833              	.L148:
 834 0670 1023     		movs	r3, #16
 835 0672 FAE7     		b	.L35
 836              	.L149:
 837 0674 1023     		movs	r3, #16
 838 0676 F8E7     		b	.L35
 839              	.L150:
 840 0678 1023     		movs	r3, #16
 841 067a F6E7     		b	.L35
 842              	.L151:
 843 067c 4FF48063 		mov	r3, #1024
 844 0680 F3E7     		b	.L35
 845              	.L152:
 846 0682 4FF48063 		mov	r3, #1024
 847 0686 F0E7     		b	.L35
 848              	.L153:
 849 0688 4FF48063 		mov	r3, #1024
 850 068c EDE7     		b	.L35
 851              	.L154:
 852 068e 4FF48063 		mov	r3, #1024
 853 0692 EAE7     		b	.L35
 854              	.L155:
 855 0694 4FF48013 		mov	r3, #1048576
 856 0698 E7E7     		b	.L35
 857              	.L156:
 858 069a 4FF48013 		mov	r3, #1048576
 859 069e E4E7     		b	.L35
 860              	.L157:
ARM GAS  /tmp/ccQKUket.s 			page 16


 861 06a0 4FF48013 		mov	r3, #1048576
 862 06a4 E1E7     		b	.L35
 863              	.L311:
 864 06a6 4FF40022 		mov	r2, #524288
 865 06aa 00E0     		b	.L37
 866              	.L159:
 867 06ac 0822     		movs	r2, #8
 868              	.L37:
 869 06ae 884B     		ldr	r3, .L331+8
 870 06b0 DA60     		str	r2, [r3, #12]
 871              	.L38:
 872 06b2 2368     		ldr	r3, [r4]
 873 06b4 874A     		ldr	r2, .L331+12
 874 06b6 9342     		cmp	r3, r2
 875 06b8 40F2CE81 		bls	.L44
 876 06bc A2F58962 		sub	r2, r2, #1096
 877 06c0 9342     		cmp	r3, r2
 878 06c2 00F06781 		beq	.L207
 879 06c6 02F58062 		add	r2, r2, #1024
 880 06ca 9342     		cmp	r3, r2
 881 06cc 00F0A981 		beq	.L208
 882 06d0 A2F56872 		sub	r2, r2, #928
 883 06d4 9342     		cmp	r3, r2
 884 06d6 00F0A681 		beq	.L209
 885 06da 02F58062 		add	r2, r2, #1024
 886 06de 9342     		cmp	r3, r2
 887 06e0 00F0A381 		beq	.L210
 888 06e4 A2F58962 		sub	r2, r2, #1096
 889 06e8 9342     		cmp	r3, r2
 890 06ea 00F0A081 		beq	.L211
 891 06ee 02F58062 		add	r2, r2, #1024
 892 06f2 9342     		cmp	r3, r2
 893 06f4 00F09E81 		beq	.L212
 894 06f8 A2F56872 		sub	r2, r2, #928
 895 06fc 9342     		cmp	r3, r2
 896 06fe 00F09C81 		beq	.L213
 897 0702 02F58062 		add	r2, r2, #1024
 898 0706 9342     		cmp	r3, r2
 899 0708 00F09A81 		beq	.L214
 900 070c A2F58962 		sub	r2, r2, #1096
 901 0710 9342     		cmp	r3, r2
 902 0712 00F09881 		beq	.L215
 903 0716 02F58062 		add	r2, r2, #1024
 904 071a 9342     		cmp	r3, r2
 905 071c 00F09681 		beq	.L216
 906 0720 A2F56872 		sub	r2, r2, #928
 907 0724 9342     		cmp	r3, r2
 908 0726 00F09481 		beq	.L217
 909 072a 02F58062 		add	r2, r2, #1024
 910 072e 9342     		cmp	r3, r2
 911 0730 00F02D81 		beq	.L315
 912 0734 4FF08072 		mov	r2, #16777216
 913 0738 2DE1     		b	.L45
 914              	.L160:
 915 073a 0822     		movs	r2, #8
 916 073c B7E7     		b	.L37
 917              	.L161:
ARM GAS  /tmp/ccQKUket.s 			page 17


 918 073e 0822     		movs	r2, #8
 919 0740 B5E7     		b	.L37
 920              	.L162:
 921 0742 0822     		movs	r2, #8
 922 0744 B3E7     		b	.L37
 923              	.L163:
 924 0746 4FF40072 		mov	r2, #512
 925 074a B0E7     		b	.L37
 926              	.L164:
 927 074c 4FF40072 		mov	r2, #512
 928 0750 ADE7     		b	.L37
 929              	.L165:
 930 0752 4FF40072 		mov	r2, #512
 931 0756 AAE7     		b	.L37
 932              	.L166:
 933 0758 4FF40072 		mov	r2, #512
 934 075c A7E7     		b	.L37
 935              	.L167:
 936 075e 4FF40022 		mov	r2, #524288
 937 0762 A4E7     		b	.L37
 938              	.L168:
 939 0764 4FF40022 		mov	r2, #524288
 940 0768 A1E7     		b	.L37
 941              	.L169:
 942 076a 4FF40022 		mov	r2, #524288
 943 076e 9EE7     		b	.L37
 944              	.L36:
 945 0770 594A     		ldr	r2, .L331+16
 946 0772 9342     		cmp	r3, r2
 947 0774 53D9     		bls	.L39
 948 0776 A83A     		subs	r2, r2, #168
 949 0778 9342     		cmp	r3, r2
 950 077a 31D0     		beq	.L171
 951 077c 02F58062 		add	r2, r2, #1024
 952 0780 9342     		cmp	r3, r2
 953 0782 31D0     		beq	.L172
 954 0784 A2F56872 		sub	r2, r2, #928
 955 0788 9342     		cmp	r3, r2
 956 078a 2FD0     		beq	.L173
 957 078c 02F58062 		add	r2, r2, #1024
 958 0790 9342     		cmp	r3, r2
 959 0792 2DD0     		beq	.L174
 960 0794 A2F58962 		sub	r2, r2, #1096
 961 0798 9342     		cmp	r3, r2
 962 079a 2BD0     		beq	.L175
 963 079c 02F58062 		add	r2, r2, #1024
 964 07a0 9342     		cmp	r3, r2
 965 07a2 2AD0     		beq	.L176
 966 07a4 A2F56872 		sub	r2, r2, #928
 967 07a8 9342     		cmp	r3, r2
 968 07aa 29D0     		beq	.L177
 969 07ac 02F58062 		add	r2, r2, #1024
 970 07b0 9342     		cmp	r3, r2
 971 07b2 28D0     		beq	.L178
 972 07b4 A2F58962 		sub	r2, r2, #1096
 973 07b8 9342     		cmp	r3, r2
 974 07ba 27D0     		beq	.L179
ARM GAS  /tmp/ccQKUket.s 			page 18


 975 07bc 02F58062 		add	r2, r2, #1024
 976 07c0 9342     		cmp	r3, r2
 977 07c2 26D0     		beq	.L180
 978 07c4 A2F56872 		sub	r2, r2, #928
 979 07c8 9342     		cmp	r3, r2
 980 07ca 25D0     		beq	.L181
 981 07cc 02F58062 		add	r2, r2, #1024
 982 07d0 9342     		cmp	r3, r2
 983 07d2 02D0     		beq	.L316
 984 07d4 4FF00073 		mov	r3, #33554432
 985 07d8 03E0     		b	.L40
 986              	.L316:
 987 07da 4FF40023 		mov	r3, #524288
 988 07de 00E0     		b	.L40
 989              	.L171:
 990 07e0 0823     		movs	r3, #8
 991              	.L40:
 992 07e2 3B4A     		ldr	r2, .L331+8
 993 07e4 9360     		str	r3, [r2, #8]
 994 07e6 64E7     		b	.L38
 995              	.L172:
 996 07e8 0823     		movs	r3, #8
 997 07ea FAE7     		b	.L40
 998              	.L173:
 999 07ec 0823     		movs	r3, #8
 1000 07ee F8E7     		b	.L40
 1001              	.L174:
 1002 07f0 0823     		movs	r3, #8
 1003 07f2 F6E7     		b	.L40
 1004              	.L175:
 1005 07f4 4FF40073 		mov	r3, #512
 1006 07f8 F3E7     		b	.L40
 1007              	.L176:
 1008 07fa 4FF40073 		mov	r3, #512
 1009 07fe F0E7     		b	.L40
 1010              	.L177:
 1011 0800 4FF40073 		mov	r3, #512
 1012 0804 EDE7     		b	.L40
 1013              	.L178:
 1014 0806 4FF40073 		mov	r3, #512
 1015 080a EAE7     		b	.L40
 1016              	.L179:
 1017 080c 4FF40023 		mov	r3, #524288
 1018 0810 E7E7     		b	.L40
 1019              	.L180:
 1020 0812 4FF40023 		mov	r3, #524288
 1021 0816 E4E7     		b	.L40
 1022              	.L181:
 1023 0818 4FF40023 		mov	r3, #524288
 1024 081c E1E7     		b	.L40
 1025              	.L39:
 1026 081e 2F4A     		ldr	r2, .L331+20
 1027 0820 9342     		cmp	r3, r2
 1028 0822 60D9     		bls	.L41
 1029 0824 483A     		subs	r2, r2, #72
 1030 0826 9342     		cmp	r3, r2
 1031 0828 31D0     		beq	.L183
ARM GAS  /tmp/ccQKUket.s 			page 19


 1032 082a 02F58062 		add	r2, r2, #1024
 1033 082e 9342     		cmp	r3, r2
 1034 0830 31D0     		beq	.L184
 1035 0832 A2F56872 		sub	r2, r2, #928
 1036 0836 9342     		cmp	r3, r2
 1037 0838 2FD0     		beq	.L185
 1038 083a 02F58062 		add	r2, r2, #1024
 1039 083e 9342     		cmp	r3, r2
 1040 0840 2DD0     		beq	.L186
 1041 0842 A2F58962 		sub	r2, r2, #1096
 1042 0846 9342     		cmp	r3, r2
 1043 0848 2BD0     		beq	.L187
 1044 084a 02F58062 		add	r2, r2, #1024
 1045 084e 9342     		cmp	r3, r2
 1046 0850 2AD0     		beq	.L188
 1047 0852 A2F56872 		sub	r2, r2, #928
 1048 0856 9342     		cmp	r3, r2
 1049 0858 29D0     		beq	.L189
 1050 085a 02F58062 		add	r2, r2, #1024
 1051 085e 9342     		cmp	r3, r2
 1052 0860 28D0     		beq	.L190
 1053 0862 A2F58962 		sub	r2, r2, #1096
 1054 0866 9342     		cmp	r3, r2
 1055 0868 27D0     		beq	.L191
 1056 086a 02F58062 		add	r2, r2, #1024
 1057 086e 9342     		cmp	r3, r2
 1058 0870 26D0     		beq	.L192
 1059 0872 A2F56872 		sub	r2, r2, #928
 1060 0876 9342     		cmp	r3, r2
 1061 0878 32D0     		beq	.L193
 1062 087a 02F58062 		add	r2, r2, #1024
 1063 087e 9342     		cmp	r3, r2
 1064 0880 02D0     		beq	.L317
 1065 0882 4FF00073 		mov	r3, #33554432
 1066 0886 03E0     		b	.L42
 1067              	.L317:
 1068 0888 4FF40023 		mov	r3, #524288
 1069 088c 00E0     		b	.L42
 1070              	.L183:
 1071 088e 0823     		movs	r3, #8
 1072              	.L42:
 1073 0890 0E4A     		ldr	r2, .L331+4
 1074 0892 D360     		str	r3, [r2, #12]
 1075 0894 0DE7     		b	.L38
 1076              	.L184:
 1077 0896 0823     		movs	r3, #8
 1078 0898 FAE7     		b	.L42
 1079              	.L185:
 1080 089a 0823     		movs	r3, #8
 1081 089c F8E7     		b	.L42
 1082              	.L186:
 1083 089e 0823     		movs	r3, #8
 1084 08a0 F6E7     		b	.L42
 1085              	.L187:
 1086 08a2 4FF40073 		mov	r3, #512
 1087 08a6 F3E7     		b	.L42
 1088              	.L188:
ARM GAS  /tmp/ccQKUket.s 			page 20


 1089 08a8 4FF40073 		mov	r3, #512
 1090 08ac F0E7     		b	.L42
 1091              	.L189:
 1092 08ae 4FF40073 		mov	r3, #512
 1093 08b2 EDE7     		b	.L42
 1094              	.L190:
 1095 08b4 4FF40073 		mov	r3, #512
 1096 08b8 EAE7     		b	.L42
 1097              	.L191:
 1098 08ba 4FF40023 		mov	r3, #524288
 1099 08be E7E7     		b	.L42
 1100              	.L192:
 1101 08c0 4FF40023 		mov	r3, #524288
 1102 08c4 E4E7     		b	.L42
 1103              	.L332:
 1104 08c6 00BF     		.align	2
 1105              	.L331:
 1106 08c8 10600240 		.word	1073897488
 1107 08cc 00600240 		.word	1073897472
 1108 08d0 00640240 		.word	1073898496
 1109 08d4 58640240 		.word	1073898584
 1110 08d8 B8600240 		.word	1073897656
 1111 08dc 58600240 		.word	1073897560
 1112              	.L193:
 1113 08e0 4FF40023 		mov	r3, #524288
 1114 08e4 D4E7     		b	.L42
 1115              	.L41:
 1116 08e6 B24A     		ldr	r2, .L333
 1117 08e8 9342     		cmp	r3, r2
 1118 08ea 31D0     		beq	.L195
 1119 08ec 02F58062 		add	r2, r2, #1024
 1120 08f0 9342     		cmp	r3, r2
 1121 08f2 31D0     		beq	.L196
 1122 08f4 A2F56872 		sub	r2, r2, #928
 1123 08f8 9342     		cmp	r3, r2
 1124 08fa 2FD0     		beq	.L197
 1125 08fc 02F58062 		add	r2, r2, #1024
 1126 0900 9342     		cmp	r3, r2
 1127 0902 2DD0     		beq	.L198
 1128 0904 A2F58962 		sub	r2, r2, #1096
 1129 0908 9342     		cmp	r3, r2
 1130 090a 2BD0     		beq	.L199
 1131 090c 02F58062 		add	r2, r2, #1024
 1132 0910 9342     		cmp	r3, r2
 1133 0912 2AD0     		beq	.L200
 1134 0914 A2F56872 		sub	r2, r2, #928
 1135 0918 9342     		cmp	r3, r2
 1136 091a 29D0     		beq	.L201
 1137 091c 02F58062 		add	r2, r2, #1024
 1138 0920 9342     		cmp	r3, r2
 1139 0922 28D0     		beq	.L202
 1140 0924 A2F58962 		sub	r2, r2, #1096
 1141 0928 9342     		cmp	r3, r2
 1142 092a 27D0     		beq	.L203
 1143 092c 02F58062 		add	r2, r2, #1024
 1144 0930 9342     		cmp	r3, r2
 1145 0932 26D0     		beq	.L204
ARM GAS  /tmp/ccQKUket.s 			page 21


 1146 0934 A2F56872 		sub	r2, r2, #928
 1147 0938 9342     		cmp	r3, r2
 1148 093a 25D0     		beq	.L205
 1149 093c 02F58062 		add	r2, r2, #1024
 1150 0940 9342     		cmp	r3, r2
 1151 0942 02D0     		beq	.L318
 1152 0944 4FF00073 		mov	r3, #33554432
 1153 0948 03E0     		b	.L43
 1154              	.L318:
 1155 094a 4FF40023 		mov	r3, #524288
 1156 094e 00E0     		b	.L43
 1157              	.L195:
 1158 0950 0823     		movs	r3, #8
 1159              	.L43:
 1160 0952 984A     		ldr	r2, .L333+4
 1161 0954 9360     		str	r3, [r2, #8]
 1162 0956 ACE6     		b	.L38
 1163              	.L196:
 1164 0958 0823     		movs	r3, #8
 1165 095a FAE7     		b	.L43
 1166              	.L197:
 1167 095c 0823     		movs	r3, #8
 1168 095e F8E7     		b	.L43
 1169              	.L198:
 1170 0960 0823     		movs	r3, #8
 1171 0962 F6E7     		b	.L43
 1172              	.L199:
 1173 0964 4FF40073 		mov	r3, #512
 1174 0968 F3E7     		b	.L43
 1175              	.L200:
 1176 096a 4FF40073 		mov	r3, #512
 1177 096e F0E7     		b	.L43
 1178              	.L201:
 1179 0970 4FF40073 		mov	r3, #512
 1180 0974 EDE7     		b	.L43
 1181              	.L202:
 1182 0976 4FF40073 		mov	r3, #512
 1183 097a EAE7     		b	.L43
 1184              	.L203:
 1185 097c 4FF40023 		mov	r3, #524288
 1186 0980 E7E7     		b	.L43
 1187              	.L204:
 1188 0982 4FF40023 		mov	r3, #524288
 1189 0986 E4E7     		b	.L43
 1190              	.L205:
 1191 0988 4FF40023 		mov	r3, #524288
 1192 098c E1E7     		b	.L43
 1193              	.L315:
 1194 098e 4FF48022 		mov	r2, #262144
 1195 0992 00E0     		b	.L45
 1196              	.L207:
 1197 0994 0422     		movs	r2, #4
 1198              	.L45:
 1199 0996 884B     		ldr	r3, .L333+8
 1200 0998 DA60     		str	r2, [r3, #12]
 1201              	.L46:
 1202 099a 2368     		ldr	r3, [r4]
ARM GAS  /tmp/ccQKUket.s 			page 22


 1203 099c 874A     		ldr	r2, .L333+12
 1204 099e 9342     		cmp	r3, r2
 1205 09a0 40F2A181 		bls	.L52
 1206 09a4 A2F58962 		sub	r2, r2, #1096
 1207 09a8 9342     		cmp	r3, r2
 1208 09aa 00F06781 		beq	.L255
 1209 09ae 02F58062 		add	r2, r2, #1024
 1210 09b2 9342     		cmp	r3, r2
 1211 09b4 00F08081 		beq	.L256
 1212 09b8 A2F56872 		sub	r2, r2, #928
 1213 09bc 9342     		cmp	r3, r2
 1214 09be 00F07D81 		beq	.L257
 1215 09c2 02F58062 		add	r2, r2, #1024
 1216 09c6 9342     		cmp	r3, r2
 1217 09c8 00F07A81 		beq	.L258
 1218 09cc A2F58962 		sub	r2, r2, #1096
 1219 09d0 9342     		cmp	r3, r2
 1220 09d2 00F07781 		beq	.L259
 1221 09d6 02F58062 		add	r2, r2, #1024
 1222 09da 9342     		cmp	r3, r2
 1223 09dc 00F07481 		beq	.L260
 1224 09e0 A2F56872 		sub	r2, r2, #928
 1225 09e4 9342     		cmp	r3, r2
 1226 09e6 00F07181 		beq	.L261
 1227 09ea 02F58062 		add	r2, r2, #1024
 1228 09ee 9342     		cmp	r3, r2
 1229 09f0 00F06E81 		beq	.L262
 1230 09f4 A2F58962 		sub	r2, r2, #1096
 1231 09f8 9342     		cmp	r3, r2
 1232 09fa 00F06B81 		beq	.L263
 1233 09fe 02F58062 		add	r2, r2, #1024
 1234 0a02 9342     		cmp	r3, r2
 1235 0a04 00F06981 		beq	.L264
 1236 0a08 A2F56872 		sub	r2, r2, #928
 1237 0a0c 9342     		cmp	r3, r2
 1238 0a0e 00F06781 		beq	.L265
 1239 0a12 02F58062 		add	r2, r2, #1024
 1240 0a16 9342     		cmp	r3, r2
 1241 0a18 00F02D81 		beq	.L319
 1242 0a1c 4FF48002 		mov	r2, #4194304
 1243 0a20 2DE1     		b	.L53
 1244              	.L208:
 1245 0a22 0422     		movs	r2, #4
 1246 0a24 B7E7     		b	.L45
 1247              	.L209:
 1248 0a26 0422     		movs	r2, #4
 1249 0a28 B5E7     		b	.L45
 1250              	.L210:
 1251 0a2a 0422     		movs	r2, #4
 1252 0a2c B3E7     		b	.L45
 1253              	.L211:
 1254 0a2e 4FF48072 		mov	r2, #256
 1255 0a32 B0E7     		b	.L45
 1256              	.L212:
 1257 0a34 4FF48072 		mov	r2, #256
 1258 0a38 ADE7     		b	.L45
 1259              	.L213:
ARM GAS  /tmp/ccQKUket.s 			page 23


 1260 0a3a 4FF48072 		mov	r2, #256
 1261 0a3e AAE7     		b	.L45
 1262              	.L214:
 1263 0a40 4FF48072 		mov	r2, #256
 1264 0a44 A7E7     		b	.L45
 1265              	.L215:
 1266 0a46 4FF48022 		mov	r2, #262144
 1267 0a4a A4E7     		b	.L45
 1268              	.L216:
 1269 0a4c 4FF48022 		mov	r2, #262144
 1270 0a50 A1E7     		b	.L45
 1271              	.L217:
 1272 0a52 4FF48022 		mov	r2, #262144
 1273 0a56 9EE7     		b	.L45
 1274              	.L44:
 1275 0a58 594A     		ldr	r2, .L333+16
 1276 0a5a 9342     		cmp	r3, r2
 1277 0a5c 53D9     		bls	.L47
 1278 0a5e A83A     		subs	r2, r2, #168
 1279 0a60 9342     		cmp	r3, r2
 1280 0a62 31D0     		beq	.L219
 1281 0a64 02F58062 		add	r2, r2, #1024
 1282 0a68 9342     		cmp	r3, r2
 1283 0a6a 31D0     		beq	.L220
 1284 0a6c A2F56872 		sub	r2, r2, #928
 1285 0a70 9342     		cmp	r3, r2
 1286 0a72 2FD0     		beq	.L221
 1287 0a74 02F58062 		add	r2, r2, #1024
 1288 0a78 9342     		cmp	r3, r2
 1289 0a7a 2DD0     		beq	.L222
 1290 0a7c A2F58962 		sub	r2, r2, #1096
 1291 0a80 9342     		cmp	r3, r2
 1292 0a82 2BD0     		beq	.L223
 1293 0a84 02F58062 		add	r2, r2, #1024
 1294 0a88 9342     		cmp	r3, r2
 1295 0a8a 2AD0     		beq	.L224
 1296 0a8c A2F56872 		sub	r2, r2, #928
 1297 0a90 9342     		cmp	r3, r2
 1298 0a92 29D0     		beq	.L225
 1299 0a94 02F58062 		add	r2, r2, #1024
 1300 0a98 9342     		cmp	r3, r2
 1301 0a9a 28D0     		beq	.L226
 1302 0a9c A2F58962 		sub	r2, r2, #1096
 1303 0aa0 9342     		cmp	r3, r2
 1304 0aa2 27D0     		beq	.L227
 1305 0aa4 02F58062 		add	r2, r2, #1024
 1306 0aa8 9342     		cmp	r3, r2
 1307 0aaa 26D0     		beq	.L228
 1308 0aac A2F56872 		sub	r2, r2, #928
 1309 0ab0 9342     		cmp	r3, r2
 1310 0ab2 25D0     		beq	.L229
 1311 0ab4 02F58062 		add	r2, r2, #1024
 1312 0ab8 9342     		cmp	r3, r2
 1313 0aba 02D0     		beq	.L320
 1314 0abc 4FF08073 		mov	r3, #16777216
 1315 0ac0 03E0     		b	.L48
 1316              	.L320:
ARM GAS  /tmp/ccQKUket.s 			page 24


 1317 0ac2 4FF48023 		mov	r3, #262144
 1318 0ac6 00E0     		b	.L48
 1319              	.L219:
 1320 0ac8 0423     		movs	r3, #4
 1321              	.L48:
 1322 0aca 3B4A     		ldr	r2, .L333+8
 1323 0acc 9360     		str	r3, [r2, #8]
 1324 0ace 64E7     		b	.L46
 1325              	.L220:
 1326 0ad0 0423     		movs	r3, #4
 1327 0ad2 FAE7     		b	.L48
 1328              	.L221:
 1329 0ad4 0423     		movs	r3, #4
 1330 0ad6 F8E7     		b	.L48
 1331              	.L222:
 1332 0ad8 0423     		movs	r3, #4
 1333 0ada F6E7     		b	.L48
 1334              	.L223:
 1335 0adc 4FF48073 		mov	r3, #256
 1336 0ae0 F3E7     		b	.L48
 1337              	.L224:
 1338 0ae2 4FF48073 		mov	r3, #256
 1339 0ae6 F0E7     		b	.L48
 1340              	.L225:
 1341 0ae8 4FF48073 		mov	r3, #256
 1342 0aec EDE7     		b	.L48
 1343              	.L226:
 1344 0aee 4FF48073 		mov	r3, #256
 1345 0af2 EAE7     		b	.L48
 1346              	.L227:
 1347 0af4 4FF48023 		mov	r3, #262144
 1348 0af8 E7E7     		b	.L48
 1349              	.L228:
 1350 0afa 4FF48023 		mov	r3, #262144
 1351 0afe E4E7     		b	.L48
 1352              	.L229:
 1353 0b00 4FF48023 		mov	r3, #262144
 1354 0b04 E1E7     		b	.L48
 1355              	.L47:
 1356 0b06 2F4A     		ldr	r2, .L333+20
 1357 0b08 9342     		cmp	r3, r2
 1358 0b0a 60D9     		bls	.L49
 1359 0b0c 483A     		subs	r2, r2, #72
 1360 0b0e 9342     		cmp	r3, r2
 1361 0b10 31D0     		beq	.L231
 1362 0b12 02F58062 		add	r2, r2, #1024
 1363 0b16 9342     		cmp	r3, r2
 1364 0b18 31D0     		beq	.L232
 1365 0b1a A2F56872 		sub	r2, r2, #928
 1366 0b1e 9342     		cmp	r3, r2
 1367 0b20 2FD0     		beq	.L233
 1368 0b22 02F58062 		add	r2, r2, #1024
 1369 0b26 9342     		cmp	r3, r2
 1370 0b28 2DD0     		beq	.L234
 1371 0b2a A2F58962 		sub	r2, r2, #1096
 1372 0b2e 9342     		cmp	r3, r2
 1373 0b30 2BD0     		beq	.L235
ARM GAS  /tmp/ccQKUket.s 			page 25


 1374 0b32 02F58062 		add	r2, r2, #1024
 1375 0b36 9342     		cmp	r3, r2
 1376 0b38 2AD0     		beq	.L236
 1377 0b3a A2F56872 		sub	r2, r2, #928
 1378 0b3e 9342     		cmp	r3, r2
 1379 0b40 29D0     		beq	.L237
 1380 0b42 02F58062 		add	r2, r2, #1024
 1381 0b46 9342     		cmp	r3, r2
 1382 0b48 28D0     		beq	.L238
 1383 0b4a A2F58962 		sub	r2, r2, #1096
 1384 0b4e 9342     		cmp	r3, r2
 1385 0b50 27D0     		beq	.L239
 1386 0b52 02F58062 		add	r2, r2, #1024
 1387 0b56 9342     		cmp	r3, r2
 1388 0b58 26D0     		beq	.L240
 1389 0b5a A2F56872 		sub	r2, r2, #928
 1390 0b5e 9342     		cmp	r3, r2
 1391 0b60 32D0     		beq	.L241
 1392 0b62 02F58062 		add	r2, r2, #1024
 1393 0b66 9342     		cmp	r3, r2
 1394 0b68 02D0     		beq	.L321
 1395 0b6a 4FF08073 		mov	r3, #16777216
 1396 0b6e 03E0     		b	.L50
 1397              	.L321:
 1398 0b70 4FF48023 		mov	r3, #262144
 1399 0b74 00E0     		b	.L50
 1400              	.L231:
 1401 0b76 0423     		movs	r3, #4
 1402              	.L50:
 1403 0b78 0E4A     		ldr	r2, .L333+4
 1404 0b7a D360     		str	r3, [r2, #12]
 1405 0b7c 0DE7     		b	.L46
 1406              	.L232:
 1407 0b7e 0423     		movs	r3, #4
 1408 0b80 FAE7     		b	.L50
 1409              	.L233:
 1410 0b82 0423     		movs	r3, #4
 1411 0b84 F8E7     		b	.L50
 1412              	.L234:
 1413 0b86 0423     		movs	r3, #4
 1414 0b88 F6E7     		b	.L50
 1415              	.L235:
 1416 0b8a 4FF48073 		mov	r3, #256
 1417 0b8e F3E7     		b	.L50
 1418              	.L236:
 1419 0b90 4FF48073 		mov	r3, #256
 1420 0b94 F0E7     		b	.L50
 1421              	.L237:
 1422 0b96 4FF48073 		mov	r3, #256
 1423 0b9a EDE7     		b	.L50
 1424              	.L238:
 1425 0b9c 4FF48073 		mov	r3, #256
 1426 0ba0 EAE7     		b	.L50
 1427              	.L239:
 1428 0ba2 4FF48023 		mov	r3, #262144
 1429 0ba6 E7E7     		b	.L50
 1430              	.L240:
ARM GAS  /tmp/ccQKUket.s 			page 26


 1431 0ba8 4FF48023 		mov	r3, #262144
 1432 0bac E4E7     		b	.L50
 1433              	.L334:
 1434 0bae 00BF     		.align	2
 1435              	.L333:
 1436 0bb0 10600240 		.word	1073897488
 1437 0bb4 00600240 		.word	1073897472
 1438 0bb8 00640240 		.word	1073898496
 1439 0bbc 58640240 		.word	1073898584
 1440 0bc0 B8600240 		.word	1073897656
 1441 0bc4 58600240 		.word	1073897560
 1442              	.L241:
 1443 0bc8 4FF48023 		mov	r3, #262144
 1444 0bcc D4E7     		b	.L50
 1445              	.L49:
 1446 0bce 994A     		ldr	r2, .L335
 1447 0bd0 9342     		cmp	r3, r2
 1448 0bd2 31D0     		beq	.L243
 1449 0bd4 02F58062 		add	r2, r2, #1024
 1450 0bd8 9342     		cmp	r3, r2
 1451 0bda 31D0     		beq	.L244
 1452 0bdc A2F56872 		sub	r2, r2, #928
 1453 0be0 9342     		cmp	r3, r2
 1454 0be2 2FD0     		beq	.L245
 1455 0be4 02F58062 		add	r2, r2, #1024
 1456 0be8 9342     		cmp	r3, r2
 1457 0bea 2DD0     		beq	.L246
 1458 0bec A2F58962 		sub	r2, r2, #1096
 1459 0bf0 9342     		cmp	r3, r2
 1460 0bf2 2BD0     		beq	.L247
 1461 0bf4 02F58062 		add	r2, r2, #1024
 1462 0bf8 9342     		cmp	r3, r2
 1463 0bfa 2AD0     		beq	.L248
 1464 0bfc A2F56872 		sub	r2, r2, #928
 1465 0c00 9342     		cmp	r3, r2
 1466 0c02 29D0     		beq	.L249
 1467 0c04 02F58062 		add	r2, r2, #1024
 1468 0c08 9342     		cmp	r3, r2
 1469 0c0a 28D0     		beq	.L250
 1470 0c0c A2F58962 		sub	r2, r2, #1096
 1471 0c10 9342     		cmp	r3, r2
 1472 0c12 27D0     		beq	.L251
 1473 0c14 02F58062 		add	r2, r2, #1024
 1474 0c18 9342     		cmp	r3, r2
 1475 0c1a 26D0     		beq	.L252
 1476 0c1c A2F56872 		sub	r2, r2, #928
 1477 0c20 9342     		cmp	r3, r2
 1478 0c22 25D0     		beq	.L253
 1479 0c24 02F58062 		add	r2, r2, #1024
 1480 0c28 9342     		cmp	r3, r2
 1481 0c2a 02D0     		beq	.L322
 1482 0c2c 4FF08073 		mov	r3, #16777216
 1483 0c30 03E0     		b	.L51
 1484              	.L322:
 1485 0c32 4FF48023 		mov	r3, #262144
 1486 0c36 00E0     		b	.L51
 1487              	.L243:
ARM GAS  /tmp/ccQKUket.s 			page 27


 1488 0c38 0423     		movs	r3, #4
 1489              	.L51:
 1490 0c3a 7F4A     		ldr	r2, .L335+4
 1491 0c3c 9360     		str	r3, [r2, #8]
 1492 0c3e ACE6     		b	.L46
 1493              	.L244:
 1494 0c40 0423     		movs	r3, #4
 1495 0c42 FAE7     		b	.L51
 1496              	.L245:
 1497 0c44 0423     		movs	r3, #4
 1498 0c46 F8E7     		b	.L51
 1499              	.L246:
 1500 0c48 0423     		movs	r3, #4
 1501 0c4a F6E7     		b	.L51
 1502              	.L247:
 1503 0c4c 4FF48073 		mov	r3, #256
 1504 0c50 F3E7     		b	.L51
 1505              	.L248:
 1506 0c52 4FF48073 		mov	r3, #256
 1507 0c56 F0E7     		b	.L51
 1508              	.L249:
 1509 0c58 4FF48073 		mov	r3, #256
 1510 0c5c EDE7     		b	.L51
 1511              	.L250:
 1512 0c5e 4FF48073 		mov	r3, #256
 1513 0c62 EAE7     		b	.L51
 1514              	.L251:
 1515 0c64 4FF48023 		mov	r3, #262144
 1516 0c68 E7E7     		b	.L51
 1517              	.L252:
 1518 0c6a 4FF48023 		mov	r3, #262144
 1519 0c6e E4E7     		b	.L51
 1520              	.L253:
 1521 0c70 4FF48023 		mov	r3, #262144
 1522 0c74 E1E7     		b	.L51
 1523              	.L319:
 1524 0c76 4FF48032 		mov	r2, #65536
 1525 0c7a 00E0     		b	.L53
 1526              	.L255:
 1527 0c7c 0122     		movs	r2, #1
 1528              	.L53:
 1529 0c7e 6F4B     		ldr	r3, .L335+8
 1530 0c80 DA60     		str	r2, [r3, #12]
 1531              	.L54:
 1532 0c82 2268     		ldr	r2, [r4]
 1533 0c84 1368     		ldr	r3, [r2]
 1534 0c86 43F01603 		orr	r3, r3, #22
 1535 0c8a 1360     		str	r3, [r2]
 1536 0c8c 2268     		ldr	r2, [r4]
 1537 0c8e 5369     		ldr	r3, [r2, #20]
 1538 0c90 43F08003 		orr	r3, r3, #128
 1539 0c94 5361     		str	r3, [r2, #20]
 1540 0c96 236C     		ldr	r3, [r4, #64]
 1541 0c98 002B     		cmp	r3, #0
 1542 0c9a 00F02581 		beq	.L323
 1543              	.L60:
 1544 0c9e 2268     		ldr	r2, [r4]
ARM GAS  /tmp/ccQKUket.s 			page 28


 1545 0ca0 1368     		ldr	r3, [r2]
 1546 0ca2 43F00803 		orr	r3, r3, #8
 1547 0ca6 1360     		str	r3, [r2]
 1548              	.L61:
 1549 0ca8 2268     		ldr	r2, [r4]
 1550 0caa 1368     		ldr	r3, [r2]
 1551 0cac 43F00103 		orr	r3, r3, #1
 1552 0cb0 1360     		str	r3, [r2]
 1553 0cb2 0020     		movs	r0, #0
 1554 0cb4 FFF7C9B9 		b	.L16
 1555              	.L256:
 1556 0cb8 0122     		movs	r2, #1
 1557 0cba E0E7     		b	.L53
 1558              	.L257:
 1559 0cbc 0122     		movs	r2, #1
 1560 0cbe DEE7     		b	.L53
 1561              	.L258:
 1562 0cc0 0122     		movs	r2, #1
 1563 0cc2 DCE7     		b	.L53
 1564              	.L259:
 1565 0cc4 4022     		movs	r2, #64
 1566 0cc6 DAE7     		b	.L53
 1567              	.L260:
 1568 0cc8 4022     		movs	r2, #64
 1569 0cca D8E7     		b	.L53
 1570              	.L261:
 1571 0ccc 4022     		movs	r2, #64
 1572 0cce D6E7     		b	.L53
 1573              	.L262:
 1574 0cd0 4022     		movs	r2, #64
 1575 0cd2 D4E7     		b	.L53
 1576              	.L263:
 1577 0cd4 4FF48032 		mov	r2, #65536
 1578 0cd8 D1E7     		b	.L53
 1579              	.L264:
 1580 0cda 4FF48032 		mov	r2, #65536
 1581 0cde CEE7     		b	.L53
 1582              	.L265:
 1583 0ce0 4FF48032 		mov	r2, #65536
 1584 0ce4 CBE7     		b	.L53
 1585              	.L52:
 1586 0ce6 564A     		ldr	r2, .L335+12
 1587 0ce8 9342     		cmp	r3, r2
 1588 0cea 4FD9     		bls	.L55
 1589 0cec A83A     		subs	r2, r2, #168
 1590 0cee 9342     		cmp	r3, r2
 1591 0cf0 31D0     		beq	.L267
 1592 0cf2 02F58062 		add	r2, r2, #1024
 1593 0cf6 9342     		cmp	r3, r2
 1594 0cf8 31D0     		beq	.L268
 1595 0cfa A2F56872 		sub	r2, r2, #928
 1596 0cfe 9342     		cmp	r3, r2
 1597 0d00 2FD0     		beq	.L269
 1598 0d02 02F58062 		add	r2, r2, #1024
 1599 0d06 9342     		cmp	r3, r2
 1600 0d08 2DD0     		beq	.L270
 1601 0d0a A2F58962 		sub	r2, r2, #1096
ARM GAS  /tmp/ccQKUket.s 			page 29


 1602 0d0e 9342     		cmp	r3, r2
 1603 0d10 2BD0     		beq	.L271
 1604 0d12 02F58062 		add	r2, r2, #1024
 1605 0d16 9342     		cmp	r3, r2
 1606 0d18 29D0     		beq	.L272
 1607 0d1a A2F56872 		sub	r2, r2, #928
 1608 0d1e 9342     		cmp	r3, r2
 1609 0d20 27D0     		beq	.L273
 1610 0d22 02F58062 		add	r2, r2, #1024
 1611 0d26 9342     		cmp	r3, r2
 1612 0d28 25D0     		beq	.L274
 1613 0d2a A2F58962 		sub	r2, r2, #1096
 1614 0d2e 9342     		cmp	r3, r2
 1615 0d30 23D0     		beq	.L275
 1616 0d32 02F58062 		add	r2, r2, #1024
 1617 0d36 9342     		cmp	r3, r2
 1618 0d38 22D0     		beq	.L276
 1619 0d3a A2F56872 		sub	r2, r2, #928
 1620 0d3e 9342     		cmp	r3, r2
 1621 0d40 21D0     		beq	.L277
 1622 0d42 02F58062 		add	r2, r2, #1024
 1623 0d46 9342     		cmp	r3, r2
 1624 0d48 02D0     		beq	.L324
 1625 0d4a 4FF48003 		mov	r3, #4194304
 1626 0d4e 03E0     		b	.L56
 1627              	.L324:
 1628 0d50 4FF48033 		mov	r3, #65536
 1629 0d54 00E0     		b	.L56
 1630              	.L267:
 1631 0d56 0123     		movs	r3, #1
 1632              	.L56:
 1633 0d58 384A     		ldr	r2, .L335+8
 1634 0d5a 9360     		str	r3, [r2, #8]
 1635 0d5c 91E7     		b	.L54
 1636              	.L268:
 1637 0d5e 0123     		movs	r3, #1
 1638 0d60 FAE7     		b	.L56
 1639              	.L269:
 1640 0d62 0123     		movs	r3, #1
 1641 0d64 F8E7     		b	.L56
 1642              	.L270:
 1643 0d66 0123     		movs	r3, #1
 1644 0d68 F6E7     		b	.L56
 1645              	.L271:
 1646 0d6a 4023     		movs	r3, #64
 1647 0d6c F4E7     		b	.L56
 1648              	.L272:
 1649 0d6e 4023     		movs	r3, #64
 1650 0d70 F2E7     		b	.L56
 1651              	.L273:
 1652 0d72 4023     		movs	r3, #64
 1653 0d74 F0E7     		b	.L56
 1654              	.L274:
 1655 0d76 4023     		movs	r3, #64
 1656 0d78 EEE7     		b	.L56
 1657              	.L275:
 1658 0d7a 4FF48033 		mov	r3, #65536
ARM GAS  /tmp/ccQKUket.s 			page 30


 1659 0d7e EBE7     		b	.L56
 1660              	.L276:
 1661 0d80 4FF48033 		mov	r3, #65536
 1662 0d84 E8E7     		b	.L56
 1663              	.L277:
 1664 0d86 4FF48033 		mov	r3, #65536
 1665 0d8a E5E7     		b	.L56
 1666              	.L55:
 1667 0d8c 2D4A     		ldr	r2, .L335+16
 1668 0d8e 9342     		cmp	r3, r2
 1669 0d90 5AD9     		bls	.L57
 1670 0d92 483A     		subs	r2, r2, #72
 1671 0d94 9342     		cmp	r3, r2
 1672 0d96 31D0     		beq	.L279
 1673 0d98 02F58062 		add	r2, r2, #1024
 1674 0d9c 9342     		cmp	r3, r2
 1675 0d9e 31D0     		beq	.L280
 1676 0da0 A2F56872 		sub	r2, r2, #928
 1677 0da4 9342     		cmp	r3, r2
 1678 0da6 2FD0     		beq	.L281
 1679 0da8 02F58062 		add	r2, r2, #1024
 1680 0dac 9342     		cmp	r3, r2
 1681 0dae 2DD0     		beq	.L282
 1682 0db0 A2F58962 		sub	r2, r2, #1096
 1683 0db4 9342     		cmp	r3, r2
 1684 0db6 2BD0     		beq	.L283
 1685 0db8 02F58062 		add	r2, r2, #1024
 1686 0dbc 9342     		cmp	r3, r2
 1687 0dbe 29D0     		beq	.L284
 1688 0dc0 A2F56872 		sub	r2, r2, #928
 1689 0dc4 9342     		cmp	r3, r2
 1690 0dc6 27D0     		beq	.L285
 1691 0dc8 02F58062 		add	r2, r2, #1024
 1692 0dcc 9342     		cmp	r3, r2
 1693 0dce 25D0     		beq	.L286
 1694 0dd0 A2F58962 		sub	r2, r2, #1096
 1695 0dd4 9342     		cmp	r3, r2
 1696 0dd6 23D0     		beq	.L287
 1697 0dd8 02F58062 		add	r2, r2, #1024
 1698 0ddc 9342     		cmp	r3, r2
 1699 0dde 22D0     		beq	.L288
 1700 0de0 A2F56872 		sub	r2, r2, #928
 1701 0de4 9342     		cmp	r3, r2
 1702 0de6 21D0     		beq	.L289
 1703 0de8 02F58062 		add	r2, r2, #1024
 1704 0dec 9342     		cmp	r3, r2
 1705 0dee 02D0     		beq	.L325
 1706 0df0 4FF48003 		mov	r3, #4194304
 1707 0df4 03E0     		b	.L58
 1708              	.L325:
 1709 0df6 4FF48033 		mov	r3, #65536
 1710 0dfa 00E0     		b	.L58
 1711              	.L279:
 1712 0dfc 0123     		movs	r3, #1
 1713              	.L58:
 1714 0dfe 0E4A     		ldr	r2, .L335+4
 1715 0e00 D360     		str	r3, [r2, #12]
ARM GAS  /tmp/ccQKUket.s 			page 31


 1716 0e02 3EE7     		b	.L54
 1717              	.L280:
 1718 0e04 0123     		movs	r3, #1
 1719 0e06 FAE7     		b	.L58
 1720              	.L281:
 1721 0e08 0123     		movs	r3, #1
 1722 0e0a F8E7     		b	.L58
 1723              	.L282:
 1724 0e0c 0123     		movs	r3, #1
 1725 0e0e F6E7     		b	.L58
 1726              	.L283:
 1727 0e10 4023     		movs	r3, #64
 1728 0e12 F4E7     		b	.L58
 1729              	.L284:
 1730 0e14 4023     		movs	r3, #64
 1731 0e16 F2E7     		b	.L58
 1732              	.L285:
 1733 0e18 4023     		movs	r3, #64
 1734 0e1a F0E7     		b	.L58
 1735              	.L286:
 1736 0e1c 4023     		movs	r3, #64
 1737 0e1e EEE7     		b	.L58
 1738              	.L287:
 1739 0e20 4FF48033 		mov	r3, #65536
 1740 0e24 EBE7     		b	.L58
 1741              	.L288:
 1742 0e26 4FF48033 		mov	r3, #65536
 1743 0e2a E8E7     		b	.L58
 1744              	.L289:
 1745 0e2c 4FF48033 		mov	r3, #65536
 1746 0e30 E5E7     		b	.L58
 1747              	.L336:
 1748 0e32 00BF     		.align	2
 1749              	.L335:
 1750 0e34 10600240 		.word	1073897488
 1751 0e38 00600240 		.word	1073897472
 1752 0e3c 00640240 		.word	1073898496
 1753 0e40 B8600240 		.word	1073897656
 1754 0e44 58600240 		.word	1073897560
 1755              	.L57:
 1756 0e48 2B4A     		ldr	r2, .L337
 1757 0e4a 9342     		cmp	r3, r2
 1758 0e4c 31D0     		beq	.L291
 1759 0e4e 02F58062 		add	r2, r2, #1024
 1760 0e52 9342     		cmp	r3, r2
 1761 0e54 31D0     		beq	.L292
 1762 0e56 A2F56872 		sub	r2, r2, #928
 1763 0e5a 9342     		cmp	r3, r2
 1764 0e5c 2FD0     		beq	.L293
 1765 0e5e 02F58062 		add	r2, r2, #1024
 1766 0e62 9342     		cmp	r3, r2
 1767 0e64 2DD0     		beq	.L294
 1768 0e66 A2F58962 		sub	r2, r2, #1096
 1769 0e6a 9342     		cmp	r3, r2
 1770 0e6c 2BD0     		beq	.L295
 1771 0e6e 02F58062 		add	r2, r2, #1024
 1772 0e72 9342     		cmp	r3, r2
ARM GAS  /tmp/ccQKUket.s 			page 32


 1773 0e74 29D0     		beq	.L296
 1774 0e76 A2F56872 		sub	r2, r2, #928
 1775 0e7a 9342     		cmp	r3, r2
 1776 0e7c 27D0     		beq	.L297
 1777 0e7e 02F58062 		add	r2, r2, #1024
 1778 0e82 9342     		cmp	r3, r2
 1779 0e84 25D0     		beq	.L298
 1780 0e86 A2F58962 		sub	r2, r2, #1096
 1781 0e8a 9342     		cmp	r3, r2
 1782 0e8c 23D0     		beq	.L299
 1783 0e8e 02F58062 		add	r2, r2, #1024
 1784 0e92 9342     		cmp	r3, r2
 1785 0e94 22D0     		beq	.L300
 1786 0e96 A2F56872 		sub	r2, r2, #928
 1787 0e9a 9342     		cmp	r3, r2
 1788 0e9c 21D0     		beq	.L301
 1789 0e9e 02F58062 		add	r2, r2, #1024
 1790 0ea2 9342     		cmp	r3, r2
 1791 0ea4 02D0     		beq	.L326
 1792 0ea6 4FF48003 		mov	r3, #4194304
 1793 0eaa 03E0     		b	.L59
 1794              	.L326:
 1795 0eac 4FF48033 		mov	r3, #65536
 1796 0eb0 00E0     		b	.L59
 1797              	.L291:
 1798 0eb2 0123     		movs	r3, #1
 1799              	.L59:
 1800 0eb4 114A     		ldr	r2, .L337+4
 1801 0eb6 9360     		str	r3, [r2, #8]
 1802 0eb8 E3E6     		b	.L54
 1803              	.L292:
 1804 0eba 0123     		movs	r3, #1
 1805 0ebc FAE7     		b	.L59
 1806              	.L293:
 1807 0ebe 0123     		movs	r3, #1
 1808 0ec0 F8E7     		b	.L59
 1809              	.L294:
 1810 0ec2 0123     		movs	r3, #1
 1811 0ec4 F6E7     		b	.L59
 1812              	.L295:
 1813 0ec6 4023     		movs	r3, #64
 1814 0ec8 F4E7     		b	.L59
 1815              	.L296:
 1816 0eca 4023     		movs	r3, #64
 1817 0ecc F2E7     		b	.L59
 1818              	.L297:
 1819 0ece 4023     		movs	r3, #64
 1820 0ed0 F0E7     		b	.L59
 1821              	.L298:
 1822 0ed2 4023     		movs	r3, #64
 1823 0ed4 EEE7     		b	.L59
 1824              	.L299:
 1825 0ed6 4FF48033 		mov	r3, #65536
 1826 0eda EBE7     		b	.L59
 1827              	.L300:
 1828 0edc 4FF48033 		mov	r3, #65536
 1829 0ee0 E8E7     		b	.L59
ARM GAS  /tmp/ccQKUket.s 			page 33


 1830              	.L301:
 1831 0ee2 4FF48033 		mov	r3, #65536
 1832 0ee6 E5E7     		b	.L59
 1833              	.L323:
 1834 0ee8 A36C     		ldr	r3, [r4, #72]
 1835 0eea 002B     		cmp	r3, #0
 1836 0eec 7FF4D7AE 		bne	.L60
 1837 0ef0 DAE6     		b	.L61
 1838              	.L62:
 1839 0ef2 0220     		movs	r0, #2
 1840 0ef4 FFF7A9B8 		b	.L16
 1841              	.L338:
 1842              		.align	2
 1843              	.L337:
 1844 0ef8 10600240 		.word	1073897488
 1845 0efc 00600240 		.word	1073897472
 1847              		.section	.text.HAL_DMAEx_ChangeMemory,"ax",%progbits
 1848              		.align	1
 1849              		.global	HAL_DMAEx_ChangeMemory
 1850              		.syntax unified
 1851              		.thumb
 1852              		.thumb_func
 1853              		.fpu fpv4-sp-d16
 1855              	HAL_DMAEx_ChangeMemory:
 1856              		@ args = 0, pretend = 0, frame = 0
 1857              		@ frame_needed = 0, uses_anonymous_args = 0
 1858              		@ link register save eliminated.
 1859 0000 1AB9     		cbnz	r2, .L340
 1860 0002 0368     		ldr	r3, [r0]
 1861 0004 D960     		str	r1, [r3, #12]
 1862              	.L341:
 1863 0006 0020     		movs	r0, #0
 1864 0008 7047     		bx	lr
 1865              	.L340:
 1866 000a 0368     		ldr	r3, [r0]
 1867 000c 1961     		str	r1, [r3, #16]
 1868 000e FAE7     		b	.L341
 1870              		.ident	"GCC: (GNU Arm Embedded Toolchain 10.3-2021.07) 10.3.1 20210621 (release)"
ARM GAS  /tmp/ccQKUket.s 			page 34


DEFINED SYMBOLS
                            *ABS*:0000000000000000 stm32f4xx_hal_dma_ex.c
     /tmp/ccQKUket.s:16     .text.DMA_MultiBufferSetConfig:0000000000000000 $t
     /tmp/ccQKUket.s:23     .text.DMA_MultiBufferSetConfig:0000000000000000 DMA_MultiBufferSetConfig
     /tmp/ccQKUket.s:48     .text.HAL_DMAEx_MultiBufferStart:0000000000000000 $t
     /tmp/ccQKUket.s:55     .text.HAL_DMAEx_MultiBufferStart:0000000000000000 HAL_DMAEx_MultiBufferStart
     /tmp/ccQKUket.s:103    .text.HAL_DMAEx_MultiBufferStart_IT:0000000000000000 $t
     /tmp/ccQKUket.s:110    .text.HAL_DMAEx_MultiBufferStart_IT:0000000000000000 HAL_DMAEx_MultiBufferStart_IT
     /tmp/ccQKUket.s:450    .text.HAL_DMAEx_MultiBufferStart_IT:0000000000000304 $d
     /tmp/ccQKUket.s:456    .text.HAL_DMAEx_MultiBufferStart_IT:0000000000000318 $t
     /tmp/ccQKUket.s:776    .text.HAL_DMAEx_MultiBufferStart_IT:00000000000005e0 $d
     /tmp/ccQKUket.s:783    .text.HAL_DMAEx_MultiBufferStart_IT:00000000000005f8 $t
     /tmp/ccQKUket.s:1106   .text.HAL_DMAEx_MultiBufferStart_IT:00000000000008c8 $d
     /tmp/ccQKUket.s:1113   .text.HAL_DMAEx_MultiBufferStart_IT:00000000000008e0 $t
     /tmp/ccQKUket.s:1436   .text.HAL_DMAEx_MultiBufferStart_IT:0000000000000bb0 $d
     /tmp/ccQKUket.s:1443   .text.HAL_DMAEx_MultiBufferStart_IT:0000000000000bc8 $t
     /tmp/ccQKUket.s:1750   .text.HAL_DMAEx_MultiBufferStart_IT:0000000000000e34 $d
     /tmp/ccQKUket.s:1756   .text.HAL_DMAEx_MultiBufferStart_IT:0000000000000e48 $t
     /tmp/ccQKUket.s:1844   .text.HAL_DMAEx_MultiBufferStart_IT:0000000000000ef8 $d
     /tmp/ccQKUket.s:1848   .text.HAL_DMAEx_ChangeMemory:0000000000000000 $t
     /tmp/ccQKUket.s:1855   .text.HAL_DMAEx_ChangeMemory:0000000000000000 HAL_DMAEx_ChangeMemory

NO UNDEFINED SYMBOLS
