ARM GAS  /tmp/ccTHJPjQ.s 			page 1


   1              		.cpu cortex-m4
   2              		.eabi_attribute 27, 1
   3              		.eabi_attribute 28, 1
   4              		.eabi_attribute 20, 1
   5              		.eabi_attribute 21, 1
   6              		.eabi_attribute 23, 3
   7              		.eabi_attribute 24, 1
   8              		.eabi_attribute 25, 1
   9              		.eabi_attribute 26, 1
  10              		.eabi_attribute 30, 1
  11              		.eabi_attribute 34, 1
  12              		.eabi_attribute 18, 4
  13              		.file	"stm32f4xx_hal_dma.c"
  14              		.text
  15              		.section	.text.DMA_SetConfig,"ax",%progbits
  16              		.align	1
  17              		.arch armv7e-m
  18              		.syntax unified
  19              		.thumb
  20              		.thumb_func
  21              		.fpu fpv4-sp-d16
  23              	DMA_SetConfig:
  24              		@ args = 0, pretend = 0, frame = 0
  25              		@ frame_needed = 0, uses_anonymous_args = 0
  26              		@ link register save eliminated.
  27 0000 30B4     		push	{r4, r5}
  28 0002 0568     		ldr	r5, [r0]
  29 0004 2C68     		ldr	r4, [r5]
  30 0006 24F48024 		bic	r4, r4, #262144
  31 000a 2C60     		str	r4, [r5]
  32 000c 0468     		ldr	r4, [r0]
  33 000e 6360     		str	r3, [r4, #4]
  34 0010 8368     		ldr	r3, [r0, #8]
  35 0012 402B     		cmp	r3, #64
  36 0014 05D0     		beq	.L5
  37 0016 0368     		ldr	r3, [r0]
  38 0018 9960     		str	r1, [r3, #8]
  39 001a 0368     		ldr	r3, [r0]
  40 001c DA60     		str	r2, [r3, #12]
  41              	.L1:
  42 001e 30BC     		pop	{r4, r5}
  43 0020 7047     		bx	lr
  44              	.L5:
  45 0022 0368     		ldr	r3, [r0]
  46 0024 9A60     		str	r2, [r3, #8]
  47 0026 0368     		ldr	r3, [r0]
  48 0028 D960     		str	r1, [r3, #12]
  49 002a F8E7     		b	.L1
  51              		.section	.text.DMA_CalcBaseAndBitshift,"ax",%progbits
  52              		.align	1
  53              		.syntax unified
  54              		.thumb
  55              		.thumb_func
  56              		.fpu fpv4-sp-d16
  58              	DMA_CalcBaseAndBitshift:
  59              		@ args = 0, pretend = 0, frame = 0
  60              		@ frame_needed = 0, uses_anonymous_args = 0
ARM GAS  /tmp/ccTHJPjQ.s 			page 2


  61              		@ link register save eliminated.
  62 0000 10B4     		push	{r4}
  63 0002 0368     		ldr	r3, [r0]
  64 0004 D9B2     		uxtb	r1, r3
  65 0006 1039     		subs	r1, r1, #16
  66 0008 0C4A     		ldr	r2, .L10
  67 000a A2FB0142 		umull	r4, r2, r2, r1
  68 000e 1209     		lsrs	r2, r2, #4
  69 0010 0B4C     		ldr	r4, .L10+4
  70 0012 A25C     		ldrb	r2, [r4, r2]	@ zero_extendqisi2
  71 0014 C265     		str	r2, [r0, #92]
  72 0016 5F29     		cmp	r1, #95
  73 0018 09D9     		bls	.L7
  74 001a 23F47F73 		bic	r3, r3, #1020
  75 001e 23F00303 		bic	r3, r3, #3
  76 0022 0433     		adds	r3, r3, #4
  77 0024 8365     		str	r3, [r0, #88]
  78              	.L8:
  79 0026 806D     		ldr	r0, [r0, #88]
  80 0028 5DF8044B 		ldr	r4, [sp], #4
  81 002c 7047     		bx	lr
  82              	.L7:
  83 002e 23F47F73 		bic	r3, r3, #1020
  84 0032 23F00303 		bic	r3, r3, #3
  85 0036 8365     		str	r3, [r0, #88]
  86 0038 F5E7     		b	.L8
  87              	.L11:
  88 003a 00BF     		.align	2
  89              	.L10:
  90 003c ABAAAAAA 		.word	-1431655765
  91 0040 00000000 		.word	.LANCHOR0
  93              		.section	.text.DMA_CheckFifoParam,"ax",%progbits
  94              		.align	1
  95              		.syntax unified
  96              		.thumb
  97              		.thumb_func
  98              		.fpu fpv4-sp-d16
 100              	DMA_CheckFifoParam:
 101              		@ args = 0, pretend = 0, frame = 0
 102              		@ frame_needed = 0, uses_anonymous_args = 0
 103              		@ link register save eliminated.
 104 0000 836A     		ldr	r3, [r0, #40]
 105 0002 8269     		ldr	r2, [r0, #24]
 106 0004 92B9     		cbnz	r2, .L13
 107 0006 012B     		cmp	r3, #1
 108 0008 0AD0     		beq	.L14
 109 000a 022B     		cmp	r3, #2
 110 000c 02D0     		beq	.L15
 111 000e 0BB1     		cbz	r3, .L15
 112 0010 0020     		movs	r0, #0
 113 0012 7047     		bx	lr
 114              	.L15:
 115 0014 C36A     		ldr	r3, [r0, #44]
 116 0016 13F0807F 		tst	r3, #16777216
 117 001a 28D1     		bne	.L23
 118 001c 0020     		movs	r0, #0
 119 001e 7047     		bx	lr
ARM GAS  /tmp/ccTHJPjQ.s 			page 3


 120              	.L14:
 121 0020 C36A     		ldr	r3, [r0, #44]
 122 0022 B3F1C07F 		cmp	r3, #25165824
 123 0026 24D0     		beq	.L24
 124 0028 0020     		movs	r0, #0
 125 002a 7047     		bx	lr
 126              	.L13:
 127 002c B2F5005F 		cmp	r2, #8192
 128 0030 09D0     		beq	.L31
 129 0032 022B     		cmp	r3, #2
 130 0034 25D9     		bls	.L28
 131 0036 032B     		cmp	r3, #3
 132 0038 25D1     		bne	.L29
 133 003a C36A     		ldr	r3, [r0, #44]
 134 003c 13F0807F 		tst	r3, #16777216
 135 0040 23D1     		bne	.L30
 136 0042 0020     		movs	r0, #0
 137 0044 7047     		bx	lr
 138              	.L31:
 139 0046 032B     		cmp	r3, #3
 140 0048 03D8     		bhi	.L18
 141 004a DFE803F0 		tbb	[pc, r3]
 142              	.L20:
 143 004e 14       		.byte	(.L25-.L20)/2
 144 004f 04       		.byte	(.L21-.L20)/2
 145 0050 14       		.byte	(.L25-.L20)/2
 146 0051 0A       		.byte	(.L19-.L20)/2
 147              		.p2align 1
 148              	.L18:
 149 0052 0020     		movs	r0, #0
 150 0054 7047     		bx	lr
 151              	.L21:
 152 0056 C36A     		ldr	r3, [r0, #44]
 153 0058 13F0807F 		tst	r3, #16777216
 154 005c 0DD1     		bne	.L26
 155 005e 0020     		movs	r0, #0
 156 0060 7047     		bx	lr
 157              	.L19:
 158 0062 C36A     		ldr	r3, [r0, #44]
 159 0064 B3F1C07F 		cmp	r3, #25165824
 160 0068 09D0     		beq	.L27
 161 006a 0020     		movs	r0, #0
 162 006c 7047     		bx	lr
 163              	.L23:
 164 006e 0120     		movs	r0, #1
 165 0070 7047     		bx	lr
 166              	.L24:
 167 0072 0120     		movs	r0, #1
 168 0074 7047     		bx	lr
 169              	.L25:
 170 0076 0120     		movs	r0, #1
 171 0078 7047     		bx	lr
 172              	.L26:
 173 007a 0120     		movs	r0, #1
 174 007c 7047     		bx	lr
 175              	.L27:
 176 007e 0120     		movs	r0, #1
ARM GAS  /tmp/ccTHJPjQ.s 			page 4


 177 0080 7047     		bx	lr
 178              	.L28:
 179 0082 0120     		movs	r0, #1
 180 0084 7047     		bx	lr
 181              	.L29:
 182 0086 0020     		movs	r0, #0
 183 0088 7047     		bx	lr
 184              	.L30:
 185 008a 0120     		movs	r0, #1
 186 008c 7047     		bx	lr
 188              		.section	.text.HAL_DMA_Init,"ax",%progbits
 189              		.align	1
 190              		.global	HAL_DMA_Init
 191              		.syntax unified
 192              		.thumb
 193              		.thumb_func
 194              		.fpu fpv4-sp-d16
 196              	HAL_DMA_Init:
 197              		@ args = 0, pretend = 0, frame = 0
 198              		@ frame_needed = 0, uses_anonymous_args = 0
 199 0000 70B5     		push	{r4, r5, r6, lr}
 200 0002 0446     		mov	r4, r0
 201 0004 FFF7FEFF 		bl	HAL_GetTick
 202 0008 002C     		cmp	r4, #0
 203 000a 5BD0     		beq	.L38
 204 000c 0546     		mov	r5, r0
 205 000e 0223     		movs	r3, #2
 206 0010 84F83530 		strb	r3, [r4, #53]
 207 0014 0023     		movs	r3, #0
 208 0016 84F83430 		strb	r3, [r4, #52]
 209 001a 2268     		ldr	r2, [r4]
 210 001c 1368     		ldr	r3, [r2]
 211 001e 23F00103 		bic	r3, r3, #1
 212 0022 1360     		str	r3, [r2]
 213              	.L34:
 214 0024 2368     		ldr	r3, [r4]
 215 0026 1A68     		ldr	r2, [r3]
 216 0028 12F0010F 		tst	r2, #1
 217 002c 0AD0     		beq	.L40
 218 002e FFF7FEFF 		bl	HAL_GetTick
 219 0032 431B     		subs	r3, r0, r5
 220 0034 052B     		cmp	r3, #5
 221 0036 F5D9     		bls	.L34
 222 0038 2023     		movs	r3, #32
 223 003a 6365     		str	r3, [r4, #84]
 224 003c 0320     		movs	r0, #3
 225 003e 84F83500 		strb	r0, [r4, #53]
 226              	.L33:
 227 0042 70BD     		pop	{r4, r5, r6, pc}
 228              	.L40:
 229 0044 1A68     		ldr	r2, [r3]
 230 0046 2048     		ldr	r0, .L43
 231 0048 1040     		ands	r0, r0, r2
 232 004a 6168     		ldr	r1, [r4, #4]
 233 004c A268     		ldr	r2, [r4, #8]
 234 004e 0A43     		orrs	r2, r2, r1
 235 0050 E168     		ldr	r1, [r4, #12]
ARM GAS  /tmp/ccTHJPjQ.s 			page 5


 236 0052 0A43     		orrs	r2, r2, r1
 237 0054 2169     		ldr	r1, [r4, #16]
 238 0056 0A43     		orrs	r2, r2, r1
 239 0058 6169     		ldr	r1, [r4, #20]
 240 005a 0A43     		orrs	r2, r2, r1
 241 005c A169     		ldr	r1, [r4, #24]
 242 005e 0A43     		orrs	r2, r2, r1
 243 0060 E169     		ldr	r1, [r4, #28]
 244 0062 0A43     		orrs	r2, r2, r1
 245 0064 216A     		ldr	r1, [r4, #32]
 246 0066 0A43     		orrs	r2, r2, r1
 247 0068 0243     		orrs	r2, r2, r0
 248 006a 616A     		ldr	r1, [r4, #36]
 249 006c 0429     		cmp	r1, #4
 250 006e 1ED0     		beq	.L41
 251              	.L36:
 252 0070 1A60     		str	r2, [r3]
 253 0072 2668     		ldr	r6, [r4]
 254 0074 7569     		ldr	r5, [r6, #20]
 255 0076 25F00705 		bic	r5, r5, #7
 256 007a 636A     		ldr	r3, [r4, #36]
 257 007c 1D43     		orrs	r5, r5, r3
 258 007e 042B     		cmp	r3, #4
 259 0080 07D1     		bne	.L37
 260 0082 A36A     		ldr	r3, [r4, #40]
 261 0084 1D43     		orrs	r5, r5, r3
 262 0086 E36A     		ldr	r3, [r4, #44]
 263 0088 1BB1     		cbz	r3, .L37
 264 008a 2046     		mov	r0, r4
 265 008c FFF7FEFF 		bl	DMA_CheckFifoParam
 266 0090 90B9     		cbnz	r0, .L42
 267              	.L37:
 268 0092 7561     		str	r5, [r6, #20]
 269 0094 2046     		mov	r0, r4
 270 0096 FFF7FEFF 		bl	DMA_CalcBaseAndBitshift
 271 009a E26D     		ldr	r2, [r4, #92]
 272 009c 3F23     		movs	r3, #63
 273 009e 9340     		lsls	r3, r3, r2
 274 00a0 8360     		str	r3, [r0, #8]
 275 00a2 0020     		movs	r0, #0
 276 00a4 6065     		str	r0, [r4, #84]
 277 00a6 0123     		movs	r3, #1
 278 00a8 84F83530 		strb	r3, [r4, #53]
 279 00ac C9E7     		b	.L33
 280              	.L41:
 281 00ae E16A     		ldr	r1, [r4, #44]
 282 00b0 206B     		ldr	r0, [r4, #48]
 283 00b2 0143     		orrs	r1, r1, r0
 284 00b4 0A43     		orrs	r2, r2, r1
 285 00b6 DBE7     		b	.L36
 286              	.L42:
 287 00b8 4023     		movs	r3, #64
 288 00ba 6365     		str	r3, [r4, #84]
 289 00bc 0120     		movs	r0, #1
 290 00be 84F83500 		strb	r0, [r4, #53]
 291 00c2 BEE7     		b	.L33
 292              	.L38:
ARM GAS  /tmp/ccTHJPjQ.s 			page 6


 293 00c4 0120     		movs	r0, #1
 294 00c6 BCE7     		b	.L33
 295              	.L44:
 296              		.align	2
 297              	.L43:
 298 00c8 3F8010F0 		.word	-267354049
 300              		.section	.text.HAL_DMA_DeInit,"ax",%progbits
 301              		.align	1
 302              		.global	HAL_DMA_DeInit
 303              		.syntax unified
 304              		.thumb
 305              		.thumb_func
 306              		.fpu fpv4-sp-d16
 308              	HAL_DMA_DeInit:
 309              		@ args = 0, pretend = 0, frame = 0
 310              		@ frame_needed = 0, uses_anonymous_args = 0
 311 0000 0028     		cmp	r0, #0
 312 0002 2DD0     		beq	.L47
 313 0004 38B5     		push	{r3, r4, r5, lr}
 314 0006 0546     		mov	r5, r0
 315 0008 90F83500 		ldrb	r0, [r0, #53]	@ zero_extendqisi2
 316 000c C0B2     		uxtb	r0, r0
 317 000e 0228     		cmp	r0, #2
 318 0010 25D0     		beq	.L46
 319 0012 2A68     		ldr	r2, [r5]
 320 0014 1368     		ldr	r3, [r2]
 321 0016 23F00103 		bic	r3, r3, #1
 322 001a 1360     		str	r3, [r2]
 323 001c 2B68     		ldr	r3, [r5]
 324 001e 0024     		movs	r4, #0
 325 0020 1C60     		str	r4, [r3]
 326 0022 2B68     		ldr	r3, [r5]
 327 0024 5C60     		str	r4, [r3, #4]
 328 0026 2B68     		ldr	r3, [r5]
 329 0028 9C60     		str	r4, [r3, #8]
 330 002a 2B68     		ldr	r3, [r5]
 331 002c DC60     		str	r4, [r3, #12]
 332 002e 2B68     		ldr	r3, [r5]
 333 0030 1C61     		str	r4, [r3, #16]
 334 0032 2B68     		ldr	r3, [r5]
 335 0034 2122     		movs	r2, #33
 336 0036 5A61     		str	r2, [r3, #20]
 337 0038 2846     		mov	r0, r5
 338 003a FFF7FEFF 		bl	DMA_CalcBaseAndBitshift
 339 003e EC63     		str	r4, [r5, #60]
 340 0040 2C64     		str	r4, [r5, #64]
 341 0042 6C64     		str	r4, [r5, #68]
 342 0044 AC64     		str	r4, [r5, #72]
 343 0046 EC64     		str	r4, [r5, #76]
 344 0048 2C65     		str	r4, [r5, #80]
 345 004a EA6D     		ldr	r2, [r5, #92]
 346 004c 3F23     		movs	r3, #63
 347 004e 9340     		lsls	r3, r3, r2
 348 0050 8360     		str	r3, [r0, #8]
 349 0052 6C65     		str	r4, [r5, #84]
 350 0054 85F83540 		strb	r4, [r5, #53]
 351 0058 85F83440 		strb	r4, [r5, #52]
ARM GAS  /tmp/ccTHJPjQ.s 			page 7


 352 005c 2046     		mov	r0, r4
 353              	.L46:
 354 005e 38BD     		pop	{r3, r4, r5, pc}
 355              	.L47:
 356 0060 0120     		movs	r0, #1
 357 0062 7047     		bx	lr
 359              		.section	.text.HAL_DMA_Start,"ax",%progbits
 360              		.align	1
 361              		.global	HAL_DMA_Start
 362              		.syntax unified
 363              		.thumb
 364              		.thumb_func
 365              		.fpu fpv4-sp-d16
 367              	HAL_DMA_Start:
 368              		@ args = 0, pretend = 0, frame = 0
 369              		@ frame_needed = 0, uses_anonymous_args = 0
 370 0000 38B5     		push	{r3, r4, r5, lr}
 371 0002 0446     		mov	r4, r0
 372 0004 90F83400 		ldrb	r0, [r0, #52]	@ zero_extendqisi2
 373 0008 0128     		cmp	r0, #1
 374 000a 1BD0     		beq	.L55
 375 000c 0120     		movs	r0, #1
 376 000e 84F83400 		strb	r0, [r4, #52]
 377 0012 94F83500 		ldrb	r0, [r4, #53]	@ zero_extendqisi2
 378 0016 C0B2     		uxtb	r0, r0
 379 0018 0128     		cmp	r0, #1
 380 001a 04D0     		beq	.L57
 381 001c 0023     		movs	r3, #0
 382 001e 84F83430 		strb	r3, [r4, #52]
 383 0022 0220     		movs	r0, #2
 384              	.L53:
 385 0024 38BD     		pop	{r3, r4, r5, pc}
 386              	.L57:
 387 0026 0220     		movs	r0, #2
 388 0028 84F83500 		strb	r0, [r4, #53]
 389 002c 0025     		movs	r5, #0
 390 002e 6565     		str	r5, [r4, #84]
 391 0030 2046     		mov	r0, r4
 392 0032 FFF7FEFF 		bl	DMA_SetConfig
 393 0036 2268     		ldr	r2, [r4]
 394 0038 1368     		ldr	r3, [r2]
 395 003a 43F00103 		orr	r3, r3, #1
 396 003e 1360     		str	r3, [r2]
 397 0040 2846     		mov	r0, r5
 398 0042 EFE7     		b	.L53
 399              	.L55:
 400 0044 0220     		movs	r0, #2
 401 0046 EDE7     		b	.L53
 403              		.section	.text.HAL_DMA_Start_IT,"ax",%progbits
 404              		.align	1
 405              		.global	HAL_DMA_Start_IT
 406              		.syntax unified
 407              		.thumb
 408              		.thumb_func
 409              		.fpu fpv4-sp-d16
 411              	HAL_DMA_Start_IT:
 412              		@ args = 0, pretend = 0, frame = 0
ARM GAS  /tmp/ccTHJPjQ.s 			page 8


 413              		@ frame_needed = 0, uses_anonymous_args = 0
 414 0000 38B5     		push	{r3, r4, r5, lr}
 415 0002 0446     		mov	r4, r0
 416 0004 856D     		ldr	r5, [r0, #88]
 417 0006 90F83400 		ldrb	r0, [r0, #52]	@ zero_extendqisi2
 418 000a 0128     		cmp	r0, #1
 419 000c 2BD0     		beq	.L62
 420 000e 0120     		movs	r0, #1
 421 0010 84F83400 		strb	r0, [r4, #52]
 422 0014 94F83500 		ldrb	r0, [r4, #53]	@ zero_extendqisi2
 423 0018 C0B2     		uxtb	r0, r0
 424 001a 0128     		cmp	r0, #1
 425 001c 04D0     		beq	.L64
 426 001e 0023     		movs	r3, #0
 427 0020 84F83430 		strb	r3, [r4, #52]
 428 0024 0220     		movs	r0, #2
 429              	.L59:
 430 0026 38BD     		pop	{r3, r4, r5, pc}
 431              	.L64:
 432 0028 0220     		movs	r0, #2
 433 002a 84F83500 		strb	r0, [r4, #53]
 434 002e 0020     		movs	r0, #0
 435 0030 6065     		str	r0, [r4, #84]
 436 0032 2046     		mov	r0, r4
 437 0034 FFF7FEFF 		bl	DMA_SetConfig
 438 0038 E26D     		ldr	r2, [r4, #92]
 439 003a 3F23     		movs	r3, #63
 440 003c 9340     		lsls	r3, r3, r2
 441 003e AB60     		str	r3, [r5, #8]
 442 0040 2268     		ldr	r2, [r4]
 443 0042 1368     		ldr	r3, [r2]
 444 0044 43F01603 		orr	r3, r3, #22
 445 0048 1360     		str	r3, [r2]
 446 004a 236C     		ldr	r3, [r4, #64]
 447 004c 23B1     		cbz	r3, .L61
 448 004e 2268     		ldr	r2, [r4]
 449 0050 1368     		ldr	r3, [r2]
 450 0052 43F00803 		orr	r3, r3, #8
 451 0056 1360     		str	r3, [r2]
 452              	.L61:
 453 0058 2268     		ldr	r2, [r4]
 454 005a 1368     		ldr	r3, [r2]
 455 005c 43F00103 		orr	r3, r3, #1
 456 0060 1360     		str	r3, [r2]
 457 0062 0020     		movs	r0, #0
 458 0064 DFE7     		b	.L59
 459              	.L62:
 460 0066 0220     		movs	r0, #2
 461 0068 DDE7     		b	.L59
 463              		.section	.text.HAL_DMA_Abort,"ax",%progbits
 464              		.align	1
 465              		.global	HAL_DMA_Abort
 466              		.syntax unified
 467              		.thumb
 468              		.thumb_func
 469              		.fpu fpv4-sp-d16
 471              	HAL_DMA_Abort:
ARM GAS  /tmp/ccTHJPjQ.s 			page 9


 472              		@ args = 0, pretend = 0, frame = 0
 473              		@ frame_needed = 0, uses_anonymous_args = 0
 474 0000 70B5     		push	{r4, r5, r6, lr}
 475 0002 0446     		mov	r4, r0
 476 0004 866D     		ldr	r6, [r0, #88]
 477 0006 FFF7FEFF 		bl	HAL_GetTick
 478 000a 94F83530 		ldrb	r3, [r4, #53]	@ zero_extendqisi2
 479 000e DBB2     		uxtb	r3, r3
 480 0010 022B     		cmp	r3, #2
 481 0012 06D0     		beq	.L66
 482 0014 8023     		movs	r3, #128
 483 0016 6365     		str	r3, [r4, #84]
 484 0018 0023     		movs	r3, #0
 485 001a 84F83430 		strb	r3, [r4, #52]
 486 001e 0120     		movs	r0, #1
 487              	.L67:
 488 0020 70BD     		pop	{r4, r5, r6, pc}
 489              	.L66:
 490 0022 0546     		mov	r5, r0
 491 0024 2268     		ldr	r2, [r4]
 492 0026 1368     		ldr	r3, [r2]
 493 0028 23F01603 		bic	r3, r3, #22
 494 002c 1360     		str	r3, [r2]
 495 002e 2268     		ldr	r2, [r4]
 496 0030 5369     		ldr	r3, [r2, #20]
 497 0032 23F08003 		bic	r3, r3, #128
 498 0036 5361     		str	r3, [r2, #20]
 499 0038 236C     		ldr	r3, [r4, #64]
 500 003a E3B1     		cbz	r3, .L73
 501              	.L68:
 502 003c 2268     		ldr	r2, [r4]
 503 003e 1368     		ldr	r3, [r2]
 504 0040 23F00803 		bic	r3, r3, #8
 505 0044 1360     		str	r3, [r2]
 506              	.L69:
 507 0046 2268     		ldr	r2, [r4]
 508 0048 1368     		ldr	r3, [r2]
 509 004a 23F00103 		bic	r3, r3, #1
 510 004e 1360     		str	r3, [r2]
 511              	.L70:
 512 0050 2368     		ldr	r3, [r4]
 513 0052 1B68     		ldr	r3, [r3]
 514 0054 13F0010F 		tst	r3, #1
 515 0058 11D0     		beq	.L74
 516 005a FFF7FEFF 		bl	HAL_GetTick
 517 005e 431B     		subs	r3, r0, r5
 518 0060 052B     		cmp	r3, #5
 519 0062 F5D9     		bls	.L70
 520 0064 2023     		movs	r3, #32
 521 0066 6365     		str	r3, [r4, #84]
 522 0068 0320     		movs	r0, #3
 523 006a 84F83500 		strb	r0, [r4, #53]
 524 006e 0023     		movs	r3, #0
 525 0070 84F83430 		strb	r3, [r4, #52]
 526 0074 D4E7     		b	.L67
 527              	.L73:
 528 0076 A36C     		ldr	r3, [r4, #72]
ARM GAS  /tmp/ccTHJPjQ.s 			page 10


 529 0078 002B     		cmp	r3, #0
 530 007a DFD1     		bne	.L68
 531 007c E3E7     		b	.L69
 532              	.L74:
 533 007e E26D     		ldr	r2, [r4, #92]
 534 0080 3F23     		movs	r3, #63
 535 0082 9340     		lsls	r3, r3, r2
 536 0084 B360     		str	r3, [r6, #8]
 537 0086 0123     		movs	r3, #1
 538 0088 84F83530 		strb	r3, [r4, #53]
 539 008c 0020     		movs	r0, #0
 540 008e 84F83400 		strb	r0, [r4, #52]
 541 0092 C5E7     		b	.L67
 543              		.section	.text.HAL_DMA_Abort_IT,"ax",%progbits
 544              		.align	1
 545              		.global	HAL_DMA_Abort_IT
 546              		.syntax unified
 547              		.thumb
 548              		.thumb_func
 549              		.fpu fpv4-sp-d16
 551              	HAL_DMA_Abort_IT:
 552              		@ args = 0, pretend = 0, frame = 0
 553              		@ frame_needed = 0, uses_anonymous_args = 0
 554              		@ link register save eliminated.
 555 0000 90F83530 		ldrb	r3, [r0, #53]	@ zero_extendqisi2
 556 0004 DBB2     		uxtb	r3, r3
 557 0006 022B     		cmp	r3, #2
 558 0008 03D0     		beq	.L76
 559 000a 8023     		movs	r3, #128
 560 000c 4365     		str	r3, [r0, #84]
 561 000e 0120     		movs	r0, #1
 562 0010 7047     		bx	lr
 563              	.L76:
 564 0012 0523     		movs	r3, #5
 565 0014 80F83530 		strb	r3, [r0, #53]
 566 0018 0268     		ldr	r2, [r0]
 567 001a 1368     		ldr	r3, [r2]
 568 001c 23F00103 		bic	r3, r3, #1
 569 0020 1360     		str	r3, [r2]
 570 0022 0020     		movs	r0, #0
 571 0024 7047     		bx	lr
 573              		.section	.text.HAL_DMA_PollForTransfer,"ax",%progbits
 574              		.align	1
 575              		.global	HAL_DMA_PollForTransfer
 576              		.syntax unified
 577              		.thumb
 578              		.thumb_func
 579              		.fpu fpv4-sp-d16
 581              	HAL_DMA_PollForTransfer:
 582              		@ args = 0, pretend = 0, frame = 0
 583              		@ frame_needed = 0, uses_anonymous_args = 0
 584 0000 2DE9F047 		push	{r4, r5, r6, r7, r8, r9, r10, lr}
 585 0004 0446     		mov	r4, r0
 586 0006 8846     		mov	r8, r1
 587 0008 1646     		mov	r6, r2
 588 000a FFF7FEFF 		bl	HAL_GetTick
 589 000e 94F83530 		ldrb	r3, [r4, #53]	@ zero_extendqisi2
ARM GAS  /tmp/ccTHJPjQ.s 			page 11


 590 0012 DBB2     		uxtb	r3, r3
 591 0014 022B     		cmp	r3, #2
 592 0016 07D0     		beq	.L79
 593 0018 8023     		movs	r3, #128
 594 001a 6365     		str	r3, [r4, #84]
 595 001c 0023     		movs	r3, #0
 596 001e 84F83430 		strb	r3, [r4, #52]
 597 0022 0120     		movs	r0, #1
 598              	.L80:
 599 0024 BDE8F087 		pop	{r4, r5, r6, r7, r8, r9, r10, pc}
 600              	.L79:
 601 0028 8146     		mov	r9, r0
 602 002a 2368     		ldr	r3, [r4]
 603 002c 1B68     		ldr	r3, [r3]
 604 002e 13F4807F 		tst	r3, #256
 605 0032 3BD1     		bne	.L95
 606 0034 B8F1000F 		cmp	r8, #0
 607 0038 3DD1     		bne	.L82
 608 003a E36D     		ldr	r3, [r4, #92]
 609 003c 4FF0200A 		mov	r10, #32
 610 0040 0AFA03FA 		lsl	r10, r10, r3
 611              	.L83:
 612 0044 A76D     		ldr	r7, [r4, #88]
 613 0046 3B68     		ldr	r3, [r7]
 614              	.L84:
 615 0048 1AEA030F 		tst	r10, r3
 616 004c 43D1     		bne	.L90
 617 004e 636D     		ldr	r3, [r4, #84]
 618 0050 13F0010F 		tst	r3, #1
 619 0054 3FD1     		bne	.L90
 620 0056 B6F1FF3F 		cmp	r6, #-1
 621 005a 07D0     		beq	.L85
 622 005c 002E     		cmp	r6, #0
 623 005e 30D0     		beq	.L86
 624 0060 FFF7FEFF 		bl	HAL_GetTick
 625 0064 A0EB0900 		sub	r0, r0, r9
 626 0068 B042     		cmp	r0, r6
 627 006a 2AD8     		bhi	.L86
 628              	.L85:
 629 006c 3B68     		ldr	r3, [r7]
 630 006e E16D     		ldr	r1, [r4, #92]
 631 0070 0822     		movs	r2, #8
 632 0072 8A40     		lsls	r2, r2, r1
 633 0074 1A42     		tst	r2, r3
 634 0076 04D0     		beq	.L87
 635 0078 616D     		ldr	r1, [r4, #84]
 636 007a 41F00101 		orr	r1, r1, #1
 637 007e 6165     		str	r1, [r4, #84]
 638 0080 BA60     		str	r2, [r7, #8]
 639              	.L87:
 640 0082 E16D     		ldr	r1, [r4, #92]
 641 0084 0122     		movs	r2, #1
 642 0086 8A40     		lsls	r2, r2, r1
 643 0088 1A42     		tst	r2, r3
 644 008a 04D0     		beq	.L88
 645 008c 616D     		ldr	r1, [r4, #84]
 646 008e 41F00201 		orr	r1, r1, #2
ARM GAS  /tmp/ccTHJPjQ.s 			page 12


 647 0092 6165     		str	r1, [r4, #84]
 648 0094 BA60     		str	r2, [r7, #8]
 649              	.L88:
 650 0096 E26D     		ldr	r2, [r4, #92]
 651 0098 0425     		movs	r5, #4
 652 009a 9540     		lsls	r5, r5, r2
 653 009c 1D42     		tst	r5, r3
 654 009e D3D0     		beq	.L84
 655 00a0 626D     		ldr	r2, [r4, #84]
 656 00a2 42F00402 		orr	r2, r2, #4
 657 00a6 6265     		str	r2, [r4, #84]
 658 00a8 BD60     		str	r5, [r7, #8]
 659 00aa CDE7     		b	.L84
 660              	.L95:
 661 00ac 4FF48073 		mov	r3, #256
 662 00b0 6365     		str	r3, [r4, #84]
 663 00b2 0120     		movs	r0, #1
 664 00b4 B6E7     		b	.L80
 665              	.L82:
 666 00b6 E36D     		ldr	r3, [r4, #92]
 667 00b8 4FF0100A 		mov	r10, #16
 668 00bc 0AFA03FA 		lsl	r10, r10, r3
 669 00c0 C0E7     		b	.L83
 670              	.L86:
 671 00c2 2023     		movs	r3, #32
 672 00c4 6365     		str	r3, [r4, #84]
 673 00c6 0123     		movs	r3, #1
 674 00c8 84F83530 		strb	r3, [r4, #53]
 675 00cc 0023     		movs	r3, #0
 676 00ce 84F83430 		strb	r3, [r4, #52]
 677 00d2 0320     		movs	r0, #3
 678 00d4 A6E7     		b	.L80
 679              	.L90:
 680 00d6 636D     		ldr	r3, [r4, #84]
 681 00d8 1BB1     		cbz	r3, .L92
 682 00da 636D     		ldr	r3, [r4, #84]
 683 00dc 13F0010F 		tst	r3, #1
 684 00e0 0ED1     		bne	.L96
 685              	.L92:
 686 00e2 B8F1000F 		cmp	r8, #0
 687 00e6 19D1     		bne	.L93
 688 00e8 E26D     		ldr	r2, [r4, #92]
 689 00ea 3023     		movs	r3, #48
 690 00ec 9340     		lsls	r3, r3, r2
 691 00ee BB60     		str	r3, [r7, #8]
 692 00f0 0123     		movs	r3, #1
 693 00f2 84F83530 		strb	r3, [r4, #53]
 694 00f6 0023     		movs	r3, #0
 695 00f8 84F83430 		strb	r3, [r4, #52]
 696 00fc 4046     		mov	r0, r8
 697 00fe 91E7     		b	.L80
 698              	.L96:
 699 0100 2046     		mov	r0, r4
 700 0102 FFF7FEFF 		bl	HAL_DMA_Abort
 701 0106 E26D     		ldr	r2, [r4, #92]
 702 0108 3023     		movs	r3, #48
 703 010a 9340     		lsls	r3, r3, r2
ARM GAS  /tmp/ccTHJPjQ.s 			page 13


 704 010c BB60     		str	r3, [r7, #8]
 705 010e 0120     		movs	r0, #1
 706 0110 84F83500 		strb	r0, [r4, #53]
 707 0114 0023     		movs	r3, #0
 708 0116 84F83430 		strb	r3, [r4, #52]
 709 011a 83E7     		b	.L80
 710              	.L93:
 711 011c E26D     		ldr	r2, [r4, #92]
 712 011e 1023     		movs	r3, #16
 713 0120 9340     		lsls	r3, r3, r2
 714 0122 BB60     		str	r3, [r7, #8]
 715 0124 0020     		movs	r0, #0
 716 0126 7DE7     		b	.L80
 718              		.section	.text.HAL_DMA_IRQHandler,"ax",%progbits
 719              		.align	1
 720              		.global	HAL_DMA_IRQHandler
 721              		.syntax unified
 722              		.thumb
 723              		.thumb_func
 724              		.fpu fpv4-sp-d16
 726              	HAL_DMA_IRQHandler:
 727              		@ args = 0, pretend = 0, frame = 8
 728              		@ frame_needed = 0, uses_anonymous_args = 0
 729 0000 F0B5     		push	{r4, r5, r6, r7, lr}
 730 0002 83B0     		sub	sp, sp, #12
 731 0004 0446     		mov	r4, r0
 732 0006 0023     		movs	r3, #0
 733 0008 0193     		str	r3, [sp, #4]
 734 000a 724B     		ldr	r3, .L120
 735 000c 1D68     		ldr	r5, [r3]
 736 000e 724B     		ldr	r3, .L120+4
 737 0010 A3FB0535 		umull	r3, r5, r3, r5
 738 0014 AD0A     		lsrs	r5, r5, #10
 739 0016 876D     		ldr	r7, [r0, #88]
 740 0018 3E68     		ldr	r6, [r7]
 741 001a C26D     		ldr	r2, [r0, #92]
 742 001c 0823     		movs	r3, #8
 743 001e 9340     		lsls	r3, r3, r2
 744 0020 3342     		tst	r3, r6
 745 0022 10D0     		beq	.L98
 746 0024 0368     		ldr	r3, [r0]
 747 0026 1A68     		ldr	r2, [r3]
 748 0028 12F0040F 		tst	r2, #4
 749 002c 0BD0     		beq	.L98
 750 002e 1A68     		ldr	r2, [r3]
 751 0030 22F00402 		bic	r2, r2, #4
 752 0034 1A60     		str	r2, [r3]
 753 0036 C26D     		ldr	r2, [r0, #92]
 754 0038 0823     		movs	r3, #8
 755 003a 9340     		lsls	r3, r3, r2
 756 003c BB60     		str	r3, [r7, #8]
 757 003e 436D     		ldr	r3, [r0, #84]
 758 0040 43F00103 		orr	r3, r3, #1
 759 0044 4365     		str	r3, [r0, #84]
 760              	.L98:
 761 0046 E26D     		ldr	r2, [r4, #92]
 762 0048 0123     		movs	r3, #1
ARM GAS  /tmp/ccTHJPjQ.s 			page 14


 763 004a 9340     		lsls	r3, r3, r2
 764 004c 3342     		tst	r3, r6
 765 004e 09D0     		beq	.L99
 766 0050 2268     		ldr	r2, [r4]
 767 0052 5269     		ldr	r2, [r2, #20]
 768 0054 12F0800F 		tst	r2, #128
 769 0058 04D0     		beq	.L99
 770 005a BB60     		str	r3, [r7, #8]
 771 005c 636D     		ldr	r3, [r4, #84]
 772 005e 43F00203 		orr	r3, r3, #2
 773 0062 6365     		str	r3, [r4, #84]
 774              	.L99:
 775 0064 E26D     		ldr	r2, [r4, #92]
 776 0066 0423     		movs	r3, #4
 777 0068 9340     		lsls	r3, r3, r2
 778 006a 3342     		tst	r3, r6
 779 006c 09D0     		beq	.L100
 780 006e 2268     		ldr	r2, [r4]
 781 0070 1268     		ldr	r2, [r2]
 782 0072 12F0020F 		tst	r2, #2
 783 0076 04D0     		beq	.L100
 784 0078 BB60     		str	r3, [r7, #8]
 785 007a 636D     		ldr	r3, [r4, #84]
 786 007c 43F00403 		orr	r3, r3, #4
 787 0080 6365     		str	r3, [r4, #84]
 788              	.L100:
 789 0082 E26D     		ldr	r2, [r4, #92]
 790 0084 1023     		movs	r3, #16
 791 0086 9340     		lsls	r3, r3, r2
 792 0088 3342     		tst	r3, r6
 793 008a 24D0     		beq	.L101
 794 008c 2268     		ldr	r2, [r4]
 795 008e 1268     		ldr	r2, [r2]
 796 0090 12F0080F 		tst	r2, #8
 797 0094 1FD0     		beq	.L101
 798 0096 BB60     		str	r3, [r7, #8]
 799 0098 2368     		ldr	r3, [r4]
 800 009a 1A68     		ldr	r2, [r3]
 801 009c 12F4802F 		tst	r2, #262144
 802 00a0 0DD0     		beq	.L102
 803 00a2 1B68     		ldr	r3, [r3]
 804 00a4 13F4002F 		tst	r3, #524288
 805 00a8 04D1     		bne	.L103
 806 00aa 236C     		ldr	r3, [r4, #64]
 807 00ac 9BB1     		cbz	r3, .L101
 808 00ae 2046     		mov	r0, r4
 809 00b0 9847     		blx	r3
 810 00b2 10E0     		b	.L101
 811              	.L103:
 812 00b4 A36C     		ldr	r3, [r4, #72]
 813 00b6 73B1     		cbz	r3, .L101
 814 00b8 2046     		mov	r0, r4
 815 00ba 9847     		blx	r3
 816 00bc 0BE0     		b	.L101
 817              	.L102:
 818 00be 1A68     		ldr	r2, [r3]
 819 00c0 12F4807F 		tst	r2, #256
ARM GAS  /tmp/ccTHJPjQ.s 			page 15


 820 00c4 03D1     		bne	.L104
 821 00c6 1A68     		ldr	r2, [r3]
 822 00c8 22F00802 		bic	r2, r2, #8
 823 00cc 1A60     		str	r2, [r3]
 824              	.L104:
 825 00ce 236C     		ldr	r3, [r4, #64]
 826 00d0 0BB1     		cbz	r3, .L101
 827 00d2 2046     		mov	r0, r4
 828 00d4 9847     		blx	r3
 829              	.L101:
 830 00d6 E26D     		ldr	r2, [r4, #92]
 831 00d8 2023     		movs	r3, #32
 832 00da 9340     		lsls	r3, r3, r2
 833 00dc 3342     		tst	r3, r6
 834 00de 55D0     		beq	.L105
 835 00e0 2268     		ldr	r2, [r4]
 836 00e2 1268     		ldr	r2, [r2]
 837 00e4 12F0100F 		tst	r2, #16
 838 00e8 50D0     		beq	.L105
 839 00ea BB60     		str	r3, [r7, #8]
 840 00ec 94F83530 		ldrb	r3, [r4, #53]	@ zero_extendqisi2
 841 00f0 DBB2     		uxtb	r3, r3
 842 00f2 052B     		cmp	r3, #5
 843 00f4 0ED0     		beq	.L118
 844 00f6 2368     		ldr	r3, [r4]
 845 00f8 1A68     		ldr	r2, [r3]
 846 00fa 12F4802F 		tst	r2, #262144
 847 00fe 33D0     		beq	.L111
 848 0100 1B68     		ldr	r3, [r3]
 849 0102 13F4002F 		tst	r3, #524288
 850 0106 2AD1     		bne	.L112
 851 0108 636C     		ldr	r3, [r4, #68]
 852 010a 002B     		cmp	r3, #0
 853 010c 3ED0     		beq	.L105
 854 010e 2046     		mov	r0, r4
 855 0110 9847     		blx	r3
 856 0112 3BE0     		b	.L105
 857              	.L118:
 858 0114 2268     		ldr	r2, [r4]
 859 0116 1368     		ldr	r3, [r2]
 860 0118 23F01603 		bic	r3, r3, #22
 861 011c 1360     		str	r3, [r2]
 862 011e 2268     		ldr	r2, [r4]
 863 0120 5369     		ldr	r3, [r2, #20]
 864 0122 23F08003 		bic	r3, r3, #128
 865 0126 5361     		str	r3, [r2, #20]
 866 0128 236C     		ldr	r3, [r4, #64]
 867 012a A3B1     		cbz	r3, .L119
 868              	.L107:
 869 012c 2268     		ldr	r2, [r4]
 870 012e 1368     		ldr	r3, [r2]
 871 0130 23F00803 		bic	r3, r3, #8
 872 0134 1360     		str	r3, [r2]
 873              	.L108:
 874 0136 E26D     		ldr	r2, [r4, #92]
 875 0138 3F23     		movs	r3, #63
 876 013a 9340     		lsls	r3, r3, r2
ARM GAS  /tmp/ccTHJPjQ.s 			page 16


 877 013c BB60     		str	r3, [r7, #8]
 878 013e 0123     		movs	r3, #1
 879 0140 84F83530 		strb	r3, [r4, #53]
 880 0144 0023     		movs	r3, #0
 881 0146 84F83430 		strb	r3, [r4, #52]
 882 014a 236D     		ldr	r3, [r4, #80]
 883 014c 002B     		cmp	r3, #0
 884 014e 3FD0     		beq	.L97
 885 0150 2046     		mov	r0, r4
 886 0152 9847     		blx	r3
 887 0154 3CE0     		b	.L97
 888              	.L119:
 889 0156 A36C     		ldr	r3, [r4, #72]
 890 0158 002B     		cmp	r3, #0
 891 015a E7D1     		bne	.L107
 892 015c EBE7     		b	.L108
 893              	.L112:
 894 015e E36B     		ldr	r3, [r4, #60]
 895 0160 A3B1     		cbz	r3, .L105
 896 0162 2046     		mov	r0, r4
 897 0164 9847     		blx	r3
 898 0166 11E0     		b	.L105
 899              	.L111:
 900 0168 1A68     		ldr	r2, [r3]
 901 016a 12F4807F 		tst	r2, #256
 902 016e 09D1     		bne	.L113
 903 0170 1A68     		ldr	r2, [r3]
 904 0172 22F01002 		bic	r2, r2, #16
 905 0176 1A60     		str	r2, [r3]
 906 0178 0123     		movs	r3, #1
 907 017a 84F83530 		strb	r3, [r4, #53]
 908 017e 0023     		movs	r3, #0
 909 0180 84F83430 		strb	r3, [r4, #52]
 910              	.L113:
 911 0184 E36B     		ldr	r3, [r4, #60]
 912 0186 0BB1     		cbz	r3, .L105
 913 0188 2046     		mov	r0, r4
 914 018a 9847     		blx	r3
 915              	.L105:
 916 018c 636D     		ldr	r3, [r4, #84]
 917 018e FBB1     		cbz	r3, .L97
 918 0190 636D     		ldr	r3, [r4, #84]
 919 0192 13F0010F 		tst	r3, #1
 920 0196 17D0     		beq	.L114
 921 0198 0523     		movs	r3, #5
 922 019a 84F83530 		strb	r3, [r4, #53]
 923 019e 2268     		ldr	r2, [r4]
 924 01a0 1368     		ldr	r3, [r2]
 925 01a2 23F00103 		bic	r3, r3, #1
 926 01a6 1360     		str	r3, [r2]
 927              	.L116:
 928 01a8 019B     		ldr	r3, [sp, #4]
 929 01aa 0133     		adds	r3, r3, #1
 930 01ac 0193     		str	r3, [sp, #4]
 931 01ae AB42     		cmp	r3, r5
 932 01b0 04D8     		bhi	.L115
 933 01b2 2368     		ldr	r3, [r4]
ARM GAS  /tmp/ccTHJPjQ.s 			page 17


 934 01b4 1B68     		ldr	r3, [r3]
 935 01b6 13F0010F 		tst	r3, #1
 936 01ba F5D1     		bne	.L116
 937              	.L115:
 938 01bc 0123     		movs	r3, #1
 939 01be 84F83530 		strb	r3, [r4, #53]
 940 01c2 0023     		movs	r3, #0
 941 01c4 84F83430 		strb	r3, [r4, #52]
 942              	.L114:
 943 01c8 E36C     		ldr	r3, [r4, #76]
 944 01ca 0BB1     		cbz	r3, .L97
 945 01cc 2046     		mov	r0, r4
 946 01ce 9847     		blx	r3
 947              	.L97:
 948 01d0 03B0     		add	sp, sp, #12
 949              		@ sp needed
 950 01d2 F0BD     		pop	{r4, r5, r6, r7, pc}
 951              	.L121:
 952              		.align	2
 953              	.L120:
 954 01d4 00000000 		.word	SystemCoreClock
 955 01d8 B5814E1B 		.word	458129845
 957              		.section	.text.HAL_DMA_RegisterCallback,"ax",%progbits
 958              		.align	1
 959              		.global	HAL_DMA_RegisterCallback
 960              		.syntax unified
 961              		.thumb
 962              		.thumb_func
 963              		.fpu fpv4-sp-d16
 965              	HAL_DMA_RegisterCallback:
 966              		@ args = 0, pretend = 0, frame = 0
 967              		@ frame_needed = 0, uses_anonymous_args = 0
 968              		@ link register save eliminated.
 969 0000 0346     		mov	r3, r0
 970 0002 90F83400 		ldrb	r0, [r0, #52]	@ zero_extendqisi2
 971 0006 0128     		cmp	r0, #1
 972 0008 27D0     		beq	.L132
 973 000a 0120     		movs	r0, #1
 974 000c 83F83400 		strb	r0, [r3, #52]
 975 0010 93F83500 		ldrb	r0, [r3, #53]	@ zero_extendqisi2
 976 0014 C0B2     		uxtb	r0, r0
 977 0016 0128     		cmp	r0, #1
 978 0018 04D0     		beq	.L135
 979 001a 0120     		movs	r0, #1
 980              	.L124:
 981 001c 0022     		movs	r2, #0
 982 001e 83F83420 		strb	r2, [r3, #52]
 983 0022 7047     		bx	lr
 984              	.L135:
 985 0024 0529     		cmp	r1, #5
 986 0026 16D8     		bhi	.L134
 987 0028 DFE801F0 		tbb	[pc, r1]
 988              	.L126:
 989 002c 03       		.byte	(.L131-.L126)/2
 990 002d 06       		.byte	(.L130-.L126)/2
 991 002e 09       		.byte	(.L129-.L126)/2
 992 002f 0C       		.byte	(.L128-.L126)/2
ARM GAS  /tmp/ccTHJPjQ.s 			page 18


 993 0030 0F       		.byte	(.L127-.L126)/2
 994 0031 12       		.byte	(.L125-.L126)/2
 995              		.p2align 1
 996              	.L131:
 997 0032 DA63     		str	r2, [r3, #60]
 998 0034 0846     		mov	r0, r1
 999 0036 F1E7     		b	.L124
 1000              	.L130:
 1001 0038 1A64     		str	r2, [r3, #64]
 1002 003a 0020     		movs	r0, #0
 1003 003c EEE7     		b	.L124
 1004              	.L129:
 1005 003e 5A64     		str	r2, [r3, #68]
 1006 0040 0020     		movs	r0, #0
 1007 0042 EBE7     		b	.L124
 1008              	.L128:
 1009 0044 9A64     		str	r2, [r3, #72]
 1010 0046 0020     		movs	r0, #0
 1011 0048 E8E7     		b	.L124
 1012              	.L127:
 1013 004a DA64     		str	r2, [r3, #76]
 1014 004c 0020     		movs	r0, #0
 1015 004e E5E7     		b	.L124
 1016              	.L125:
 1017 0050 1A65     		str	r2, [r3, #80]
 1018 0052 0020     		movs	r0, #0
 1019 0054 E2E7     		b	.L124
 1020              	.L134:
 1021 0056 0020     		movs	r0, #0
 1022 0058 E0E7     		b	.L124
 1023              	.L132:
 1024 005a 0220     		movs	r0, #2
 1025 005c 7047     		bx	lr
 1027              		.section	.text.HAL_DMA_UnRegisterCallback,"ax",%progbits
 1028              		.align	1
 1029              		.global	HAL_DMA_UnRegisterCallback
 1030              		.syntax unified
 1031              		.thumb
 1032              		.thumb_func
 1033              		.fpu fpv4-sp-d16
 1035              	HAL_DMA_UnRegisterCallback:
 1036              		@ args = 0, pretend = 0, frame = 0
 1037              		@ frame_needed = 0, uses_anonymous_args = 0
 1038              		@ link register save eliminated.
 1039 0000 0346     		mov	r3, r0
 1040 0002 90F83420 		ldrb	r2, [r0, #52]	@ zero_extendqisi2
 1041 0006 012A     		cmp	r2, #1
 1042 0008 2FD0     		beq	.L147
 1043 000a 0122     		movs	r2, #1
 1044 000c 80F83420 		strb	r2, [r0, #52]
 1045 0010 90F83500 		ldrb	r0, [r0, #53]	@ zero_extendqisi2
 1046 0014 C0B2     		uxtb	r0, r0
 1047 0016 9042     		cmp	r0, r2
 1048 0018 04D0     		beq	.L149
 1049 001a 0120     		movs	r0, #1
 1050              	.L138:
 1051 001c 0022     		movs	r2, #0
ARM GAS  /tmp/ccTHJPjQ.s 			page 19


 1052 001e 83F83420 		strb	r2, [r3, #52]
 1053 0022 7047     		bx	lr
 1054              	.L149:
 1055 0024 0629     		cmp	r1, #6
 1056 0026 F9D8     		bhi	.L138
 1057 0028 DFE801F0 		tbb	[pc, r1]
 1058              	.L140:
 1059 002c 04       		.byte	(.L146-.L140)/2
 1060 002d 08       		.byte	(.L145-.L140)/2
 1061 002e 0B       		.byte	(.L144-.L140)/2
 1062 002f 0E       		.byte	(.L143-.L140)/2
 1063 0030 11       		.byte	(.L142-.L140)/2
 1064 0031 14       		.byte	(.L141-.L140)/2
 1065 0032 17       		.byte	(.L139-.L140)/2
 1066 0033 00       		.p2align 1
 1067              	.L146:
 1068 0034 0022     		movs	r2, #0
 1069 0036 DA63     		str	r2, [r3, #60]
 1070 0038 0846     		mov	r0, r1
 1071 003a EFE7     		b	.L138
 1072              	.L145:
 1073 003c 0020     		movs	r0, #0
 1074 003e 1864     		str	r0, [r3, #64]
 1075 0040 ECE7     		b	.L138
 1076              	.L144:
 1077 0042 0020     		movs	r0, #0
 1078 0044 5864     		str	r0, [r3, #68]
 1079 0046 E9E7     		b	.L138
 1080              	.L143:
 1081 0048 0020     		movs	r0, #0
 1082 004a 9864     		str	r0, [r3, #72]
 1083 004c E6E7     		b	.L138
 1084              	.L142:
 1085 004e 0020     		movs	r0, #0
 1086 0050 D864     		str	r0, [r3, #76]
 1087 0052 E3E7     		b	.L138
 1088              	.L141:
 1089 0054 0020     		movs	r0, #0
 1090 0056 1865     		str	r0, [r3, #80]
 1091 0058 E0E7     		b	.L138
 1092              	.L139:
 1093 005a 0020     		movs	r0, #0
 1094 005c D863     		str	r0, [r3, #60]
 1095 005e 1864     		str	r0, [r3, #64]
 1096 0060 5864     		str	r0, [r3, #68]
 1097 0062 9864     		str	r0, [r3, #72]
 1098 0064 D864     		str	r0, [r3, #76]
 1099 0066 1865     		str	r0, [r3, #80]
 1100 0068 D8E7     		b	.L138
 1101              	.L147:
 1102 006a 0220     		movs	r0, #2
 1103 006c 7047     		bx	lr
 1105              		.section	.text.HAL_DMA_GetState,"ax",%progbits
 1106              		.align	1
 1107              		.global	HAL_DMA_GetState
 1108              		.syntax unified
 1109              		.thumb
ARM GAS  /tmp/ccTHJPjQ.s 			page 20


 1110              		.thumb_func
 1111              		.fpu fpv4-sp-d16
 1113              	HAL_DMA_GetState:
 1114              		@ args = 0, pretend = 0, frame = 0
 1115              		@ frame_needed = 0, uses_anonymous_args = 0
 1116              		@ link register save eliminated.
 1117 0000 90F83500 		ldrb	r0, [r0, #53]	@ zero_extendqisi2
 1118 0004 7047     		bx	lr
 1120              		.section	.text.HAL_DMA_GetError,"ax",%progbits
 1121              		.align	1
 1122              		.global	HAL_DMA_GetError
 1123              		.syntax unified
 1124              		.thumb
 1125              		.thumb_func
 1126              		.fpu fpv4-sp-d16
 1128              	HAL_DMA_GetError:
 1129              		@ args = 0, pretend = 0, frame = 0
 1130              		@ frame_needed = 0, uses_anonymous_args = 0
 1131              		@ link register save eliminated.
 1132 0000 406D     		ldr	r0, [r0, #84]
 1133 0002 7047     		bx	lr
 1135              		.section	.rodata.flagBitshiftOffset.0,"a"
 1136              		.align	2
 1137              		.set	.LANCHOR0,. + 0
 1140              	flagBitshiftOffset.0:
 1141 0000 00061016 		.ascii	"\000\006\020\026\000\006\020\026"
 1141      00061016 
 1142              		.ident	"GCC: (GNU Arm Embedded Toolchain 10.3-2021.07) 10.3.1 20210621 (release)"
ARM GAS  /tmp/ccTHJPjQ.s 			page 21


DEFINED SYMBOLS
                            *ABS*:0000000000000000 stm32f4xx_hal_dma.c
     /tmp/ccTHJPjQ.s:16     .text.DMA_SetConfig:0000000000000000 $t
     /tmp/ccTHJPjQ.s:23     .text.DMA_SetConfig:0000000000000000 DMA_SetConfig
     /tmp/ccTHJPjQ.s:52     .text.DMA_CalcBaseAndBitshift:0000000000000000 $t
     /tmp/ccTHJPjQ.s:58     .text.DMA_CalcBaseAndBitshift:0000000000000000 DMA_CalcBaseAndBitshift
     /tmp/ccTHJPjQ.s:90     .text.DMA_CalcBaseAndBitshift:000000000000003c $d
     /tmp/ccTHJPjQ.s:94     .text.DMA_CheckFifoParam:0000000000000000 $t
     /tmp/ccTHJPjQ.s:100    .text.DMA_CheckFifoParam:0000000000000000 DMA_CheckFifoParam
     /tmp/ccTHJPjQ.s:143    .text.DMA_CheckFifoParam:000000000000004e $d
     /tmp/ccTHJPjQ.s:147    .text.DMA_CheckFifoParam:0000000000000052 $t
     /tmp/ccTHJPjQ.s:189    .text.HAL_DMA_Init:0000000000000000 $t
     /tmp/ccTHJPjQ.s:196    .text.HAL_DMA_Init:0000000000000000 HAL_DMA_Init
     /tmp/ccTHJPjQ.s:298    .text.HAL_DMA_Init:00000000000000c8 $d
     /tmp/ccTHJPjQ.s:301    .text.HAL_DMA_DeInit:0000000000000000 $t
     /tmp/ccTHJPjQ.s:308    .text.HAL_DMA_DeInit:0000000000000000 HAL_DMA_DeInit
     /tmp/ccTHJPjQ.s:360    .text.HAL_DMA_Start:0000000000000000 $t
     /tmp/ccTHJPjQ.s:367    .text.HAL_DMA_Start:0000000000000000 HAL_DMA_Start
     /tmp/ccTHJPjQ.s:404    .text.HAL_DMA_Start_IT:0000000000000000 $t
     /tmp/ccTHJPjQ.s:411    .text.HAL_DMA_Start_IT:0000000000000000 HAL_DMA_Start_IT
     /tmp/ccTHJPjQ.s:464    .text.HAL_DMA_Abort:0000000000000000 $t
     /tmp/ccTHJPjQ.s:471    .text.HAL_DMA_Abort:0000000000000000 HAL_DMA_Abort
     /tmp/ccTHJPjQ.s:544    .text.HAL_DMA_Abort_IT:0000000000000000 $t
     /tmp/ccTHJPjQ.s:551    .text.HAL_DMA_Abort_IT:0000000000000000 HAL_DMA_Abort_IT
     /tmp/ccTHJPjQ.s:574    .text.HAL_DMA_PollForTransfer:0000000000000000 $t
     /tmp/ccTHJPjQ.s:581    .text.HAL_DMA_PollForTransfer:0000000000000000 HAL_DMA_PollForTransfer
     /tmp/ccTHJPjQ.s:719    .text.HAL_DMA_IRQHandler:0000000000000000 $t
     /tmp/ccTHJPjQ.s:726    .text.HAL_DMA_IRQHandler:0000000000000000 HAL_DMA_IRQHandler
     /tmp/ccTHJPjQ.s:954    .text.HAL_DMA_IRQHandler:00000000000001d4 $d
     /tmp/ccTHJPjQ.s:958    .text.HAL_DMA_RegisterCallback:0000000000000000 $t
     /tmp/ccTHJPjQ.s:965    .text.HAL_DMA_RegisterCallback:0000000000000000 HAL_DMA_RegisterCallback
     /tmp/ccTHJPjQ.s:989    .text.HAL_DMA_RegisterCallback:000000000000002c $d
     /tmp/ccTHJPjQ.s:995    .text.HAL_DMA_RegisterCallback:0000000000000032 $t
     /tmp/ccTHJPjQ.s:1028   .text.HAL_DMA_UnRegisterCallback:0000000000000000 $t
     /tmp/ccTHJPjQ.s:1035   .text.HAL_DMA_UnRegisterCallback:0000000000000000 HAL_DMA_UnRegisterCallback
     /tmp/ccTHJPjQ.s:1059   .text.HAL_DMA_UnRegisterCallback:000000000000002c $d
     /tmp/ccTHJPjQ.s:1106   .text.HAL_DMA_GetState:0000000000000000 $t
     /tmp/ccTHJPjQ.s:1113   .text.HAL_DMA_GetState:0000000000000000 HAL_DMA_GetState
     /tmp/ccTHJPjQ.s:1121   .text.HAL_DMA_GetError:0000000000000000 $t
     /tmp/ccTHJPjQ.s:1128   .text.HAL_DMA_GetError:0000000000000000 HAL_DMA_GetError
     /tmp/ccTHJPjQ.s:1136   .rodata.flagBitshiftOffset.0:0000000000000000 $d
     /tmp/ccTHJPjQ.s:1140   .rodata.flagBitshiftOffset.0:0000000000000000 flagBitshiftOffset.0
     /tmp/ccTHJPjQ.s:1066   .text.HAL_DMA_UnRegisterCallback:0000000000000033 $d
     /tmp/ccTHJPjQ.s:1066   .text.HAL_DMA_UnRegisterCallback:0000000000000034 $t

UNDEFINED SYMBOLS
HAL_GetTick
SystemCoreClock
