ARM GAS  /tmp/ccCNmJBA.s 			page 1


   1              		.cpu cortex-m4
   2              		.eabi_attribute 27, 1
   3              		.eabi_attribute 28, 1
   4              		.eabi_attribute 20, 1
   5              		.eabi_attribute 21, 1
   6              		.eabi_attribute 23, 3
   7              		.eabi_attribute 24, 1
   8              		.eabi_attribute 25, 1
   9              		.eabi_attribute 26, 1
  10              		.eabi_attribute 30, 1
  11              		.eabi_attribute 34, 1
  12              		.eabi_attribute 18, 4
  13              		.file	"stm32f4xx_hal_pwr_ex.c"
  14              		.text
  15              		.section	.text.HAL_PWREx_EnableBkUpReg,"ax",%progbits
  16              		.align	1
  17              		.global	HAL_PWREx_EnableBkUpReg
  18              		.arch armv7e-m
  19              		.syntax unified
  20              		.thumb
  21              		.thumb_func
  22              		.fpu fpv4-sp-d16
  24              	HAL_PWREx_EnableBkUpReg:
  25              		@ args = 0, pretend = 0, frame = 0
  26              		@ frame_needed = 0, uses_anonymous_args = 0
  27 0000 10B5     		push	{r4, lr}
  28 0002 0B4B     		ldr	r3, .L8
  29 0004 0122     		movs	r2, #1
  30 0006 C3F8A420 		str	r2, [r3, #164]
  31 000a FFF7FEFF 		bl	HAL_GetTick
  32 000e 0446     		mov	r4, r0
  33              	.L2:
  34 0010 084B     		ldr	r3, .L8+4
  35 0012 5B68     		ldr	r3, [r3, #4]
  36 0014 13F0080F 		tst	r3, #8
  37 0018 07D1     		bne	.L7
  38 001a FFF7FEFF 		bl	HAL_GetTick
  39 001e 001B     		subs	r0, r0, r4
  40 0020 B0F57A7F 		cmp	r0, #1000
  41 0024 F4D9     		bls	.L2
  42 0026 0320     		movs	r0, #3
  43 0028 00E0     		b	.L3
  44              	.L7:
  45 002a 0020     		movs	r0, #0
  46              	.L3:
  47 002c 10BD     		pop	{r4, pc}
  48              	.L9:
  49 002e 00BF     		.align	2
  50              	.L8:
  51 0030 00000E42 		.word	1108213760
  52 0034 00700040 		.word	1073770496
  54              		.section	.text.HAL_PWREx_DisableBkUpReg,"ax",%progbits
  55              		.align	1
  56              		.global	HAL_PWREx_DisableBkUpReg
  57              		.syntax unified
  58              		.thumb
  59              		.thumb_func
ARM GAS  /tmp/ccCNmJBA.s 			page 2


  60              		.fpu fpv4-sp-d16
  62              	HAL_PWREx_DisableBkUpReg:
  63              		@ args = 0, pretend = 0, frame = 0
  64              		@ frame_needed = 0, uses_anonymous_args = 0
  65 0000 10B5     		push	{r4, lr}
  66 0002 0B4B     		ldr	r3, .L17
  67 0004 0022     		movs	r2, #0
  68 0006 C3F8A420 		str	r2, [r3, #164]
  69 000a FFF7FEFF 		bl	HAL_GetTick
  70 000e 0446     		mov	r4, r0
  71              	.L11:
  72 0010 084B     		ldr	r3, .L17+4
  73 0012 5B68     		ldr	r3, [r3, #4]
  74 0014 13F0080F 		tst	r3, #8
  75 0018 07D0     		beq	.L16
  76 001a FFF7FEFF 		bl	HAL_GetTick
  77 001e 001B     		subs	r0, r0, r4
  78 0020 B0F57A7F 		cmp	r0, #1000
  79 0024 F4D9     		bls	.L11
  80 0026 0320     		movs	r0, #3
  81 0028 00E0     		b	.L12
  82              	.L16:
  83 002a 0020     		movs	r0, #0
  84              	.L12:
  85 002c 10BD     		pop	{r4, pc}
  86              	.L18:
  87 002e 00BF     		.align	2
  88              	.L17:
  89 0030 00000E42 		.word	1108213760
  90 0034 00700040 		.word	1073770496
  92              		.section	.text.HAL_PWREx_EnableFlashPowerDown,"ax",%progbits
  93              		.align	1
  94              		.global	HAL_PWREx_EnableFlashPowerDown
  95              		.syntax unified
  96              		.thumb
  97              		.thumb_func
  98              		.fpu fpv4-sp-d16
 100              	HAL_PWREx_EnableFlashPowerDown:
 101              		@ args = 0, pretend = 0, frame = 0
 102              		@ frame_needed = 0, uses_anonymous_args = 0
 103              		@ link register save eliminated.
 104 0000 014B     		ldr	r3, .L20
 105 0002 0122     		movs	r2, #1
 106 0004 5A62     		str	r2, [r3, #36]
 107 0006 7047     		bx	lr
 108              	.L21:
 109              		.align	2
 110              	.L20:
 111 0008 00000E42 		.word	1108213760
 113              		.section	.text.HAL_PWREx_DisableFlashPowerDown,"ax",%progbits
 114              		.align	1
 115              		.global	HAL_PWREx_DisableFlashPowerDown
 116              		.syntax unified
 117              		.thumb
 118              		.thumb_func
 119              		.fpu fpv4-sp-d16
 121              	HAL_PWREx_DisableFlashPowerDown:
ARM GAS  /tmp/ccCNmJBA.s 			page 3


 122              		@ args = 0, pretend = 0, frame = 0
 123              		@ frame_needed = 0, uses_anonymous_args = 0
 124              		@ link register save eliminated.
 125 0000 014B     		ldr	r3, .L23
 126 0002 0022     		movs	r2, #0
 127 0004 5A62     		str	r2, [r3, #36]
 128 0006 7047     		bx	lr
 129              	.L24:
 130              		.align	2
 131              	.L23:
 132 0008 00000E42 		.word	1108213760
 134              		.section	.text.HAL_PWREx_GetVoltageRange,"ax",%progbits
 135              		.align	1
 136              		.global	HAL_PWREx_GetVoltageRange
 137              		.syntax unified
 138              		.thumb
 139              		.thumb_func
 140              		.fpu fpv4-sp-d16
 142              	HAL_PWREx_GetVoltageRange:
 143              		@ args = 0, pretend = 0, frame = 0
 144              		@ frame_needed = 0, uses_anonymous_args = 0
 145              		@ link register save eliminated.
 146 0000 024B     		ldr	r3, .L26
 147 0002 1868     		ldr	r0, [r3]
 148 0004 00F48040 		and	r0, r0, #16384
 149 0008 7047     		bx	lr
 150              	.L27:
 151 000a 00BF     		.align	2
 152              	.L26:
 153 000c 00700040 		.word	1073770496
 155              		.section	.text.HAL_PWREx_ControlVoltageScaling,"ax",%progbits
 156              		.align	1
 157              		.global	HAL_PWREx_ControlVoltageScaling
 158              		.syntax unified
 159              		.thumb
 160              		.thumb_func
 161              		.fpu fpv4-sp-d16
 163              	HAL_PWREx_ControlVoltageScaling:
 164              		@ args = 0, pretend = 0, frame = 8
 165              		@ frame_needed = 0, uses_anonymous_args = 0
 166 0000 10B5     		push	{r4, lr}
 167 0002 82B0     		sub	sp, sp, #8
 168 0004 0024     		movs	r4, #0
 169 0006 0094     		str	r4, [sp]
 170 0008 144A     		ldr	r2, .L35
 171 000a 116C     		ldr	r1, [r2, #64]
 172 000c 41F08051 		orr	r1, r1, #268435456
 173 0010 1164     		str	r1, [r2, #64]
 174 0012 126C     		ldr	r2, [r2, #64]
 175 0014 02F08052 		and	r2, r2, #268435456
 176 0018 0092     		str	r2, [sp]
 177 001a 009B     		ldr	r3, [sp]
 178 001c 0194     		str	r4, [sp, #4]
 179 001e 104A     		ldr	r2, .L35+4
 180 0020 1368     		ldr	r3, [r2]
 181 0022 23F48043 		bic	r3, r3, #16384
 182 0026 0343     		orrs	r3, r3, r0
ARM GAS  /tmp/ccCNmJBA.s 			page 4


 183 0028 1360     		str	r3, [r2]
 184 002a 1368     		ldr	r3, [r2]
 185 002c 03F48043 		and	r3, r3, #16384
 186 0030 0193     		str	r3, [sp, #4]
 187 0032 019B     		ldr	r3, [sp, #4]
 188 0034 FFF7FEFF 		bl	HAL_GetTick
 189 0038 0446     		mov	r4, r0
 190              	.L29:
 191 003a 094B     		ldr	r3, .L35+4
 192 003c 5B68     		ldr	r3, [r3, #4]
 193 003e 13F4804F 		tst	r3, #16384
 194 0042 07D1     		bne	.L34
 195 0044 FFF7FEFF 		bl	HAL_GetTick
 196 0048 001B     		subs	r0, r0, r4
 197 004a B0F57A7F 		cmp	r0, #1000
 198 004e F4D9     		bls	.L29
 199 0050 0320     		movs	r0, #3
 200 0052 00E0     		b	.L30
 201              	.L34:
 202 0054 0020     		movs	r0, #0
 203              	.L30:
 204 0056 02B0     		add	sp, sp, #8
 205              		@ sp needed
 206 0058 10BD     		pop	{r4, pc}
 207              	.L36:
 208 005a 00BF     		.align	2
 209              	.L35:
 210 005c 00380240 		.word	1073887232
 211 0060 00700040 		.word	1073770496
 213              		.ident	"GCC: (GNU Arm Embedded Toolchain 10.3-2021.07) 10.3.1 20210621 (release)"
ARM GAS  /tmp/ccCNmJBA.s 			page 5


DEFINED SYMBOLS
                            *ABS*:0000000000000000 stm32f4xx_hal_pwr_ex.c
     /tmp/ccCNmJBA.s:16     .text.HAL_PWREx_EnableBkUpReg:0000000000000000 $t
     /tmp/ccCNmJBA.s:24     .text.HAL_PWREx_EnableBkUpReg:0000000000000000 HAL_PWREx_EnableBkUpReg
     /tmp/ccCNmJBA.s:51     .text.HAL_PWREx_EnableBkUpReg:0000000000000030 $d
     /tmp/ccCNmJBA.s:55     .text.HAL_PWREx_DisableBkUpReg:0000000000000000 $t
     /tmp/ccCNmJBA.s:62     .text.HAL_PWREx_DisableBkUpReg:0000000000000000 HAL_PWREx_DisableBkUpReg
     /tmp/ccCNmJBA.s:89     .text.HAL_PWREx_DisableBkUpReg:0000000000000030 $d
     /tmp/ccCNmJBA.s:93     .text.HAL_PWREx_EnableFlashPowerDown:0000000000000000 $t
     /tmp/ccCNmJBA.s:100    .text.HAL_PWREx_EnableFlashPowerDown:0000000000000000 HAL_PWREx_EnableFlashPowerDown
     /tmp/ccCNmJBA.s:111    .text.HAL_PWREx_EnableFlashPowerDown:0000000000000008 $d
     /tmp/ccCNmJBA.s:114    .text.HAL_PWREx_DisableFlashPowerDown:0000000000000000 $t
     /tmp/ccCNmJBA.s:121    .text.HAL_PWREx_DisableFlashPowerDown:0000000000000000 HAL_PWREx_DisableFlashPowerDown
     /tmp/ccCNmJBA.s:132    .text.HAL_PWREx_DisableFlashPowerDown:0000000000000008 $d
     /tmp/ccCNmJBA.s:135    .text.HAL_PWREx_GetVoltageRange:0000000000000000 $t
     /tmp/ccCNmJBA.s:142    .text.HAL_PWREx_GetVoltageRange:0000000000000000 HAL_PWREx_GetVoltageRange
     /tmp/ccCNmJBA.s:153    .text.HAL_PWREx_GetVoltageRange:000000000000000c $d
     /tmp/ccCNmJBA.s:156    .text.HAL_PWREx_ControlVoltageScaling:0000000000000000 $t
     /tmp/ccCNmJBA.s:163    .text.HAL_PWREx_ControlVoltageScaling:0000000000000000 HAL_PWREx_ControlVoltageScaling
     /tmp/ccCNmJBA.s:210    .text.HAL_PWREx_ControlVoltageScaling:000000000000005c $d

UNDEFINED SYMBOLS
HAL_GetTick
