ARM GAS  /tmp/ccyA5Iv4.s 			page 1


   1              		.cpu cortex-m4
   2              		.eabi_attribute 27, 1
   3              		.eabi_attribute 28, 1
   4              		.eabi_attribute 20, 1
   5              		.eabi_attribute 21, 1
   6              		.eabi_attribute 23, 3
   7              		.eabi_attribute 24, 1
   8              		.eabi_attribute 25, 1
   9              		.eabi_attribute 26, 1
  10              		.eabi_attribute 30, 1
  11              		.eabi_attribute 34, 1
  12              		.eabi_attribute 18, 4
  13              		.file	"system_stm32f4xx.c"
  14              		.text
  15              		.section	.text.SystemInit,"ax",%progbits
  16              		.align	1
  17              		.global	SystemInit
  18              		.arch armv7e-m
  19              		.syntax unified
  20              		.thumb
  21              		.thumb_func
  22              		.fpu fpv4-sp-d16
  24              	SystemInit:
  25              		@ args = 0, pretend = 0, frame = 0
  26              		@ frame_needed = 0, uses_anonymous_args = 0
  27              		@ link register save eliminated.
  28 0000 034A     		ldr	r2, .L2
  29 0002 D2F88830 		ldr	r3, [r2, #136]
  30 0006 43F47003 		orr	r3, r3, #15728640
  31 000a C2F88830 		str	r3, [r2, #136]
  32 000e 7047     		bx	lr
  33              	.L3:
  34              		.align	2
  35              	.L2:
  36 0010 00ED00E0 		.word	-536810240
  38              		.section	.text.SystemCoreClockUpdate,"ax",%progbits
  39              		.align	1
  40              		.global	SystemCoreClockUpdate
  41              		.syntax unified
  42              		.thumb
  43              		.thumb_func
  44              		.fpu fpv4-sp-d16
  46              	SystemCoreClockUpdate:
  47              		@ args = 0, pretend = 0, frame = 0
  48              		@ frame_needed = 0, uses_anonymous_args = 0
  49              		@ link register save eliminated.
  50 0000 224B     		ldr	r3, .L12
  51 0002 9B68     		ldr	r3, [r3, #8]
  52 0004 03F00C03 		and	r3, r3, #12
  53 0008 042B     		cmp	r3, #4
  54 000a 14D0     		beq	.L5
  55 000c 082B     		cmp	r3, #8
  56 000e 16D0     		beq	.L6
  57 0010 1BB1     		cbz	r3, .L11
  58 0012 1F4B     		ldr	r3, .L12+4
  59 0014 1F4A     		ldr	r2, .L12+8
  60 0016 1A60     		str	r2, [r3]
ARM GAS  /tmp/ccyA5Iv4.s 			page 2


  61 0018 02E0     		b	.L8
  62              	.L11:
  63 001a 1D4B     		ldr	r3, .L12+4
  64 001c 1D4A     		ldr	r2, .L12+8
  65 001e 1A60     		str	r2, [r3]
  66              	.L8:
  67 0020 1A4B     		ldr	r3, .L12
  68 0022 9B68     		ldr	r3, [r3, #8]
  69 0024 C3F30313 		ubfx	r3, r3, #4, #4
  70 0028 1B4A     		ldr	r2, .L12+12
  71 002a D15C     		ldrb	r1, [r2, r3]	@ zero_extendqisi2
  72 002c 184A     		ldr	r2, .L12+4
  73 002e 1368     		ldr	r3, [r2]
  74 0030 CB40     		lsrs	r3, r3, r1
  75 0032 1360     		str	r3, [r2]
  76 0034 7047     		bx	lr
  77              	.L5:
  78 0036 164B     		ldr	r3, .L12+4
  79 0038 184A     		ldr	r2, .L12+16
  80 003a 1A60     		str	r2, [r3]
  81 003c F0E7     		b	.L8
  82              	.L6:
  83 003e 134B     		ldr	r3, .L12
  84 0040 5968     		ldr	r1, [r3, #4]
  85 0042 5A68     		ldr	r2, [r3, #4]
  86 0044 02F03F02 		and	r2, r2, #63
  87 0048 11F4800F 		tst	r1, #4194304
  88 004c 13D0     		beq	.L9
  89 004e 134B     		ldr	r3, .L12+16
  90 0050 B3FBF2F3 		udiv	r3, r3, r2
  91 0054 0D4A     		ldr	r2, .L12
  92 0056 5268     		ldr	r2, [r2, #4]
  93 0058 C2F38812 		ubfx	r2, r2, #6, #9
  94 005c 02FB03F3 		mul	r3, r2, r3
  95              	.L10:
  96 0060 0A4A     		ldr	r2, .L12
  97 0062 5268     		ldr	r2, [r2, #4]
  98 0064 C2F30142 		ubfx	r2, r2, #16, #2
  99 0068 0132     		adds	r2, r2, #1
 100 006a 5200     		lsls	r2, r2, #1
 101 006c B3FBF2F3 		udiv	r3, r3, r2
 102 0070 074A     		ldr	r2, .L12+4
 103 0072 1360     		str	r3, [r2]
 104 0074 D4E7     		b	.L8
 105              	.L9:
 106 0076 074B     		ldr	r3, .L12+8
 107 0078 B3FBF2F3 		udiv	r3, r3, r2
 108 007c 034A     		ldr	r2, .L12
 109 007e 5268     		ldr	r2, [r2, #4]
 110 0080 C2F38812 		ubfx	r2, r2, #6, #9
 111 0084 02FB03F3 		mul	r3, r2, r3
 112 0088 EAE7     		b	.L10
 113              	.L13:
 114 008a 00BF     		.align	2
 115              	.L12:
 116 008c 00380240 		.word	1073887232
 117 0090 00000000 		.word	.LANCHOR0
ARM GAS  /tmp/ccyA5Iv4.s 			page 3


 118 0094 0024F400 		.word	16000000
 119 0098 00000000 		.word	.LANCHOR1
 120 009c 00127A00 		.word	8000000
 122              		.global	APBPrescTable
 123              		.global	AHBPrescTable
 124              		.global	SystemCoreClock
 125              		.section	.data.SystemCoreClock,"aw"
 126              		.align	2
 127              		.set	.LANCHOR0,. + 0
 130              	SystemCoreClock:
 131 0000 0024F400 		.word	16000000
 132              		.section	.rodata.AHBPrescTable,"a"
 133              		.align	2
 134              		.set	.LANCHOR1,. + 0
 137              	AHBPrescTable:
 138 0000 00000000 		.ascii	"\000\000\000\000\000\000\000\000\001\002\003\004\006"
 138      00000000 
 138      01020304 
 138      06
 139 000d 070809   		.ascii	"\007\010\011"
 140              		.section	.rodata.APBPrescTable,"a"
 141              		.align	2
 144              	APBPrescTable:
 145 0000 00000000 		.ascii	"\000\000\000\000\001\002\003\004"
 145      01020304 
 146              		.ident	"GCC: (GNU Arm Embedded Toolchain 10.3-2021.07) 10.3.1 20210621 (release)"
ARM GAS  /tmp/ccyA5Iv4.s 			page 4


DEFINED SYMBOLS
                            *ABS*:0000000000000000 system_stm32f4xx.c
     /tmp/ccyA5Iv4.s:16     .text.SystemInit:0000000000000000 $t
     /tmp/ccyA5Iv4.s:24     .text.SystemInit:0000000000000000 SystemInit
     /tmp/ccyA5Iv4.s:36     .text.SystemInit:0000000000000010 $d
     /tmp/ccyA5Iv4.s:39     .text.SystemCoreClockUpdate:0000000000000000 $t
     /tmp/ccyA5Iv4.s:46     .text.SystemCoreClockUpdate:0000000000000000 SystemCoreClockUpdate
     /tmp/ccyA5Iv4.s:116    .text.SystemCoreClockUpdate:000000000000008c $d
     /tmp/ccyA5Iv4.s:144    .rodata.APBPrescTable:0000000000000000 APBPrescTable
     /tmp/ccyA5Iv4.s:137    .rodata.AHBPrescTable:0000000000000000 AHBPrescTable
     /tmp/ccyA5Iv4.s:130    .data.SystemCoreClock:0000000000000000 SystemCoreClock
     /tmp/ccyA5Iv4.s:126    .data.SystemCoreClock:0000000000000000 $d
     /tmp/ccyA5Iv4.s:133    .rodata.AHBPrescTable:0000000000000000 $d
     /tmp/ccyA5Iv4.s:141    .rodata.APBPrescTable:0000000000000000 $d

NO UNDEFINED SYMBOLS
