ARM GAS  /tmp/cctKrQgH.s 			page 1


   1              		.cpu cortex-m4
   2              		.eabi_attribute 27, 1
   3              		.eabi_attribute 28, 1
   4              		.eabi_attribute 20, 1
   5              		.eabi_attribute 21, 1
   6              		.eabi_attribute 23, 3
   7              		.eabi_attribute 24, 1
   8              		.eabi_attribute 25, 1
   9              		.eabi_attribute 26, 1
  10              		.eabi_attribute 30, 1
  11              		.eabi_attribute 34, 1
  12              		.eabi_attribute 18, 4
  13              		.file	"tim.c"
  14              		.text
  15              		.section	.text.HAL_TIM_PWM_MspInit,"ax",%progbits
  16              		.align	1
  17              		.global	HAL_TIM_PWM_MspInit
  18              		.arch armv7e-m
  19              		.syntax unified
  20              		.thumb
  21              		.thumb_func
  22              		.fpu fpv4-sp-d16
  24              	HAL_TIM_PWM_MspInit:
  25              		@ args = 0, pretend = 0, frame = 8
  26              		@ frame_needed = 0, uses_anonymous_args = 0
  27              		@ link register save eliminated.
  28 0000 0268     		ldr	r2, [r0]
  29 0002 094B     		ldr	r3, .L8
  30 0004 9A42     		cmp	r2, r3
  31 0006 00D0     		beq	.L7
  32 0008 7047     		bx	lr
  33              	.L7:
  34 000a 82B0     		sub	sp, sp, #8
  35 000c 0023     		movs	r3, #0
  36 000e 0193     		str	r3, [sp, #4]
  37 0010 064B     		ldr	r3, .L8+4
  38 0012 5A6C     		ldr	r2, [r3, #68]
  39 0014 42F00102 		orr	r2, r2, #1
  40 0018 5A64     		str	r2, [r3, #68]
  41 001a 5B6C     		ldr	r3, [r3, #68]
  42 001c 03F00103 		and	r3, r3, #1
  43 0020 0193     		str	r3, [sp, #4]
  44 0022 019B     		ldr	r3, [sp, #4]
  45 0024 02B0     		add	sp, sp, #8
  46              		@ sp needed
  47 0026 7047     		bx	lr
  48              	.L9:
  49              		.align	2
  50              	.L8:
  51 0028 00000140 		.word	1073807360
  52 002c 00380240 		.word	1073887232
  54              		.section	.text.HAL_TIM_MspPostInit,"ax",%progbits
  55              		.align	1
  56              		.global	HAL_TIM_MspPostInit
  57              		.syntax unified
  58              		.thumb
  59              		.thumb_func
ARM GAS  /tmp/cctKrQgH.s 			page 2


  60              		.fpu fpv4-sp-d16
  62              	HAL_TIM_MspPostInit:
  63              		@ args = 0, pretend = 0, frame = 24
  64              		@ frame_needed = 0, uses_anonymous_args = 0
  65 0000 00B5     		push	{lr}
  66 0002 87B0     		sub	sp, sp, #28
  67 0004 0023     		movs	r3, #0
  68 0006 0193     		str	r3, [sp, #4]
  69 0008 0293     		str	r3, [sp, #8]
  70 000a 0393     		str	r3, [sp, #12]
  71 000c 0493     		str	r3, [sp, #16]
  72 000e 0593     		str	r3, [sp, #20]
  73 0010 0268     		ldr	r2, [r0]
  74 0012 0F4B     		ldr	r3, .L14
  75 0014 9A42     		cmp	r2, r3
  76 0016 02D0     		beq	.L13
  77              	.L10:
  78 0018 07B0     		add	sp, sp, #28
  79              		@ sp needed
  80 001a 5DF804FB 		ldr	pc, [sp], #4
  81              	.L13:
  82 001e 0023     		movs	r3, #0
  83 0020 0093     		str	r3, [sp]
  84 0022 0C4B     		ldr	r3, .L14+4
  85 0024 1A6B     		ldr	r2, [r3, #48]
  86 0026 42F01002 		orr	r2, r2, #16
  87 002a 1A63     		str	r2, [r3, #48]
  88 002c 1B6B     		ldr	r3, [r3, #48]
  89 002e 03F01003 		and	r3, r3, #16
  90 0032 0093     		str	r3, [sp]
  91 0034 009B     		ldr	r3, [sp]
  92 0036 4FF4D443 		mov	r3, #27136
  93 003a 0193     		str	r3, [sp, #4]
  94 003c 0223     		movs	r3, #2
  95 003e 0293     		str	r3, [sp, #8]
  96 0040 0123     		movs	r3, #1
  97 0042 0593     		str	r3, [sp, #20]
  98 0044 01A9     		add	r1, sp, #4
  99 0046 0448     		ldr	r0, .L14+8
 100 0048 FFF7FEFF 		bl	HAL_GPIO_Init
 101 004c E4E7     		b	.L10
 102              	.L15:
 103 004e 00BF     		.align	2
 104              	.L14:
 105 0050 00000140 		.word	1073807360
 106 0054 00380240 		.word	1073887232
 107 0058 00100240 		.word	1073876992
 109              		.section	.text.MX_TIM1_Init,"ax",%progbits
 110              		.align	1
 111              		.global	MX_TIM1_Init
 112              		.syntax unified
 113              		.thumb
 114              		.thumb_func
 115              		.fpu fpv4-sp-d16
 117              	MX_TIM1_Init:
 118              		@ args = 0, pretend = 0, frame = 72
 119              		@ frame_needed = 0, uses_anonymous_args = 0
ARM GAS  /tmp/cctKrQgH.s 			page 3


 120 0000 10B5     		push	{r4, lr}
 121 0002 92B0     		sub	sp, sp, #72
 122 0004 0024     		movs	r4, #0
 123 0006 1094     		str	r4, [sp, #64]
 124 0008 1194     		str	r4, [sp, #68]
 125 000a 0994     		str	r4, [sp, #36]
 126 000c 0A94     		str	r4, [sp, #40]
 127 000e 0B94     		str	r4, [sp, #44]
 128 0010 0C94     		str	r4, [sp, #48]
 129 0012 0D94     		str	r4, [sp, #52]
 130 0014 0E94     		str	r4, [sp, #56]
 131 0016 0F94     		str	r4, [sp, #60]
 132 0018 2022     		movs	r2, #32
 133 001a 2146     		mov	r1, r4
 134 001c 01A8     		add	r0, sp, #4
 135 001e FFF7FEFF 		bl	memset
 136 0022 3148     		ldr	r0, .L32
 137 0024 314B     		ldr	r3, .L32+4
 138 0026 0360     		str	r3, [r0]
 139 0028 A723     		movs	r3, #167
 140 002a 4360     		str	r3, [r0, #4]
 141 002c 8460     		str	r4, [r0, #8]
 142 002e 40F2E733 		movw	r3, #999
 143 0032 C360     		str	r3, [r0, #12]
 144 0034 0461     		str	r4, [r0, #16]
 145 0036 4461     		str	r4, [r0, #20]
 146 0038 8023     		movs	r3, #128
 147 003a 8361     		str	r3, [r0, #24]
 148 003c FFF7FEFF 		bl	HAL_TIM_PWM_Init
 149 0040 0028     		cmp	r0, #0
 150 0042 3CD1     		bne	.L25
 151              	.L17:
 152 0044 0023     		movs	r3, #0
 153 0046 1093     		str	r3, [sp, #64]
 154 0048 1193     		str	r3, [sp, #68]
 155 004a 10A9     		add	r1, sp, #64
 156 004c 2648     		ldr	r0, .L32
 157 004e FFF7FEFF 		bl	HAL_TIMEx_MasterConfigSynchronization
 158 0052 0028     		cmp	r0, #0
 159 0054 36D1     		bne	.L26
 160              	.L18:
 161 0056 6023     		movs	r3, #96
 162 0058 0993     		str	r3, [sp, #36]
 163 005a 0022     		movs	r2, #0
 164 005c 0A92     		str	r2, [sp, #40]
 165 005e 0B92     		str	r2, [sp, #44]
 166 0060 0C92     		str	r2, [sp, #48]
 167 0062 0D92     		str	r2, [sp, #52]
 168 0064 0E92     		str	r2, [sp, #56]
 169 0066 0F92     		str	r2, [sp, #60]
 170 0068 09A9     		add	r1, sp, #36
 171 006a 1F48     		ldr	r0, .L32
 172 006c FFF7FEFF 		bl	HAL_TIM_PWM_ConfigChannel
 173 0070 58BB     		cbnz	r0, .L27
 174              	.L19:
 175 0072 0422     		movs	r2, #4
 176 0074 09A9     		add	r1, sp, #36
ARM GAS  /tmp/cctKrQgH.s 			page 4


 177 0076 1C48     		ldr	r0, .L32
 178 0078 FFF7FEFF 		bl	HAL_TIM_PWM_ConfigChannel
 179 007c 40BB     		cbnz	r0, .L28
 180              	.L20:
 181 007e 0822     		movs	r2, #8
 182 0080 09A9     		add	r1, sp, #36
 183 0082 1948     		ldr	r0, .L32
 184 0084 FFF7FEFF 		bl	HAL_TIM_PWM_ConfigChannel
 185 0088 28BB     		cbnz	r0, .L29
 186              	.L21:
 187 008a 0C22     		movs	r2, #12
 188 008c 09A9     		add	r1, sp, #36
 189 008e 1648     		ldr	r0, .L32
 190 0090 FFF7FEFF 		bl	HAL_TIM_PWM_ConfigChannel
 191 0094 10BB     		cbnz	r0, .L30
 192              	.L22:
 193 0096 0023     		movs	r3, #0
 194 0098 0193     		str	r3, [sp, #4]
 195 009a 0293     		str	r3, [sp, #8]
 196 009c 0393     		str	r3, [sp, #12]
 197 009e 0493     		str	r3, [sp, #16]
 198 00a0 0593     		str	r3, [sp, #20]
 199 00a2 4FF40052 		mov	r2, #8192
 200 00a6 0692     		str	r2, [sp, #24]
 201 00a8 0893     		str	r3, [sp, #32]
 202 00aa 01A9     		add	r1, sp, #4
 203 00ac 0E48     		ldr	r0, .L32
 204 00ae FFF7FEFF 		bl	HAL_TIMEx_ConfigBreakDeadTime
 205 00b2 B0B9     		cbnz	r0, .L31
 206              	.L23:
 207 00b4 0C48     		ldr	r0, .L32
 208 00b6 FFF7FEFF 		bl	HAL_TIM_MspPostInit
 209 00ba 12B0     		add	sp, sp, #72
 210              		@ sp needed
 211 00bc 10BD     		pop	{r4, pc}
 212              	.L25:
 213 00be FFF7FEFF 		bl	Error_Handler
 214 00c2 BFE7     		b	.L17
 215              	.L26:
 216 00c4 FFF7FEFF 		bl	Error_Handler
 217 00c8 C5E7     		b	.L18
 218              	.L27:
 219 00ca FFF7FEFF 		bl	Error_Handler
 220 00ce D0E7     		b	.L19
 221              	.L28:
 222 00d0 FFF7FEFF 		bl	Error_Handler
 223 00d4 D3E7     		b	.L20
 224              	.L29:
 225 00d6 FFF7FEFF 		bl	Error_Handler
 226 00da D6E7     		b	.L21
 227              	.L30:
 228 00dc FFF7FEFF 		bl	Error_Handler
 229 00e0 D9E7     		b	.L22
 230              	.L31:
 231 00e2 FFF7FEFF 		bl	Error_Handler
 232 00e6 E5E7     		b	.L23
 233              	.L33:
ARM GAS  /tmp/cctKrQgH.s 			page 5


 234              		.align	2
 235              	.L32:
 236 00e8 00000000 		.word	.LANCHOR0
 237 00ec 00000140 		.word	1073807360
 239              		.section	.text.HAL_TIM_PWM_MspDeInit,"ax",%progbits
 240              		.align	1
 241              		.global	HAL_TIM_PWM_MspDeInit
 242              		.syntax unified
 243              		.thumb
 244              		.thumb_func
 245              		.fpu fpv4-sp-d16
 247              	HAL_TIM_PWM_MspDeInit:
 248              		@ args = 0, pretend = 0, frame = 0
 249              		@ frame_needed = 0, uses_anonymous_args = 0
 250              		@ link register save eliminated.
 251 0000 0268     		ldr	r2, [r0]
 252 0002 054B     		ldr	r3, .L37
 253 0004 9A42     		cmp	r2, r3
 254 0006 00D0     		beq	.L36
 255              	.L34:
 256 0008 7047     		bx	lr
 257              	.L36:
 258 000a 044A     		ldr	r2, .L37+4
 259 000c 536C     		ldr	r3, [r2, #68]
 260 000e 23F00103 		bic	r3, r3, #1
 261 0012 5364     		str	r3, [r2, #68]
 262 0014 F8E7     		b	.L34
 263              	.L38:
 264 0016 00BF     		.align	2
 265              	.L37:
 266 0018 00000140 		.word	1073807360
 267 001c 00380240 		.word	1073887232
 269              		.global	htim1
 270              		.section	.bss.htim1,"aw",%nobits
 271              		.align	2
 272              		.set	.LANCHOR0,. + 0
 275              	htim1:
 276 0000 00000000 		.space	72
 276      00000000 
 276      00000000 
 276      00000000 
 276      00000000 
 277              		.ident	"GCC: (GNU Arm Embedded Toolchain 10.3-2021.07) 10.3.1 20210621 (release)"
ARM GAS  /tmp/cctKrQgH.s 			page 6


DEFINED SYMBOLS
                            *ABS*:0000000000000000 tim.c
     /tmp/cctKrQgH.s:16     .text.HAL_TIM_PWM_MspInit:0000000000000000 $t
     /tmp/cctKrQgH.s:24     .text.HAL_TIM_PWM_MspInit:0000000000000000 HAL_TIM_PWM_MspInit
     /tmp/cctKrQgH.s:51     .text.HAL_TIM_PWM_MspInit:0000000000000028 $d
     /tmp/cctKrQgH.s:55     .text.HAL_TIM_MspPostInit:0000000000000000 $t
     /tmp/cctKrQgH.s:62     .text.HAL_TIM_MspPostInit:0000000000000000 HAL_TIM_MspPostInit
     /tmp/cctKrQgH.s:105    .text.HAL_TIM_MspPostInit:0000000000000050 $d
     /tmp/cctKrQgH.s:110    .text.MX_TIM1_Init:0000000000000000 $t
     /tmp/cctKrQgH.s:117    .text.MX_TIM1_Init:0000000000000000 MX_TIM1_Init
     /tmp/cctKrQgH.s:236    .text.MX_TIM1_Init:00000000000000e8 $d
     /tmp/cctKrQgH.s:240    .text.HAL_TIM_PWM_MspDeInit:0000000000000000 $t
     /tmp/cctKrQgH.s:247    .text.HAL_TIM_PWM_MspDeInit:0000000000000000 HAL_TIM_PWM_MspDeInit
     /tmp/cctKrQgH.s:266    .text.HAL_TIM_PWM_MspDeInit:0000000000000018 $d
     /tmp/cctKrQgH.s:275    .bss.htim1:0000000000000000 htim1
     /tmp/cctKrQgH.s:271    .bss.htim1:0000000000000000 $d

UNDEFINED SYMBOLS
HAL_GPIO_Init
memset
HAL_TIM_PWM_Init
HAL_TIMEx_MasterConfigSynchronization
HAL_TIM_PWM_ConfigChannel
HAL_TIMEx_ConfigBreakDeadTime
Error_Handler
